{"/home/marco/Área de Trabalho/driven/projeto-22/projeto22-geoQuiz-API/dist/src/config/database.js": {"path":"/home/marco/Área de Trabalho/driven/projeto-22/projeto22-geoQuiz-API/dist/src/config/database.js","statementMap":{"0":{"start":{"line":2,"column":19},"end":{"line":2,"column":35}},"1":{"start":{"line":3,"column":20},"end":{"line":3,"column":38}}},"fnMap":{},"branchMap":{},"s":{"0":5,"1":5},"f":{},"b":{},"inputSourceMap":null,"_coverageSchema":"1a1c01bbd47fc00a2c39e90264f33305004495a9","hash":"469fb1193248446315d7c9b66359be035baebada"}
,"/home/marco/Área de Trabalho/driven/projeto-22/projeto22-geoQuiz-API/dist/src/repositories/capitalsRepositories.js": {"path":"/home/marco/Área de Trabalho/driven/projeto-22/projeto22-geoQuiz-API/dist/src/repositories/capitalsRepositories.js","statementMap":{"0":{"start":{"line":1,"column":16},"end":{"line":9,"column":1}},"1":{"start":{"line":2,"column":28},"end":{"line":2,"column":110}},"2":{"start":{"line":2,"column":91},"end":{"line":2,"column":106}},"3":{"start":{"line":3,"column":4},"end":{"line":8,"column":7}},"4":{"start":{"line":4,"column":36},"end":{"line":4,"column":97}},"5":{"start":{"line":4,"column":42},"end":{"line":4,"column":70}},"6":{"start":{"line":4,"column":85},"end":{"line":4,"column":95}},"7":{"start":{"line":5,"column":35},"end":{"line":5,"column":100}},"8":{"start":{"line":5,"column":41},"end":{"line":5,"column":73}},"9":{"start":{"line":5,"column":88},"end":{"line":5,"column":98}},"10":{"start":{"line":6,"column":32},"end":{"line":6,"column":116}},"11":{"start":{"line":7,"column":8},"end":{"line":7,"column":78}},"12":{"start":{"line":10,"column":18},"end":{"line":36,"column":1}},"13":{"start":{"line":11,"column":12},"end":{"line":11,"column":104}},"14":{"start":{"line":11,"column":43},"end":{"line":11,"column":68}},"15":{"start":{"line":11,"column":57},"end":{"line":11,"column":68}},"16":{"start":{"line":11,"column":69},"end":{"line":11,"column":81}},"17":{"start":{"line":12,"column":4},"end":{"line":12,"column":157}},"18":{"start":{"line":12,"column":138},"end":{"line":12,"column":150}},"19":{"start":{"line":13,"column":23},"end":{"line":13,"column":68}},"20":{"start":{"line":13,"column":45},"end":{"line":13,"column":65}},"21":{"start":{"line":15,"column":8},"end":{"line":15,"column":70}},"22":{"start":{"line":15,"column":15},"end":{"line":15,"column":70}},"23":{"start":{"line":16,"column":8},"end":{"line":33,"column":66}},"24":{"start":{"line":16,"column":50},"end":{"line":33,"column":66}},"25":{"start":{"line":17,"column":12},"end":{"line":17,"column":169}},"26":{"start":{"line":17,"column":160},"end":{"line":17,"column":169}},"27":{"start":{"line":18,"column":12},"end":{"line":18,"column":52}},"28":{"start":{"line":18,"column":26},"end":{"line":18,"column":52}},"29":{"start":{"line":19,"column":12},"end":{"line":31,"column":13}},"30":{"start":{"line":20,"column":32},"end":{"line":20,"column":39}},"31":{"start":{"line":20,"column":40},"end":{"line":20,"column":46}},"32":{"start":{"line":21,"column":24},"end":{"line":21,"column":34}},"33":{"start":{"line":21,"column":35},"end":{"line":21,"column":72}},"34":{"start":{"line":22,"column":24},"end":{"line":22,"column":34}},"35":{"start":{"line":22,"column":35},"end":{"line":22,"column":45}},"36":{"start":{"line":22,"column":46},"end":{"line":22,"column":55}},"37":{"start":{"line":22,"column":56},"end":{"line":22,"column":65}},"38":{"start":{"line":23,"column":24},"end":{"line":23,"column":41}},"39":{"start":{"line":23,"column":42},"end":{"line":23,"column":55}},"40":{"start":{"line":23,"column":56},"end":{"line":23,"column":65}},"41":{"start":{"line":25,"column":20},"end":{"line":25,"column":128}},"42":{"start":{"line":25,"column":110},"end":{"line":25,"column":116}},"43":{"start":{"line":25,"column":117},"end":{"line":25,"column":126}},"44":{"start":{"line":26,"column":20},"end":{"line":26,"column":106}},"45":{"start":{"line":26,"column":81},"end":{"line":26,"column":97}},"46":{"start":{"line":26,"column":98},"end":{"line":26,"column":104}},"47":{"start":{"line":27,"column":20},"end":{"line":27,"column":89}},"48":{"start":{"line":27,"column":57},"end":{"line":27,"column":72}},"49":{"start":{"line":27,"column":73},"end":{"line":27,"column":80}},"50":{"start":{"line":27,"column":81},"end":{"line":27,"column":87}},"51":{"start":{"line":28,"column":20},"end":{"line":28,"column":87}},"52":{"start":{"line":28,"column":47},"end":{"line":28,"column":62}},"53":{"start":{"line":28,"column":63},"end":{"line":28,"column":78}},"54":{"start":{"line":28,"column":79},"end":{"line":28,"column":85}},"55":{"start":{"line":29,"column":20},"end":{"line":29,"column":42}},"56":{"start":{"line":29,"column":30},"end":{"line":29,"column":42}},"57":{"start":{"line":30,"column":20},"end":{"line":30,"column":33}},"58":{"start":{"line":30,"column":34},"end":{"line":30,"column":43}},"59":{"start":{"line":32,"column":12},"end":{"line":32,"column":39}},"60":{"start":{"line":33,"column":22},"end":{"line":33,"column":34}},"61":{"start":{"line":33,"column":35},"end":{"line":33,"column":41}},"62":{"start":{"line":33,"column":54},"end":{"line":33,"column":64}},"63":{"start":{"line":34,"column":8},"end":{"line":34,"column":35}},"64":{"start":{"line":34,"column":23},"end":{"line":34,"column":35}},"65":{"start":{"line":34,"column":36},"end":{"line":34,"column":89}},"66":{"start":{"line":39,"column":4},"end":{"line":61,"column":7}},"67":{"start":{"line":40,"column":8},"end":{"line":60,"column":11}},"68":{"start":{"line":41,"column":12},"end":{"line":59,"column":13}},"69":{"start":{"line":42,"column":24},"end":{"line":57,"column":24}},"70":{"start":{"line":58,"column":24},"end":{"line":58,"column":57}},"71":{"start":{"line":64,"column":4},"end":{"line":73,"column":7}},"72":{"start":{"line":65,"column":8},"end":{"line":72,"column":11}},"73":{"start":{"line":66,"column":12},"end":{"line":71,"column":13}},"74":{"start":{"line":67,"column":24},"end":{"line":69,"column":24}},"75":{"start":{"line":70,"column":24},"end":{"line":70,"column":57}}},"fnMap":{"0":{"name":"(anonymous_0)","decl":{"start":{"line":1,"column":44},"end":{"line":1,"column":45}},"loc":{"start":{"line":1,"column":89},"end":{"line":9,"column":1}},"line":1},"1":{"name":"adopt","decl":{"start":{"line":2,"column":13},"end":{"line":2,"column":18}},"loc":{"start":{"line":2,"column":26},"end":{"line":2,"column":112}},"line":2},"2":{"name":"(anonymous_2)","decl":{"start":{"line":2,"column":70},"end":{"line":2,"column":71}},"loc":{"start":{"line":2,"column":89},"end":{"line":2,"column":108}},"line":2},"3":{"name":"(anonymous_3)","decl":{"start":{"line":3,"column":36},"end":{"line":3,"column":37}},"loc":{"start":{"line":3,"column":63},"end":{"line":8,"column":5}},"line":3},"4":{"name":"fulfilled","decl":{"start":{"line":4,"column":17},"end":{"line":4,"column":26}},"loc":{"start":{"line":4,"column":34},"end":{"line":4,"column":99}},"line":4},"5":{"name":"rejected","decl":{"start":{"line":5,"column":17},"end":{"line":5,"column":25}},"loc":{"start":{"line":5,"column":33},"end":{"line":5,"column":102}},"line":5},"6":{"name":"step","decl":{"start":{"line":6,"column":17},"end":{"line":6,"column":21}},"loc":{"start":{"line":6,"column":30},"end":{"line":6,"column":118}},"line":6},"7":{"name":"(anonymous_7)","decl":{"start":{"line":10,"column":48},"end":{"line":10,"column":49}},"loc":{"start":{"line":10,"column":73},"end":{"line":36,"column":1}},"line":10},"8":{"name":"(anonymous_8)","decl":{"start":{"line":11,"column":30},"end":{"line":11,"column":31}},"loc":{"start":{"line":11,"column":41},"end":{"line":11,"column":83}},"line":11},"9":{"name":"(anonymous_9)","decl":{"start":{"line":12,"column":125},"end":{"line":12,"column":126}},"loc":{"start":{"line":12,"column":136},"end":{"line":12,"column":152}},"line":12},"10":{"name":"verb","decl":{"start":{"line":13,"column":13},"end":{"line":13,"column":17}},"loc":{"start":{"line":13,"column":21},"end":{"line":13,"column":70}},"line":13},"11":{"name":"(anonymous_11)","decl":{"start":{"line":13,"column":30},"end":{"line":13,"column":31}},"loc":{"start":{"line":13,"column":43},"end":{"line":13,"column":67}},"line":13},"12":{"name":"step","decl":{"start":{"line":14,"column":13},"end":{"line":14,"column":17}},"loc":{"start":{"line":14,"column":22},"end":{"line":35,"column":5}},"line":14},"13":{"name":"getAllcapitals","decl":{"start":{"line":38,"column":9},"end":{"line":38,"column":23}},"loc":{"start":{"line":38,"column":31},"end":{"line":62,"column":1}},"line":38},"14":{"name":"(anonymous_14)","decl":{"start":{"line":39,"column":43},"end":{"line":39,"column":44}},"loc":{"start":{"line":39,"column":55},"end":{"line":61,"column":5}},"line":39},"15":{"name":"(anonymous_15)","decl":{"start":{"line":40,"column":33},"end":{"line":40,"column":34}},"loc":{"start":{"line":40,"column":47},"end":{"line":60,"column":9}},"line":40},"16":{"name":"getQuizById","decl":{"start":{"line":63,"column":9},"end":{"line":63,"column":20}},"loc":{"start":{"line":63,"column":25},"end":{"line":74,"column":1}},"line":63},"17":{"name":"(anonymous_17)","decl":{"start":{"line":64,"column":43},"end":{"line":64,"column":44}},"loc":{"start":{"line":64,"column":55},"end":{"line":73,"column":5}},"line":64},"18":{"name":"(anonymous_18)","decl":{"start":{"line":65,"column":33},"end":{"line":65,"column":34}},"loc":{"start":{"line":65,"column":47},"end":{"line":72,"column":9}},"line":65}},"branchMap":{"0":{"loc":{"start":{"line":1,"column":16},"end":{"line":9,"column":1}},"type":"binary-expr","locations":[{"start":{"line":1,"column":17},"end":{"line":1,"column":21}},{"start":{"line":1,"column":25},"end":{"line":1,"column":39}},{"start":{"line":1,"column":44},"end":{"line":9,"column":1}}],"line":1},"1":{"loc":{"start":{"line":2,"column":35},"end":{"line":2,"column":109}},"type":"cond-expr","locations":[{"start":{"line":2,"column":56},"end":{"line":2,"column":61}},{"start":{"line":2,"column":64},"end":{"line":2,"column":109}}],"line":2},"2":{"loc":{"start":{"line":3,"column":16},"end":{"line":3,"column":34}},"type":"binary-expr","locations":[{"start":{"line":3,"column":16},"end":{"line":3,"column":17}},{"start":{"line":3,"column":22},"end":{"line":3,"column":33}}],"line":3},"3":{"loc":{"start":{"line":6,"column":32},"end":{"line":6,"column":115}},"type":"cond-expr","locations":[{"start":{"line":6,"column":46},"end":{"line":6,"column":67}},{"start":{"line":6,"column":70},"end":{"line":6,"column":115}}],"line":6},"4":{"loc":{"start":{"line":7,"column":51},"end":{"line":7,"column":67}},"type":"binary-expr","locations":[{"start":{"line":7,"column":51},"end":{"line":7,"column":61}},{"start":{"line":7,"column":65},"end":{"line":7,"column":67}}],"line":7},"5":{"loc":{"start":{"line":10,"column":18},"end":{"line":36,"column":1}},"type":"binary-expr","locations":[{"start":{"line":10,"column":19},"end":{"line":10,"column":23}},{"start":{"line":10,"column":27},"end":{"line":10,"column":43}},{"start":{"line":10,"column":48},"end":{"line":36,"column":1}}],"line":10},"6":{"loc":{"start":{"line":11,"column":43},"end":{"line":11,"column":68}},"type":"if","locations":[{"start":{"line":11,"column":43},"end":{"line":11,"column":68}},{"start":{},"end":{}}],"line":11},"7":{"loc":{"start":{"line":12,"column":71},"end":{"line":12,"column":153}},"type":"binary-expr","locations":[{"start":{"line":12,"column":71},"end":{"line":12,"column":99}},{"start":{"line":12,"column":104},"end":{"line":12,"column":152}}],"line":12},"8":{"loc":{"start":{"line":15,"column":8},"end":{"line":15,"column":70}},"type":"if","locations":[{"start":{"line":15,"column":8},"end":{"line":15,"column":70}},{"start":{},"end":{}}],"line":15},"9":{"loc":{"start":{"line":16,"column":15},"end":{"line":16,"column":45}},"type":"binary-expr","locations":[{"start":{"line":16,"column":15},"end":{"line":16,"column":16}},{"start":{"line":16,"column":21},"end":{"line":16,"column":44}}],"line":16},"10":{"loc":{"start":{"line":16,"column":28},"end":{"line":16,"column":44}},"type":"binary-expr","locations":[{"start":{"line":16,"column":28},"end":{"line":16,"column":33}},{"start":{"line":16,"column":38},"end":{"line":16,"column":43}}],"line":16},"11":{"loc":{"start":{"line":17,"column":12},"end":{"line":17,"column":169}},"type":"if","locations":[{"start":{"line":17,"column":12},"end":{"line":17,"column":169}},{"start":{},"end":{}}],"line":17},"12":{"loc":{"start":{"line":17,"column":23},"end":{"line":17,"column":158}},"type":"binary-expr","locations":[{"start":{"line":17,"column":23},"end":{"line":17,"column":24}},{"start":{"line":17,"column":29},"end":{"line":17,"column":125}},{"start":{"line":17,"column":130},"end":{"line":17,"column":158}}],"line":17},"13":{"loc":{"start":{"line":17,"column":33},"end":{"line":17,"column":125}},"type":"cond-expr","locations":[{"start":{"line":17,"column":45},"end":{"line":17,"column":56}},{"start":{"line":17,"column":59},"end":{"line":17,"column":125}}],"line":17},"14":{"loc":{"start":{"line":17,"column":59},"end":{"line":17,"column":125}},"type":"cond-expr","locations":[{"start":{"line":17,"column":67},"end":{"line":17,"column":116}},{"start":{"line":17,"column":119},"end":{"line":17,"column":125}}],"line":17},"15":{"loc":{"start":{"line":17,"column":67},"end":{"line":17,"column":116}},"type":"binary-expr","locations":[{"start":{"line":17,"column":67},"end":{"line":17,"column":77}},{"start":{"line":17,"column":82},"end":{"line":17,"column":115}}],"line":17},"16":{"loc":{"start":{"line":17,"column":82},"end":{"line":17,"column":112}},"type":"binary-expr","locations":[{"start":{"line":17,"column":83},"end":{"line":17,"column":98}},{"start":{"line":17,"column":103},"end":{"line":17,"column":112}}],"line":17},"17":{"loc":{"start":{"line":18,"column":12},"end":{"line":18,"column":52}},"type":"if","locations":[{"start":{"line":18,"column":12},"end":{"line":18,"column":52}},{"start":{},"end":{}}],"line":18},"18":{"loc":{"start":{"line":19,"column":12},"end":{"line":31,"column":13}},"type":"switch","locations":[{"start":{"line":20,"column":16},"end":{"line":20,"column":23}},{"start":{"line":20,"column":24},"end":{"line":20,"column":46}},{"start":{"line":21,"column":16},"end":{"line":21,"column":72}},{"start":{"line":22,"column":16},"end":{"line":22,"column":65}},{"start":{"line":23,"column":16},"end":{"line":23,"column":65}},{"start":{"line":24,"column":16},"end":{"line":30,"column":43}}],"line":19},"19":{"loc":{"start":{"line":25,"column":20},"end":{"line":25,"column":128}},"type":"if","locations":[{"start":{"line":25,"column":20},"end":{"line":25,"column":128}},{"start":{},"end":{}}],"line":25},"20":{"loc":{"start":{"line":25,"column":24},"end":{"line":25,"column":106}},"type":"binary-expr","locations":[{"start":{"line":25,"column":24},"end":{"line":25,"column":74}},{"start":{"line":25,"column":79},"end":{"line":25,"column":90}},{"start":{"line":25,"column":94},"end":{"line":25,"column":105}}],"line":25},"21":{"loc":{"start":{"line":25,"column":42},"end":{"line":25,"column":73}},"type":"binary-expr","locations":[{"start":{"line":25,"column":42},"end":{"line":25,"column":54}},{"start":{"line":25,"column":58},"end":{"line":25,"column":73}}],"line":25},"22":{"loc":{"start":{"line":26,"column":20},"end":{"line":26,"column":106}},"type":"if","locations":[{"start":{"line":26,"column":20},"end":{"line":26,"column":106}},{"start":{},"end":{}}],"line":26},"23":{"loc":{"start":{"line":26,"column":24},"end":{"line":26,"column":77}},"type":"binary-expr","locations":[{"start":{"line":26,"column":24},"end":{"line":26,"column":35}},{"start":{"line":26,"column":40},"end":{"line":26,"column":42}},{"start":{"line":26,"column":47},"end":{"line":26,"column":59}},{"start":{"line":26,"column":63},"end":{"line":26,"column":75}}],"line":26},"24":{"loc":{"start":{"line":27,"column":20},"end":{"line":27,"column":89}},"type":"if","locations":[{"start":{"line":27,"column":20},"end":{"line":27,"column":89}},{"start":{},"end":{}}],"line":27},"25":{"loc":{"start":{"line":27,"column":24},"end":{"line":27,"column":53}},"type":"binary-expr","locations":[{"start":{"line":27,"column":24},"end":{"line":27,"column":35}},{"start":{"line":27,"column":39},"end":{"line":27,"column":53}}],"line":27},"26":{"loc":{"start":{"line":28,"column":20},"end":{"line":28,"column":87}},"type":"if","locations":[{"start":{"line":28,"column":20},"end":{"line":28,"column":87}},{"start":{},"end":{}}],"line":28},"27":{"loc":{"start":{"line":28,"column":24},"end":{"line":28,"column":43}},"type":"binary-expr","locations":[{"start":{"line":28,"column":24},"end":{"line":28,"column":25}},{"start":{"line":28,"column":29},"end":{"line":28,"column":43}}],"line":28},"28":{"loc":{"start":{"line":29,"column":20},"end":{"line":29,"column":42}},"type":"if","locations":[{"start":{"line":29,"column":20},"end":{"line":29,"column":42}},{"start":{},"end":{}}],"line":29},"29":{"loc":{"start":{"line":34,"column":8},"end":{"line":34,"column":35}},"type":"if","locations":[{"start":{"line":34,"column":8},"end":{"line":34,"column":35}},{"start":{},"end":{}}],"line":34},"30":{"loc":{"start":{"line":34,"column":52},"end":{"line":34,"column":74}},"type":"cond-expr","locations":[{"start":{"line":34,"column":60},"end":{"line":34,"column":65}},{"start":{"line":34,"column":68},"end":{"line":34,"column":74}}],"line":34},"31":{"loc":{"start":{"line":41,"column":12},"end":{"line":59,"column":13}},"type":"switch","locations":[{"start":{"line":42,"column":16},"end":{"line":57,"column":24}},{"start":{"line":58,"column":16},"end":{"line":58,"column":57}}],"line":41},"32":{"loc":{"start":{"line":66,"column":12},"end":{"line":71,"column":13}},"type":"switch","locations":[{"start":{"line":67,"column":16},"end":{"line":69,"column":24}},{"start":{"line":70,"column":16},"end":{"line":70,"column":57}}],"line":66}},"s":{"0":1,"1":0,"2":0,"3":0,"4":0,"5":0,"6":0,"7":0,"8":0,"9":0,"10":0,"11":0,"12":1,"13":0,"14":0,"15":0,"16":0,"17":0,"18":0,"19":0,"20":0,"21":0,"22":0,"23":0,"24":0,"25":0,"26":0,"27":0,"28":0,"29":0,"30":0,"31":0,"32":0,"33":0,"34":0,"35":0,"36":0,"37":0,"38":0,"39":0,"40":0,"41":0,"42":0,"43":0,"44":0,"45":0,"46":0,"47":0,"48":0,"49":0,"50":0,"51":0,"52":0,"53":0,"54":0,"55":0,"56":0,"57":0,"58":0,"59":0,"60":0,"61":0,"62":0,"63":0,"64":0,"65":0,"66":0,"67":0,"68":0,"69":0,"70":0,"71":0,"72":0,"73":0,"74":0,"75":0},"f":{"0":0,"1":0,"2":0,"3":0,"4":0,"5":0,"6":0,"7":0,"8":0,"9":0,"10":0,"11":0,"12":0,"13":0,"14":0,"15":0,"16":0,"17":0,"18":0},"b":{"0":[1,0,1],"1":[0,0],"2":[0,0],"3":[0,0],"4":[0,0],"5":[1,0,1],"6":[0,0],"7":[0,0],"8":[0,0],"9":[0,0],"10":[0,0],"11":[0,0],"12":[0,0,0],"13":[0,0],"14":[0,0],"15":[0,0],"16":[0,0],"17":[0,0],"18":[0,0,0,0,0,0],"19":[0,0],"20":[0,0,0],"21":[0,0],"22":[0,0],"23":[0,0,0,0],"24":[0,0],"25":[0,0],"26":[0,0],"27":[0,0],"28":[0,0],"29":[0,0],"30":[0,0],"31":[0,0],"32":[0,0]},"inputSourceMap":null,"_coverageSchema":"1a1c01bbd47fc00a2c39e90264f33305004495a9","hash":"66ce7b2c8fe9bf279774208e6c1c92e04ca57274"}
,"/home/marco/Área de Trabalho/driven/projeto-22/projeto22-geoQuiz-API/dist/src/repositories/flagsRepository.js": {"path":"/home/marco/Área de Trabalho/driven/projeto-22/projeto22-geoQuiz-API/dist/src/repositories/flagsRepository.js","statementMap":{"0":{"start":{"line":1,"column":16},"end":{"line":9,"column":1}},"1":{"start":{"line":2,"column":28},"end":{"line":2,"column":110}},"2":{"start":{"line":2,"column":91},"end":{"line":2,"column":106}},"3":{"start":{"line":3,"column":4},"end":{"line":8,"column":7}},"4":{"start":{"line":4,"column":36},"end":{"line":4,"column":97}},"5":{"start":{"line":4,"column":42},"end":{"line":4,"column":70}},"6":{"start":{"line":4,"column":85},"end":{"line":4,"column":95}},"7":{"start":{"line":5,"column":35},"end":{"line":5,"column":100}},"8":{"start":{"line":5,"column":41},"end":{"line":5,"column":73}},"9":{"start":{"line":5,"column":88},"end":{"line":5,"column":98}},"10":{"start":{"line":6,"column":32},"end":{"line":6,"column":116}},"11":{"start":{"line":7,"column":8},"end":{"line":7,"column":78}},"12":{"start":{"line":10,"column":18},"end":{"line":36,"column":1}},"13":{"start":{"line":11,"column":12},"end":{"line":11,"column":104}},"14":{"start":{"line":11,"column":43},"end":{"line":11,"column":68}},"15":{"start":{"line":11,"column":57},"end":{"line":11,"column":68}},"16":{"start":{"line":11,"column":69},"end":{"line":11,"column":81}},"17":{"start":{"line":12,"column":4},"end":{"line":12,"column":157}},"18":{"start":{"line":12,"column":138},"end":{"line":12,"column":150}},"19":{"start":{"line":13,"column":23},"end":{"line":13,"column":68}},"20":{"start":{"line":13,"column":45},"end":{"line":13,"column":65}},"21":{"start":{"line":15,"column":8},"end":{"line":15,"column":70}},"22":{"start":{"line":15,"column":15},"end":{"line":15,"column":70}},"23":{"start":{"line":16,"column":8},"end":{"line":33,"column":66}},"24":{"start":{"line":16,"column":50},"end":{"line":33,"column":66}},"25":{"start":{"line":17,"column":12},"end":{"line":17,"column":169}},"26":{"start":{"line":17,"column":160},"end":{"line":17,"column":169}},"27":{"start":{"line":18,"column":12},"end":{"line":18,"column":52}},"28":{"start":{"line":18,"column":26},"end":{"line":18,"column":52}},"29":{"start":{"line":19,"column":12},"end":{"line":31,"column":13}},"30":{"start":{"line":20,"column":32},"end":{"line":20,"column":39}},"31":{"start":{"line":20,"column":40},"end":{"line":20,"column":46}},"32":{"start":{"line":21,"column":24},"end":{"line":21,"column":34}},"33":{"start":{"line":21,"column":35},"end":{"line":21,"column":72}},"34":{"start":{"line":22,"column":24},"end":{"line":22,"column":34}},"35":{"start":{"line":22,"column":35},"end":{"line":22,"column":45}},"36":{"start":{"line":22,"column":46},"end":{"line":22,"column":55}},"37":{"start":{"line":22,"column":56},"end":{"line":22,"column":65}},"38":{"start":{"line":23,"column":24},"end":{"line":23,"column":41}},"39":{"start":{"line":23,"column":42},"end":{"line":23,"column":55}},"40":{"start":{"line":23,"column":56},"end":{"line":23,"column":65}},"41":{"start":{"line":25,"column":20},"end":{"line":25,"column":128}},"42":{"start":{"line":25,"column":110},"end":{"line":25,"column":116}},"43":{"start":{"line":25,"column":117},"end":{"line":25,"column":126}},"44":{"start":{"line":26,"column":20},"end":{"line":26,"column":106}},"45":{"start":{"line":26,"column":81},"end":{"line":26,"column":97}},"46":{"start":{"line":26,"column":98},"end":{"line":26,"column":104}},"47":{"start":{"line":27,"column":20},"end":{"line":27,"column":89}},"48":{"start":{"line":27,"column":57},"end":{"line":27,"column":72}},"49":{"start":{"line":27,"column":73},"end":{"line":27,"column":80}},"50":{"start":{"line":27,"column":81},"end":{"line":27,"column":87}},"51":{"start":{"line":28,"column":20},"end":{"line":28,"column":87}},"52":{"start":{"line":28,"column":47},"end":{"line":28,"column":62}},"53":{"start":{"line":28,"column":63},"end":{"line":28,"column":78}},"54":{"start":{"line":28,"column":79},"end":{"line":28,"column":85}},"55":{"start":{"line":29,"column":20},"end":{"line":29,"column":42}},"56":{"start":{"line":29,"column":30},"end":{"line":29,"column":42}},"57":{"start":{"line":30,"column":20},"end":{"line":30,"column":33}},"58":{"start":{"line":30,"column":34},"end":{"line":30,"column":43}},"59":{"start":{"line":32,"column":12},"end":{"line":32,"column":39}},"60":{"start":{"line":33,"column":22},"end":{"line":33,"column":34}},"61":{"start":{"line":33,"column":35},"end":{"line":33,"column":41}},"62":{"start":{"line":33,"column":54},"end":{"line":33,"column":64}},"63":{"start":{"line":34,"column":8},"end":{"line":34,"column":35}},"64":{"start":{"line":34,"column":23},"end":{"line":34,"column":35}},"65":{"start":{"line":34,"column":36},"end":{"line":34,"column":89}},"66":{"start":{"line":39,"column":4},"end":{"line":57,"column":7}},"67":{"start":{"line":40,"column":8},"end":{"line":56,"column":11}},"68":{"start":{"line":41,"column":12},"end":{"line":55,"column":13}},"69":{"start":{"line":42,"column":24},"end":{"line":53,"column":24}},"70":{"start":{"line":54,"column":24},"end":{"line":54,"column":57}},"71":{"start":{"line":60,"column":4},"end":{"line":69,"column":7}},"72":{"start":{"line":61,"column":8},"end":{"line":68,"column":11}},"73":{"start":{"line":62,"column":12},"end":{"line":67,"column":13}},"74":{"start":{"line":63,"column":24},"end":{"line":65,"column":24}},"75":{"start":{"line":66,"column":24},"end":{"line":66,"column":57}}},"fnMap":{"0":{"name":"(anonymous_0)","decl":{"start":{"line":1,"column":44},"end":{"line":1,"column":45}},"loc":{"start":{"line":1,"column":89},"end":{"line":9,"column":1}},"line":1},"1":{"name":"adopt","decl":{"start":{"line":2,"column":13},"end":{"line":2,"column":18}},"loc":{"start":{"line":2,"column":26},"end":{"line":2,"column":112}},"line":2},"2":{"name":"(anonymous_2)","decl":{"start":{"line":2,"column":70},"end":{"line":2,"column":71}},"loc":{"start":{"line":2,"column":89},"end":{"line":2,"column":108}},"line":2},"3":{"name":"(anonymous_3)","decl":{"start":{"line":3,"column":36},"end":{"line":3,"column":37}},"loc":{"start":{"line":3,"column":63},"end":{"line":8,"column":5}},"line":3},"4":{"name":"fulfilled","decl":{"start":{"line":4,"column":17},"end":{"line":4,"column":26}},"loc":{"start":{"line":4,"column":34},"end":{"line":4,"column":99}},"line":4},"5":{"name":"rejected","decl":{"start":{"line":5,"column":17},"end":{"line":5,"column":25}},"loc":{"start":{"line":5,"column":33},"end":{"line":5,"column":102}},"line":5},"6":{"name":"step","decl":{"start":{"line":6,"column":17},"end":{"line":6,"column":21}},"loc":{"start":{"line":6,"column":30},"end":{"line":6,"column":118}},"line":6},"7":{"name":"(anonymous_7)","decl":{"start":{"line":10,"column":48},"end":{"line":10,"column":49}},"loc":{"start":{"line":10,"column":73},"end":{"line":36,"column":1}},"line":10},"8":{"name":"(anonymous_8)","decl":{"start":{"line":11,"column":30},"end":{"line":11,"column":31}},"loc":{"start":{"line":11,"column":41},"end":{"line":11,"column":83}},"line":11},"9":{"name":"(anonymous_9)","decl":{"start":{"line":12,"column":125},"end":{"line":12,"column":126}},"loc":{"start":{"line":12,"column":136},"end":{"line":12,"column":152}},"line":12},"10":{"name":"verb","decl":{"start":{"line":13,"column":13},"end":{"line":13,"column":17}},"loc":{"start":{"line":13,"column":21},"end":{"line":13,"column":70}},"line":13},"11":{"name":"(anonymous_11)","decl":{"start":{"line":13,"column":30},"end":{"line":13,"column":31}},"loc":{"start":{"line":13,"column":43},"end":{"line":13,"column":67}},"line":13},"12":{"name":"step","decl":{"start":{"line":14,"column":13},"end":{"line":14,"column":17}},"loc":{"start":{"line":14,"column":22},"end":{"line":35,"column":5}},"line":14},"13":{"name":"getAllFlags","decl":{"start":{"line":38,"column":9},"end":{"line":38,"column":20}},"loc":{"start":{"line":38,"column":28},"end":{"line":58,"column":1}},"line":38},"14":{"name":"(anonymous_14)","decl":{"start":{"line":39,"column":43},"end":{"line":39,"column":44}},"loc":{"start":{"line":39,"column":55},"end":{"line":57,"column":5}},"line":39},"15":{"name":"(anonymous_15)","decl":{"start":{"line":40,"column":33},"end":{"line":40,"column":34}},"loc":{"start":{"line":40,"column":47},"end":{"line":56,"column":9}},"line":40},"16":{"name":"getFlagById","decl":{"start":{"line":59,"column":9},"end":{"line":59,"column":20}},"loc":{"start":{"line":59,"column":25},"end":{"line":70,"column":1}},"line":59},"17":{"name":"(anonymous_17)","decl":{"start":{"line":60,"column":43},"end":{"line":60,"column":44}},"loc":{"start":{"line":60,"column":55},"end":{"line":69,"column":5}},"line":60},"18":{"name":"(anonymous_18)","decl":{"start":{"line":61,"column":33},"end":{"line":61,"column":34}},"loc":{"start":{"line":61,"column":47},"end":{"line":68,"column":9}},"line":61}},"branchMap":{"0":{"loc":{"start":{"line":1,"column":16},"end":{"line":9,"column":1}},"type":"binary-expr","locations":[{"start":{"line":1,"column":17},"end":{"line":1,"column":21}},{"start":{"line":1,"column":25},"end":{"line":1,"column":39}},{"start":{"line":1,"column":44},"end":{"line":9,"column":1}}],"line":1},"1":{"loc":{"start":{"line":2,"column":35},"end":{"line":2,"column":109}},"type":"cond-expr","locations":[{"start":{"line":2,"column":56},"end":{"line":2,"column":61}},{"start":{"line":2,"column":64},"end":{"line":2,"column":109}}],"line":2},"2":{"loc":{"start":{"line":3,"column":16},"end":{"line":3,"column":34}},"type":"binary-expr","locations":[{"start":{"line":3,"column":16},"end":{"line":3,"column":17}},{"start":{"line":3,"column":22},"end":{"line":3,"column":33}}],"line":3},"3":{"loc":{"start":{"line":6,"column":32},"end":{"line":6,"column":115}},"type":"cond-expr","locations":[{"start":{"line":6,"column":46},"end":{"line":6,"column":67}},{"start":{"line":6,"column":70},"end":{"line":6,"column":115}}],"line":6},"4":{"loc":{"start":{"line":7,"column":51},"end":{"line":7,"column":67}},"type":"binary-expr","locations":[{"start":{"line":7,"column":51},"end":{"line":7,"column":61}},{"start":{"line":7,"column":65},"end":{"line":7,"column":67}}],"line":7},"5":{"loc":{"start":{"line":10,"column":18},"end":{"line":36,"column":1}},"type":"binary-expr","locations":[{"start":{"line":10,"column":19},"end":{"line":10,"column":23}},{"start":{"line":10,"column":27},"end":{"line":10,"column":43}},{"start":{"line":10,"column":48},"end":{"line":36,"column":1}}],"line":10},"6":{"loc":{"start":{"line":11,"column":43},"end":{"line":11,"column":68}},"type":"if","locations":[{"start":{"line":11,"column":43},"end":{"line":11,"column":68}},{"start":{},"end":{}}],"line":11},"7":{"loc":{"start":{"line":12,"column":71},"end":{"line":12,"column":153}},"type":"binary-expr","locations":[{"start":{"line":12,"column":71},"end":{"line":12,"column":99}},{"start":{"line":12,"column":104},"end":{"line":12,"column":152}}],"line":12},"8":{"loc":{"start":{"line":15,"column":8},"end":{"line":15,"column":70}},"type":"if","locations":[{"start":{"line":15,"column":8},"end":{"line":15,"column":70}},{"start":{},"end":{}}],"line":15},"9":{"loc":{"start":{"line":16,"column":15},"end":{"line":16,"column":45}},"type":"binary-expr","locations":[{"start":{"line":16,"column":15},"end":{"line":16,"column":16}},{"start":{"line":16,"column":21},"end":{"line":16,"column":44}}],"line":16},"10":{"loc":{"start":{"line":16,"column":28},"end":{"line":16,"column":44}},"type":"binary-expr","locations":[{"start":{"line":16,"column":28},"end":{"line":16,"column":33}},{"start":{"line":16,"column":38},"end":{"line":16,"column":43}}],"line":16},"11":{"loc":{"start":{"line":17,"column":12},"end":{"line":17,"column":169}},"type":"if","locations":[{"start":{"line":17,"column":12},"end":{"line":17,"column":169}},{"start":{},"end":{}}],"line":17},"12":{"loc":{"start":{"line":17,"column":23},"end":{"line":17,"column":158}},"type":"binary-expr","locations":[{"start":{"line":17,"column":23},"end":{"line":17,"column":24}},{"start":{"line":17,"column":29},"end":{"line":17,"column":125}},{"start":{"line":17,"column":130},"end":{"line":17,"column":158}}],"line":17},"13":{"loc":{"start":{"line":17,"column":33},"end":{"line":17,"column":125}},"type":"cond-expr","locations":[{"start":{"line":17,"column":45},"end":{"line":17,"column":56}},{"start":{"line":17,"column":59},"end":{"line":17,"column":125}}],"line":17},"14":{"loc":{"start":{"line":17,"column":59},"end":{"line":17,"column":125}},"type":"cond-expr","locations":[{"start":{"line":17,"column":67},"end":{"line":17,"column":116}},{"start":{"line":17,"column":119},"end":{"line":17,"column":125}}],"line":17},"15":{"loc":{"start":{"line":17,"column":67},"end":{"line":17,"column":116}},"type":"binary-expr","locations":[{"start":{"line":17,"column":67},"end":{"line":17,"column":77}},{"start":{"line":17,"column":82},"end":{"line":17,"column":115}}],"line":17},"16":{"loc":{"start":{"line":17,"column":82},"end":{"line":17,"column":112}},"type":"binary-expr","locations":[{"start":{"line":17,"column":83},"end":{"line":17,"column":98}},{"start":{"line":17,"column":103},"end":{"line":17,"column":112}}],"line":17},"17":{"loc":{"start":{"line":18,"column":12},"end":{"line":18,"column":52}},"type":"if","locations":[{"start":{"line":18,"column":12},"end":{"line":18,"column":52}},{"start":{},"end":{}}],"line":18},"18":{"loc":{"start":{"line":19,"column":12},"end":{"line":31,"column":13}},"type":"switch","locations":[{"start":{"line":20,"column":16},"end":{"line":20,"column":23}},{"start":{"line":20,"column":24},"end":{"line":20,"column":46}},{"start":{"line":21,"column":16},"end":{"line":21,"column":72}},{"start":{"line":22,"column":16},"end":{"line":22,"column":65}},{"start":{"line":23,"column":16},"end":{"line":23,"column":65}},{"start":{"line":24,"column":16},"end":{"line":30,"column":43}}],"line":19},"19":{"loc":{"start":{"line":25,"column":20},"end":{"line":25,"column":128}},"type":"if","locations":[{"start":{"line":25,"column":20},"end":{"line":25,"column":128}},{"start":{},"end":{}}],"line":25},"20":{"loc":{"start":{"line":25,"column":24},"end":{"line":25,"column":106}},"type":"binary-expr","locations":[{"start":{"line":25,"column":24},"end":{"line":25,"column":74}},{"start":{"line":25,"column":79},"end":{"line":25,"column":90}},{"start":{"line":25,"column":94},"end":{"line":25,"column":105}}],"line":25},"21":{"loc":{"start":{"line":25,"column":42},"end":{"line":25,"column":73}},"type":"binary-expr","locations":[{"start":{"line":25,"column":42},"end":{"line":25,"column":54}},{"start":{"line":25,"column":58},"end":{"line":25,"column":73}}],"line":25},"22":{"loc":{"start":{"line":26,"column":20},"end":{"line":26,"column":106}},"type":"if","locations":[{"start":{"line":26,"column":20},"end":{"line":26,"column":106}},{"start":{},"end":{}}],"line":26},"23":{"loc":{"start":{"line":26,"column":24},"end":{"line":26,"column":77}},"type":"binary-expr","locations":[{"start":{"line":26,"column":24},"end":{"line":26,"column":35}},{"start":{"line":26,"column":40},"end":{"line":26,"column":42}},{"start":{"line":26,"column":47},"end":{"line":26,"column":59}},{"start":{"line":26,"column":63},"end":{"line":26,"column":75}}],"line":26},"24":{"loc":{"start":{"line":27,"column":20},"end":{"line":27,"column":89}},"type":"if","locations":[{"start":{"line":27,"column":20},"end":{"line":27,"column":89}},{"start":{},"end":{}}],"line":27},"25":{"loc":{"start":{"line":27,"column":24},"end":{"line":27,"column":53}},"type":"binary-expr","locations":[{"start":{"line":27,"column":24},"end":{"line":27,"column":35}},{"start":{"line":27,"column":39},"end":{"line":27,"column":53}}],"line":27},"26":{"loc":{"start":{"line":28,"column":20},"end":{"line":28,"column":87}},"type":"if","locations":[{"start":{"line":28,"column":20},"end":{"line":28,"column":87}},{"start":{},"end":{}}],"line":28},"27":{"loc":{"start":{"line":28,"column":24},"end":{"line":28,"column":43}},"type":"binary-expr","locations":[{"start":{"line":28,"column":24},"end":{"line":28,"column":25}},{"start":{"line":28,"column":29},"end":{"line":28,"column":43}}],"line":28},"28":{"loc":{"start":{"line":29,"column":20},"end":{"line":29,"column":42}},"type":"if","locations":[{"start":{"line":29,"column":20},"end":{"line":29,"column":42}},{"start":{},"end":{}}],"line":29},"29":{"loc":{"start":{"line":34,"column":8},"end":{"line":34,"column":35}},"type":"if","locations":[{"start":{"line":34,"column":8},"end":{"line":34,"column":35}},{"start":{},"end":{}}],"line":34},"30":{"loc":{"start":{"line":34,"column":52},"end":{"line":34,"column":74}},"type":"cond-expr","locations":[{"start":{"line":34,"column":60},"end":{"line":34,"column":65}},{"start":{"line":34,"column":68},"end":{"line":34,"column":74}}],"line":34},"31":{"loc":{"start":{"line":41,"column":12},"end":{"line":55,"column":13}},"type":"switch","locations":[{"start":{"line":42,"column":16},"end":{"line":53,"column":24}},{"start":{"line":54,"column":16},"end":{"line":54,"column":57}}],"line":41},"32":{"loc":{"start":{"line":62,"column":12},"end":{"line":67,"column":13}},"type":"switch","locations":[{"start":{"line":63,"column":16},"end":{"line":65,"column":24}},{"start":{"line":66,"column":16},"end":{"line":66,"column":57}}],"line":62}},"s":{"0":1,"1":0,"2":0,"3":0,"4":0,"5":0,"6":0,"7":0,"8":0,"9":0,"10":0,"11":0,"12":1,"13":0,"14":0,"15":0,"16":0,"17":0,"18":0,"19":0,"20":0,"21":0,"22":0,"23":0,"24":0,"25":0,"26":0,"27":0,"28":0,"29":0,"30":0,"31":0,"32":0,"33":0,"34":0,"35":0,"36":0,"37":0,"38":0,"39":0,"40":0,"41":0,"42":0,"43":0,"44":0,"45":0,"46":0,"47":0,"48":0,"49":0,"50":0,"51":0,"52":0,"53":0,"54":0,"55":0,"56":0,"57":0,"58":0,"59":0,"60":0,"61":0,"62":0,"63":0,"64":0,"65":0,"66":0,"67":0,"68":0,"69":0,"70":0,"71":0,"72":0,"73":0,"74":0,"75":0},"f":{"0":0,"1":0,"2":0,"3":0,"4":0,"5":0,"6":0,"7":0,"8":0,"9":0,"10":0,"11":0,"12":0,"13":0,"14":0,"15":0,"16":0,"17":0,"18":0},"b":{"0":[1,0,1],"1":[0,0],"2":[0,0],"3":[0,0],"4":[0,0],"5":[1,0,1],"6":[0,0],"7":[0,0],"8":[0,0],"9":[0,0],"10":[0,0],"11":[0,0],"12":[0,0,0],"13":[0,0],"14":[0,0],"15":[0,0],"16":[0,0],"17":[0,0],"18":[0,0,0,0,0,0],"19":[0,0],"20":[0,0,0],"21":[0,0],"22":[0,0],"23":[0,0,0,0],"24":[0,0],"25":[0,0],"26":[0,0],"27":[0,0],"28":[0,0],"29":[0,0],"30":[0,0],"31":[0,0],"32":[0,0]},"inputSourceMap":null,"_coverageSchema":"1a1c01bbd47fc00a2c39e90264f33305004495a9","hash":"032b3ee006aa26ca9681eac6e230b40df2b74ba7"}
,"/home/marco/Área de Trabalho/driven/projeto-22/projeto22-geoQuiz-API/dist/src/repositories/territoriesRepository.js": {"path":"/home/marco/Área de Trabalho/driven/projeto-22/projeto22-geoQuiz-API/dist/src/repositories/territoriesRepository.js","statementMap":{"0":{"start":{"line":1,"column":16},"end":{"line":9,"column":1}},"1":{"start":{"line":2,"column":28},"end":{"line":2,"column":110}},"2":{"start":{"line":2,"column":91},"end":{"line":2,"column":106}},"3":{"start":{"line":3,"column":4},"end":{"line":8,"column":7}},"4":{"start":{"line":4,"column":36},"end":{"line":4,"column":97}},"5":{"start":{"line":4,"column":42},"end":{"line":4,"column":70}},"6":{"start":{"line":4,"column":85},"end":{"line":4,"column":95}},"7":{"start":{"line":5,"column":35},"end":{"line":5,"column":100}},"8":{"start":{"line":5,"column":41},"end":{"line":5,"column":73}},"9":{"start":{"line":5,"column":88},"end":{"line":5,"column":98}},"10":{"start":{"line":6,"column":32},"end":{"line":6,"column":116}},"11":{"start":{"line":7,"column":8},"end":{"line":7,"column":78}},"12":{"start":{"line":10,"column":18},"end":{"line":36,"column":1}},"13":{"start":{"line":11,"column":12},"end":{"line":11,"column":104}},"14":{"start":{"line":11,"column":43},"end":{"line":11,"column":68}},"15":{"start":{"line":11,"column":57},"end":{"line":11,"column":68}},"16":{"start":{"line":11,"column":69},"end":{"line":11,"column":81}},"17":{"start":{"line":12,"column":4},"end":{"line":12,"column":157}},"18":{"start":{"line":12,"column":138},"end":{"line":12,"column":150}},"19":{"start":{"line":13,"column":23},"end":{"line":13,"column":68}},"20":{"start":{"line":13,"column":45},"end":{"line":13,"column":65}},"21":{"start":{"line":15,"column":8},"end":{"line":15,"column":70}},"22":{"start":{"line":15,"column":15},"end":{"line":15,"column":70}},"23":{"start":{"line":16,"column":8},"end":{"line":33,"column":66}},"24":{"start":{"line":16,"column":50},"end":{"line":33,"column":66}},"25":{"start":{"line":17,"column":12},"end":{"line":17,"column":169}},"26":{"start":{"line":17,"column":160},"end":{"line":17,"column":169}},"27":{"start":{"line":18,"column":12},"end":{"line":18,"column":52}},"28":{"start":{"line":18,"column":26},"end":{"line":18,"column":52}},"29":{"start":{"line":19,"column":12},"end":{"line":31,"column":13}},"30":{"start":{"line":20,"column":32},"end":{"line":20,"column":39}},"31":{"start":{"line":20,"column":40},"end":{"line":20,"column":46}},"32":{"start":{"line":21,"column":24},"end":{"line":21,"column":34}},"33":{"start":{"line":21,"column":35},"end":{"line":21,"column":72}},"34":{"start":{"line":22,"column":24},"end":{"line":22,"column":34}},"35":{"start":{"line":22,"column":35},"end":{"line":22,"column":45}},"36":{"start":{"line":22,"column":46},"end":{"line":22,"column":55}},"37":{"start":{"line":22,"column":56},"end":{"line":22,"column":65}},"38":{"start":{"line":23,"column":24},"end":{"line":23,"column":41}},"39":{"start":{"line":23,"column":42},"end":{"line":23,"column":55}},"40":{"start":{"line":23,"column":56},"end":{"line":23,"column":65}},"41":{"start":{"line":25,"column":20},"end":{"line":25,"column":128}},"42":{"start":{"line":25,"column":110},"end":{"line":25,"column":116}},"43":{"start":{"line":25,"column":117},"end":{"line":25,"column":126}},"44":{"start":{"line":26,"column":20},"end":{"line":26,"column":106}},"45":{"start":{"line":26,"column":81},"end":{"line":26,"column":97}},"46":{"start":{"line":26,"column":98},"end":{"line":26,"column":104}},"47":{"start":{"line":27,"column":20},"end":{"line":27,"column":89}},"48":{"start":{"line":27,"column":57},"end":{"line":27,"column":72}},"49":{"start":{"line":27,"column":73},"end":{"line":27,"column":80}},"50":{"start":{"line":27,"column":81},"end":{"line":27,"column":87}},"51":{"start":{"line":28,"column":20},"end":{"line":28,"column":87}},"52":{"start":{"line":28,"column":47},"end":{"line":28,"column":62}},"53":{"start":{"line":28,"column":63},"end":{"line":28,"column":78}},"54":{"start":{"line":28,"column":79},"end":{"line":28,"column":85}},"55":{"start":{"line":29,"column":20},"end":{"line":29,"column":42}},"56":{"start":{"line":29,"column":30},"end":{"line":29,"column":42}},"57":{"start":{"line":30,"column":20},"end":{"line":30,"column":33}},"58":{"start":{"line":30,"column":34},"end":{"line":30,"column":43}},"59":{"start":{"line":32,"column":12},"end":{"line":32,"column":39}},"60":{"start":{"line":33,"column":22},"end":{"line":33,"column":34}},"61":{"start":{"line":33,"column":35},"end":{"line":33,"column":41}},"62":{"start":{"line":33,"column":54},"end":{"line":33,"column":64}},"63":{"start":{"line":34,"column":8},"end":{"line":34,"column":35}},"64":{"start":{"line":34,"column":23},"end":{"line":34,"column":35}},"65":{"start":{"line":34,"column":36},"end":{"line":34,"column":89}},"66":{"start":{"line":39,"column":4},"end":{"line":61,"column":7}},"67":{"start":{"line":41,"column":8},"end":{"line":60,"column":11}},"68":{"start":{"line":42,"column":12},"end":{"line":59,"column":13}},"69":{"start":{"line":43,"column":24},"end":{"line":55,"column":24}},"70":{"start":{"line":57,"column":20},"end":{"line":57,"column":37}},"71":{"start":{"line":58,"column":20},"end":{"line":58,"column":67}},"72":{"start":{"line":64,"column":4},"end":{"line":73,"column":7}},"73":{"start":{"line":65,"column":8},"end":{"line":72,"column":11}},"74":{"start":{"line":66,"column":12},"end":{"line":71,"column":13}},"75":{"start":{"line":67,"column":24},"end":{"line":69,"column":24}},"76":{"start":{"line":70,"column":24},"end":{"line":70,"column":57}}},"fnMap":{"0":{"name":"(anonymous_0)","decl":{"start":{"line":1,"column":44},"end":{"line":1,"column":45}},"loc":{"start":{"line":1,"column":89},"end":{"line":9,"column":1}},"line":1},"1":{"name":"adopt","decl":{"start":{"line":2,"column":13},"end":{"line":2,"column":18}},"loc":{"start":{"line":2,"column":26},"end":{"line":2,"column":112}},"line":2},"2":{"name":"(anonymous_2)","decl":{"start":{"line":2,"column":70},"end":{"line":2,"column":71}},"loc":{"start":{"line":2,"column":89},"end":{"line":2,"column":108}},"line":2},"3":{"name":"(anonymous_3)","decl":{"start":{"line":3,"column":36},"end":{"line":3,"column":37}},"loc":{"start":{"line":3,"column":63},"end":{"line":8,"column":5}},"line":3},"4":{"name":"fulfilled","decl":{"start":{"line":4,"column":17},"end":{"line":4,"column":26}},"loc":{"start":{"line":4,"column":34},"end":{"line":4,"column":99}},"line":4},"5":{"name":"rejected","decl":{"start":{"line":5,"column":17},"end":{"line":5,"column":25}},"loc":{"start":{"line":5,"column":33},"end":{"line":5,"column":102}},"line":5},"6":{"name":"step","decl":{"start":{"line":6,"column":17},"end":{"line":6,"column":21}},"loc":{"start":{"line":6,"column":30},"end":{"line":6,"column":118}},"line":6},"7":{"name":"(anonymous_7)","decl":{"start":{"line":10,"column":48},"end":{"line":10,"column":49}},"loc":{"start":{"line":10,"column":73},"end":{"line":36,"column":1}},"line":10},"8":{"name":"(anonymous_8)","decl":{"start":{"line":11,"column":30},"end":{"line":11,"column":31}},"loc":{"start":{"line":11,"column":41},"end":{"line":11,"column":83}},"line":11},"9":{"name":"(anonymous_9)","decl":{"start":{"line":12,"column":125},"end":{"line":12,"column":126}},"loc":{"start":{"line":12,"column":136},"end":{"line":12,"column":152}},"line":12},"10":{"name":"verb","decl":{"start":{"line":13,"column":13},"end":{"line":13,"column":17}},"loc":{"start":{"line":13,"column":21},"end":{"line":13,"column":70}},"line":13},"11":{"name":"(anonymous_11)","decl":{"start":{"line":13,"column":30},"end":{"line":13,"column":31}},"loc":{"start":{"line":13,"column":43},"end":{"line":13,"column":67}},"line":13},"12":{"name":"step","decl":{"start":{"line":14,"column":13},"end":{"line":14,"column":17}},"loc":{"start":{"line":14,"column":22},"end":{"line":35,"column":5}},"line":14},"13":{"name":"getAllTerritories","decl":{"start":{"line":38,"column":9},"end":{"line":38,"column":26}},"loc":{"start":{"line":38,"column":34},"end":{"line":62,"column":1}},"line":38},"14":{"name":"(anonymous_14)","decl":{"start":{"line":39,"column":43},"end":{"line":39,"column":44}},"loc":{"start":{"line":39,"column":55},"end":{"line":61,"column":5}},"line":39},"15":{"name":"(anonymous_15)","decl":{"start":{"line":41,"column":33},"end":{"line":41,"column":34}},"loc":{"start":{"line":41,"column":47},"end":{"line":60,"column":9}},"line":41},"16":{"name":"getQuizById","decl":{"start":{"line":63,"column":9},"end":{"line":63,"column":20}},"loc":{"start":{"line":63,"column":25},"end":{"line":74,"column":1}},"line":63},"17":{"name":"(anonymous_17)","decl":{"start":{"line":64,"column":43},"end":{"line":64,"column":44}},"loc":{"start":{"line":64,"column":55},"end":{"line":73,"column":5}},"line":64},"18":{"name":"(anonymous_18)","decl":{"start":{"line":65,"column":33},"end":{"line":65,"column":34}},"loc":{"start":{"line":65,"column":47},"end":{"line":72,"column":9}},"line":65}},"branchMap":{"0":{"loc":{"start":{"line":1,"column":16},"end":{"line":9,"column":1}},"type":"binary-expr","locations":[{"start":{"line":1,"column":17},"end":{"line":1,"column":21}},{"start":{"line":1,"column":25},"end":{"line":1,"column":39}},{"start":{"line":1,"column":44},"end":{"line":9,"column":1}}],"line":1},"1":{"loc":{"start":{"line":2,"column":35},"end":{"line":2,"column":109}},"type":"cond-expr","locations":[{"start":{"line":2,"column":56},"end":{"line":2,"column":61}},{"start":{"line":2,"column":64},"end":{"line":2,"column":109}}],"line":2},"2":{"loc":{"start":{"line":3,"column":16},"end":{"line":3,"column":34}},"type":"binary-expr","locations":[{"start":{"line":3,"column":16},"end":{"line":3,"column":17}},{"start":{"line":3,"column":22},"end":{"line":3,"column":33}}],"line":3},"3":{"loc":{"start":{"line":6,"column":32},"end":{"line":6,"column":115}},"type":"cond-expr","locations":[{"start":{"line":6,"column":46},"end":{"line":6,"column":67}},{"start":{"line":6,"column":70},"end":{"line":6,"column":115}}],"line":6},"4":{"loc":{"start":{"line":7,"column":51},"end":{"line":7,"column":67}},"type":"binary-expr","locations":[{"start":{"line":7,"column":51},"end":{"line":7,"column":61}},{"start":{"line":7,"column":65},"end":{"line":7,"column":67}}],"line":7},"5":{"loc":{"start":{"line":10,"column":18},"end":{"line":36,"column":1}},"type":"binary-expr","locations":[{"start":{"line":10,"column":19},"end":{"line":10,"column":23}},{"start":{"line":10,"column":27},"end":{"line":10,"column":43}},{"start":{"line":10,"column":48},"end":{"line":36,"column":1}}],"line":10},"6":{"loc":{"start":{"line":11,"column":43},"end":{"line":11,"column":68}},"type":"if","locations":[{"start":{"line":11,"column":43},"end":{"line":11,"column":68}},{"start":{},"end":{}}],"line":11},"7":{"loc":{"start":{"line":12,"column":71},"end":{"line":12,"column":153}},"type":"binary-expr","locations":[{"start":{"line":12,"column":71},"end":{"line":12,"column":99}},{"start":{"line":12,"column":104},"end":{"line":12,"column":152}}],"line":12},"8":{"loc":{"start":{"line":15,"column":8},"end":{"line":15,"column":70}},"type":"if","locations":[{"start":{"line":15,"column":8},"end":{"line":15,"column":70}},{"start":{},"end":{}}],"line":15},"9":{"loc":{"start":{"line":16,"column":15},"end":{"line":16,"column":45}},"type":"binary-expr","locations":[{"start":{"line":16,"column":15},"end":{"line":16,"column":16}},{"start":{"line":16,"column":21},"end":{"line":16,"column":44}}],"line":16},"10":{"loc":{"start":{"line":16,"column":28},"end":{"line":16,"column":44}},"type":"binary-expr","locations":[{"start":{"line":16,"column":28},"end":{"line":16,"column":33}},{"start":{"line":16,"column":38},"end":{"line":16,"column":43}}],"line":16},"11":{"loc":{"start":{"line":17,"column":12},"end":{"line":17,"column":169}},"type":"if","locations":[{"start":{"line":17,"column":12},"end":{"line":17,"column":169}},{"start":{},"end":{}}],"line":17},"12":{"loc":{"start":{"line":17,"column":23},"end":{"line":17,"column":158}},"type":"binary-expr","locations":[{"start":{"line":17,"column":23},"end":{"line":17,"column":24}},{"start":{"line":17,"column":29},"end":{"line":17,"column":125}},{"start":{"line":17,"column":130},"end":{"line":17,"column":158}}],"line":17},"13":{"loc":{"start":{"line":17,"column":33},"end":{"line":17,"column":125}},"type":"cond-expr","locations":[{"start":{"line":17,"column":45},"end":{"line":17,"column":56}},{"start":{"line":17,"column":59},"end":{"line":17,"column":125}}],"line":17},"14":{"loc":{"start":{"line":17,"column":59},"end":{"line":17,"column":125}},"type":"cond-expr","locations":[{"start":{"line":17,"column":67},"end":{"line":17,"column":116}},{"start":{"line":17,"column":119},"end":{"line":17,"column":125}}],"line":17},"15":{"loc":{"start":{"line":17,"column":67},"end":{"line":17,"column":116}},"type":"binary-expr","locations":[{"start":{"line":17,"column":67},"end":{"line":17,"column":77}},{"start":{"line":17,"column":82},"end":{"line":17,"column":115}}],"line":17},"16":{"loc":{"start":{"line":17,"column":82},"end":{"line":17,"column":112}},"type":"binary-expr","locations":[{"start":{"line":17,"column":83},"end":{"line":17,"column":98}},{"start":{"line":17,"column":103},"end":{"line":17,"column":112}}],"line":17},"17":{"loc":{"start":{"line":18,"column":12},"end":{"line":18,"column":52}},"type":"if","locations":[{"start":{"line":18,"column":12},"end":{"line":18,"column":52}},{"start":{},"end":{}}],"line":18},"18":{"loc":{"start":{"line":19,"column":12},"end":{"line":31,"column":13}},"type":"switch","locations":[{"start":{"line":20,"column":16},"end":{"line":20,"column":23}},{"start":{"line":20,"column":24},"end":{"line":20,"column":46}},{"start":{"line":21,"column":16},"end":{"line":21,"column":72}},{"start":{"line":22,"column":16},"end":{"line":22,"column":65}},{"start":{"line":23,"column":16},"end":{"line":23,"column":65}},{"start":{"line":24,"column":16},"end":{"line":30,"column":43}}],"line":19},"19":{"loc":{"start":{"line":25,"column":20},"end":{"line":25,"column":128}},"type":"if","locations":[{"start":{"line":25,"column":20},"end":{"line":25,"column":128}},{"start":{},"end":{}}],"line":25},"20":{"loc":{"start":{"line":25,"column":24},"end":{"line":25,"column":106}},"type":"binary-expr","locations":[{"start":{"line":25,"column":24},"end":{"line":25,"column":74}},{"start":{"line":25,"column":79},"end":{"line":25,"column":90}},{"start":{"line":25,"column":94},"end":{"line":25,"column":105}}],"line":25},"21":{"loc":{"start":{"line":25,"column":42},"end":{"line":25,"column":73}},"type":"binary-expr","locations":[{"start":{"line":25,"column":42},"end":{"line":25,"column":54}},{"start":{"line":25,"column":58},"end":{"line":25,"column":73}}],"line":25},"22":{"loc":{"start":{"line":26,"column":20},"end":{"line":26,"column":106}},"type":"if","locations":[{"start":{"line":26,"column":20},"end":{"line":26,"column":106}},{"start":{},"end":{}}],"line":26},"23":{"loc":{"start":{"line":26,"column":24},"end":{"line":26,"column":77}},"type":"binary-expr","locations":[{"start":{"line":26,"column":24},"end":{"line":26,"column":35}},{"start":{"line":26,"column":40},"end":{"line":26,"column":42}},{"start":{"line":26,"column":47},"end":{"line":26,"column":59}},{"start":{"line":26,"column":63},"end":{"line":26,"column":75}}],"line":26},"24":{"loc":{"start":{"line":27,"column":20},"end":{"line":27,"column":89}},"type":"if","locations":[{"start":{"line":27,"column":20},"end":{"line":27,"column":89}},{"start":{},"end":{}}],"line":27},"25":{"loc":{"start":{"line":27,"column":24},"end":{"line":27,"column":53}},"type":"binary-expr","locations":[{"start":{"line":27,"column":24},"end":{"line":27,"column":35}},{"start":{"line":27,"column":39},"end":{"line":27,"column":53}}],"line":27},"26":{"loc":{"start":{"line":28,"column":20},"end":{"line":28,"column":87}},"type":"if","locations":[{"start":{"line":28,"column":20},"end":{"line":28,"column":87}},{"start":{},"end":{}}],"line":28},"27":{"loc":{"start":{"line":28,"column":24},"end":{"line":28,"column":43}},"type":"binary-expr","locations":[{"start":{"line":28,"column":24},"end":{"line":28,"column":25}},{"start":{"line":28,"column":29},"end":{"line":28,"column":43}}],"line":28},"28":{"loc":{"start":{"line":29,"column":20},"end":{"line":29,"column":42}},"type":"if","locations":[{"start":{"line":29,"column":20},"end":{"line":29,"column":42}},{"start":{},"end":{}}],"line":29},"29":{"loc":{"start":{"line":34,"column":8},"end":{"line":34,"column":35}},"type":"if","locations":[{"start":{"line":34,"column":8},"end":{"line":34,"column":35}},{"start":{},"end":{}}],"line":34},"30":{"loc":{"start":{"line":34,"column":52},"end":{"line":34,"column":74}},"type":"cond-expr","locations":[{"start":{"line":34,"column":60},"end":{"line":34,"column":65}},{"start":{"line":34,"column":68},"end":{"line":34,"column":74}}],"line":34},"31":{"loc":{"start":{"line":42,"column":12},"end":{"line":59,"column":13}},"type":"switch","locations":[{"start":{"line":43,"column":16},"end":{"line":55,"column":24}},{"start":{"line":56,"column":16},"end":{"line":58,"column":67}}],"line":42},"32":{"loc":{"start":{"line":66,"column":12},"end":{"line":71,"column":13}},"type":"switch","locations":[{"start":{"line":67,"column":16},"end":{"line":69,"column":24}},{"start":{"line":70,"column":16},"end":{"line":70,"column":57}}],"line":66}},"s":{"0":1,"1":0,"2":0,"3":0,"4":0,"5":0,"6":0,"7":0,"8":0,"9":0,"10":0,"11":0,"12":1,"13":0,"14":0,"15":0,"16":0,"17":0,"18":0,"19":0,"20":0,"21":0,"22":0,"23":0,"24":0,"25":0,"26":0,"27":0,"28":0,"29":0,"30":0,"31":0,"32":0,"33":0,"34":0,"35":0,"36":0,"37":0,"38":0,"39":0,"40":0,"41":0,"42":0,"43":0,"44":0,"45":0,"46":0,"47":0,"48":0,"49":0,"50":0,"51":0,"52":0,"53":0,"54":0,"55":0,"56":0,"57":0,"58":0,"59":0,"60":0,"61":0,"62":0,"63":0,"64":0,"65":0,"66":0,"67":0,"68":0,"69":0,"70":0,"71":0,"72":0,"73":0,"74":0,"75":0,"76":0},"f":{"0":0,"1":0,"2":0,"3":0,"4":0,"5":0,"6":0,"7":0,"8":0,"9":0,"10":0,"11":0,"12":0,"13":0,"14":0,"15":0,"16":0,"17":0,"18":0},"b":{"0":[1,0,1],"1":[0,0],"2":[0,0],"3":[0,0],"4":[0,0],"5":[1,0,1],"6":[0,0],"7":[0,0],"8":[0,0],"9":[0,0],"10":[0,0],"11":[0,0],"12":[0,0,0],"13":[0,0],"14":[0,0],"15":[0,0],"16":[0,0],"17":[0,0],"18":[0,0,0,0,0,0],"19":[0,0],"20":[0,0,0],"21":[0,0],"22":[0,0],"23":[0,0,0,0],"24":[0,0],"25":[0,0],"26":[0,0],"27":[0,0],"28":[0,0],"29":[0,0],"30":[0,0],"31":[0,0],"32":[0,0]},"inputSourceMap":null,"_coverageSchema":"1a1c01bbd47fc00a2c39e90264f33305004495a9","hash":"ffeb4366051c95e07e3c62920d13476dc387c012"}
,"/home/marco/Área de Trabalho/driven/projeto-22/projeto22-geoQuiz-API/dist/src/repositories/userRepository.js": {"path":"/home/marco/Área de Trabalho/driven/projeto-22/projeto22-geoQuiz-API/dist/src/repositories/userRepository.js","statementMap":{"0":{"start":{"line":1,"column":27},"end":{"line":4,"column":1}},"1":{"start":{"line":2,"column":4},"end":{"line":2,"column":115}},"2":{"start":{"line":2,"column":33},"end":{"line":2,"column":86}},"3":{"start":{"line":2,"column":96},"end":{"line":2,"column":113}},"4":{"start":{"line":3,"column":4},"end":{"line":3,"column":18}},"5":{"start":{"line":5,"column":16},"end":{"line":13,"column":1}},"6":{"start":{"line":6,"column":28},"end":{"line":6,"column":110}},"7":{"start":{"line":6,"column":91},"end":{"line":6,"column":106}},"8":{"start":{"line":7,"column":4},"end":{"line":12,"column":7}},"9":{"start":{"line":8,"column":36},"end":{"line":8,"column":97}},"10":{"start":{"line":8,"column":42},"end":{"line":8,"column":70}},"11":{"start":{"line":8,"column":85},"end":{"line":8,"column":95}},"12":{"start":{"line":9,"column":35},"end":{"line":9,"column":100}},"13":{"start":{"line":9,"column":41},"end":{"line":9,"column":73}},"14":{"start":{"line":9,"column":88},"end":{"line":9,"column":98}},"15":{"start":{"line":10,"column":32},"end":{"line":10,"column":116}},"16":{"start":{"line":11,"column":8},"end":{"line":11,"column":78}},"17":{"start":{"line":14,"column":18},"end":{"line":40,"column":1}},"18":{"start":{"line":15,"column":12},"end":{"line":15,"column":104}},"19":{"start":{"line":15,"column":43},"end":{"line":15,"column":68}},"20":{"start":{"line":15,"column":57},"end":{"line":15,"column":68}},"21":{"start":{"line":15,"column":69},"end":{"line":15,"column":81}},"22":{"start":{"line":16,"column":4},"end":{"line":16,"column":157}},"23":{"start":{"line":16,"column":138},"end":{"line":16,"column":150}},"24":{"start":{"line":17,"column":23},"end":{"line":17,"column":68}},"25":{"start":{"line":17,"column":45},"end":{"line":17,"column":65}},"26":{"start":{"line":19,"column":8},"end":{"line":19,"column":70}},"27":{"start":{"line":19,"column":15},"end":{"line":19,"column":70}},"28":{"start":{"line":20,"column":8},"end":{"line":37,"column":66}},"29":{"start":{"line":20,"column":50},"end":{"line":37,"column":66}},"30":{"start":{"line":21,"column":12},"end":{"line":21,"column":169}},"31":{"start":{"line":21,"column":160},"end":{"line":21,"column":169}},"32":{"start":{"line":22,"column":12},"end":{"line":22,"column":52}},"33":{"start":{"line":22,"column":26},"end":{"line":22,"column":52}},"34":{"start":{"line":23,"column":12},"end":{"line":35,"column":13}},"35":{"start":{"line":24,"column":32},"end":{"line":24,"column":39}},"36":{"start":{"line":24,"column":40},"end":{"line":24,"column":46}},"37":{"start":{"line":25,"column":24},"end":{"line":25,"column":34}},"38":{"start":{"line":25,"column":35},"end":{"line":25,"column":72}},"39":{"start":{"line":26,"column":24},"end":{"line":26,"column":34}},"40":{"start":{"line":26,"column":35},"end":{"line":26,"column":45}},"41":{"start":{"line":26,"column":46},"end":{"line":26,"column":55}},"42":{"start":{"line":26,"column":56},"end":{"line":26,"column":65}},"43":{"start":{"line":27,"column":24},"end":{"line":27,"column":41}},"44":{"start":{"line":27,"column":42},"end":{"line":27,"column":55}},"45":{"start":{"line":27,"column":56},"end":{"line":27,"column":65}},"46":{"start":{"line":29,"column":20},"end":{"line":29,"column":128}},"47":{"start":{"line":29,"column":110},"end":{"line":29,"column":116}},"48":{"start":{"line":29,"column":117},"end":{"line":29,"column":126}},"49":{"start":{"line":30,"column":20},"end":{"line":30,"column":106}},"50":{"start":{"line":30,"column":81},"end":{"line":30,"column":97}},"51":{"start":{"line":30,"column":98},"end":{"line":30,"column":104}},"52":{"start":{"line":31,"column":20},"end":{"line":31,"column":89}},"53":{"start":{"line":31,"column":57},"end":{"line":31,"column":72}},"54":{"start":{"line":31,"column":73},"end":{"line":31,"column":80}},"55":{"start":{"line":31,"column":81},"end":{"line":31,"column":87}},"56":{"start":{"line":32,"column":20},"end":{"line":32,"column":87}},"57":{"start":{"line":32,"column":47},"end":{"line":32,"column":62}},"58":{"start":{"line":32,"column":63},"end":{"line":32,"column":78}},"59":{"start":{"line":32,"column":79},"end":{"line":32,"column":85}},"60":{"start":{"line":33,"column":20},"end":{"line":33,"column":42}},"61":{"start":{"line":33,"column":30},"end":{"line":33,"column":42}},"62":{"start":{"line":34,"column":20},"end":{"line":34,"column":33}},"63":{"start":{"line":34,"column":34},"end":{"line":34,"column":43}},"64":{"start":{"line":36,"column":12},"end":{"line":36,"column":39}},"65":{"start":{"line":37,"column":22},"end":{"line":37,"column":34}},"66":{"start":{"line":37,"column":35},"end":{"line":37,"column":41}},"67":{"start":{"line":37,"column":54},"end":{"line":37,"column":64}},"68":{"start":{"line":38,"column":8},"end":{"line":38,"column":35}},"69":{"start":{"line":38,"column":23},"end":{"line":38,"column":35}},"70":{"start":{"line":38,"column":36},"end":{"line":38,"column":89}},"71":{"start":{"line":43,"column":4},"end":{"line":52,"column":7}},"72":{"start":{"line":44,"column":8},"end":{"line":51,"column":11}},"73":{"start":{"line":45,"column":12},"end":{"line":50,"column":13}},"74":{"start":{"line":46,"column":24},"end":{"line":48,"column":24}},"75":{"start":{"line":49,"column":24},"end":{"line":49,"column":57}},"76":{"start":{"line":55,"column":4},"end":{"line":70,"column":7}},"77":{"start":{"line":56,"column":8},"end":{"line":69,"column":11}},"78":{"start":{"line":57,"column":12},"end":{"line":68,"column":13}},"79":{"start":{"line":58,"column":24},"end":{"line":66,"column":24}},"80":{"start":{"line":67,"column":24},"end":{"line":67,"column":57}},"81":{"start":{"line":73,"column":4},"end":{"line":84,"column":7}},"82":{"start":{"line":74,"column":8},"end":{"line":83,"column":11}},"83":{"start":{"line":75,"column":12},"end":{"line":82,"column":13}},"84":{"start":{"line":76,"column":24},"end":{"line":78,"column":24}},"85":{"start":{"line":80,"column":20},"end":{"line":80,"column":30}},"86":{"start":{"line":81,"column":20},"end":{"line":81,"column":42}},"87":{"start":{"line":87,"column":4},"end":{"line":99,"column":7}},"88":{"start":{"line":88,"column":8},"end":{"line":98,"column":11}},"89":{"start":{"line":89,"column":12},"end":{"line":97,"column":13}},"90":{"start":{"line":90,"column":24},"end":{"line":93,"column":24}},"91":{"start":{"line":95,"column":20},"end":{"line":95,"column":30}},"92":{"start":{"line":96,"column":20},"end":{"line":96,"column":42}},"93":{"start":{"line":102,"column":4},"end":{"line":114,"column":7}},"94":{"start":{"line":103,"column":8},"end":{"line":113,"column":11}},"95":{"start":{"line":104,"column":12},"end":{"line":112,"column":13}},"96":{"start":{"line":105,"column":24},"end":{"line":108,"column":24}},"97":{"start":{"line":110,"column":20},"end":{"line":110,"column":30}},"98":{"start":{"line":111,"column":20},"end":{"line":111,"column":42}},"99":{"start":{"line":117,"column":4},"end":{"line":131,"column":7}},"100":{"start":{"line":118,"column":8},"end":{"line":130,"column":11}},"101":{"start":{"line":119,"column":12},"end":{"line":129,"column":13}},"102":{"start":{"line":120,"column":24},"end":{"line":125,"column":24}},"103":{"start":{"line":127,"column":20},"end":{"line":127,"column":30}},"104":{"start":{"line":128,"column":20},"end":{"line":128,"column":42}},"105":{"start":{"line":134,"column":4},"end":{"line":141,"column":7}},"106":{"start":{"line":135,"column":8},"end":{"line":140,"column":11}},"107":{"start":{"line":136,"column":12},"end":{"line":139,"column":13}},"108":{"start":{"line":137,"column":24},"end":{"line":137,"column":674}},"109":{"start":{"line":138,"column":24},"end":{"line":138,"column":57}},"110":{"start":{"line":144,"column":4},"end":{"line":153,"column":7}},"111":{"start":{"line":145,"column":8},"end":{"line":152,"column":11}},"112":{"start":{"line":146,"column":12},"end":{"line":151,"column":20}}},"fnMap":{"0":{"name":"(anonymous_0)","decl":{"start":{"line":1,"column":66},"end":{"line":1,"column":67}},"loc":{"start":{"line":1,"column":89},"end":{"line":4,"column":1}},"line":1},"1":{"name":"(anonymous_1)","decl":{"start":{"line":5,"column":44},"end":{"line":5,"column":45}},"loc":{"start":{"line":5,"column":89},"end":{"line":13,"column":1}},"line":5},"2":{"name":"adopt","decl":{"start":{"line":6,"column":13},"end":{"line":6,"column":18}},"loc":{"start":{"line":6,"column":26},"end":{"line":6,"column":112}},"line":6},"3":{"name":"(anonymous_3)","decl":{"start":{"line":6,"column":70},"end":{"line":6,"column":71}},"loc":{"start":{"line":6,"column":89},"end":{"line":6,"column":108}},"line":6},"4":{"name":"(anonymous_4)","decl":{"start":{"line":7,"column":36},"end":{"line":7,"column":37}},"loc":{"start":{"line":7,"column":63},"end":{"line":12,"column":5}},"line":7},"5":{"name":"fulfilled","decl":{"start":{"line":8,"column":17},"end":{"line":8,"column":26}},"loc":{"start":{"line":8,"column":34},"end":{"line":8,"column":99}},"line":8},"6":{"name":"rejected","decl":{"start":{"line":9,"column":17},"end":{"line":9,"column":25}},"loc":{"start":{"line":9,"column":33},"end":{"line":9,"column":102}},"line":9},"7":{"name":"step","decl":{"start":{"line":10,"column":17},"end":{"line":10,"column":21}},"loc":{"start":{"line":10,"column":30},"end":{"line":10,"column":118}},"line":10},"8":{"name":"(anonymous_8)","decl":{"start":{"line":14,"column":48},"end":{"line":14,"column":49}},"loc":{"start":{"line":14,"column":73},"end":{"line":40,"column":1}},"line":14},"9":{"name":"(anonymous_9)","decl":{"start":{"line":15,"column":30},"end":{"line":15,"column":31}},"loc":{"start":{"line":15,"column":41},"end":{"line":15,"column":83}},"line":15},"10":{"name":"(anonymous_10)","decl":{"start":{"line":16,"column":125},"end":{"line":16,"column":126}},"loc":{"start":{"line":16,"column":136},"end":{"line":16,"column":152}},"line":16},"11":{"name":"verb","decl":{"start":{"line":17,"column":13},"end":{"line":17,"column":17}},"loc":{"start":{"line":17,"column":21},"end":{"line":17,"column":70}},"line":17},"12":{"name":"(anonymous_12)","decl":{"start":{"line":17,"column":30},"end":{"line":17,"column":31}},"loc":{"start":{"line":17,"column":43},"end":{"line":17,"column":67}},"line":17},"13":{"name":"step","decl":{"start":{"line":18,"column":13},"end":{"line":18,"column":17}},"loc":{"start":{"line":18,"column":22},"end":{"line":39,"column":5}},"line":18},"14":{"name":"findUserByEmail","decl":{"start":{"line":42,"column":9},"end":{"line":42,"column":24}},"loc":{"start":{"line":42,"column":32},"end":{"line":53,"column":1}},"line":42},"15":{"name":"(anonymous_15)","decl":{"start":{"line":43,"column":43},"end":{"line":43,"column":44}},"loc":{"start":{"line":43,"column":55},"end":{"line":52,"column":5}},"line":43},"16":{"name":"(anonymous_16)","decl":{"start":{"line":44,"column":33},"end":{"line":44,"column":34}},"loc":{"start":{"line":44,"column":47},"end":{"line":51,"column":9}},"line":44},"17":{"name":"getUserById","decl":{"start":{"line":54,"column":9},"end":{"line":54,"column":20}},"loc":{"start":{"line":54,"column":25},"end":{"line":71,"column":1}},"line":54},"18":{"name":"(anonymous_18)","decl":{"start":{"line":55,"column":43},"end":{"line":55,"column":44}},"loc":{"start":{"line":55,"column":55},"end":{"line":70,"column":5}},"line":55},"19":{"name":"(anonymous_19)","decl":{"start":{"line":56,"column":33},"end":{"line":56,"column":34}},"loc":{"start":{"line":56,"column":47},"end":{"line":69,"column":9}},"line":56},"20":{"name":"registerNewUser","decl":{"start":{"line":72,"column":9},"end":{"line":72,"column":24}},"loc":{"start":{"line":72,"column":31},"end":{"line":85,"column":1}},"line":72},"21":{"name":"(anonymous_21)","decl":{"start":{"line":73,"column":43},"end":{"line":73,"column":44}},"loc":{"start":{"line":73,"column":55},"end":{"line":84,"column":5}},"line":73},"22":{"name":"(anonymous_22)","decl":{"start":{"line":74,"column":33},"end":{"line":74,"column":34}},"loc":{"start":{"line":74,"column":47},"end":{"line":83,"column":9}},"line":74},"23":{"name":"updateHitsByUser","decl":{"start":{"line":86,"column":9},"end":{"line":86,"column":25}},"loc":{"start":{"line":86,"column":30},"end":{"line":100,"column":1}},"line":86},"24":{"name":"(anonymous_24)","decl":{"start":{"line":87,"column":43},"end":{"line":87,"column":44}},"loc":{"start":{"line":87,"column":55},"end":{"line":99,"column":5}},"line":87},"25":{"name":"(anonymous_25)","decl":{"start":{"line":88,"column":33},"end":{"line":88,"column":34}},"loc":{"start":{"line":88,"column":47},"end":{"line":98,"column":9}},"line":88},"26":{"name":"updateMistakesByUser","decl":{"start":{"line":101,"column":9},"end":{"line":101,"column":29}},"loc":{"start":{"line":101,"column":34},"end":{"line":115,"column":1}},"line":101},"27":{"name":"(anonymous_27)","decl":{"start":{"line":102,"column":43},"end":{"line":102,"column":44}},"loc":{"start":{"line":102,"column":55},"end":{"line":114,"column":5}},"line":102},"28":{"name":"(anonymous_28)","decl":{"start":{"line":103,"column":33},"end":{"line":103,"column":34}},"loc":{"start":{"line":103,"column":47},"end":{"line":113,"column":9}},"line":103},"29":{"name":"createGameScore","decl":{"start":{"line":116,"column":9},"end":{"line":116,"column":24}},"loc":{"start":{"line":116,"column":46},"end":{"line":132,"column":1}},"line":116},"30":{"name":"(anonymous_30)","decl":{"start":{"line":117,"column":43},"end":{"line":117,"column":44}},"loc":{"start":{"line":117,"column":55},"end":{"line":131,"column":5}},"line":117},"31":{"name":"(anonymous_31)","decl":{"start":{"line":118,"column":33},"end":{"line":118,"column":34}},"loc":{"start":{"line":118,"column":47},"end":{"line":130,"column":9}},"line":118},"32":{"name":"getHistoryGames","decl":{"start":{"line":133,"column":9},"end":{"line":133,"column":24}},"loc":{"start":{"line":133,"column":27},"end":{"line":142,"column":1}},"line":133},"33":{"name":"(anonymous_33)","decl":{"start":{"line":134,"column":43},"end":{"line":134,"column":44}},"loc":{"start":{"line":134,"column":55},"end":{"line":141,"column":5}},"line":134},"34":{"name":"(anonymous_34)","decl":{"start":{"line":135,"column":33},"end":{"line":135,"column":34}},"loc":{"start":{"line":135,"column":47},"end":{"line":140,"column":9}},"line":135},"35":{"name":"getUsersList","decl":{"start":{"line":143,"column":9},"end":{"line":143,"column":21}},"loc":{"start":{"line":143,"column":24},"end":{"line":154,"column":1}},"line":143},"36":{"name":"(anonymous_36)","decl":{"start":{"line":144,"column":43},"end":{"line":144,"column":44}},"loc":{"start":{"line":144,"column":55},"end":{"line":153,"column":5}},"line":144},"37":{"name":"(anonymous_37)","decl":{"start":{"line":145,"column":33},"end":{"line":145,"column":34}},"loc":{"start":{"line":145,"column":47},"end":{"line":152,"column":9}},"line":145}},"branchMap":{"0":{"loc":{"start":{"line":1,"column":27},"end":{"line":4,"column":1}},"type":"binary-expr","locations":[{"start":{"line":1,"column":28},"end":{"line":1,"column":32}},{"start":{"line":1,"column":36},"end":{"line":1,"column":61}},{"start":{"line":1,"column":66},"end":{"line":4,"column":1}}],"line":1},"1":{"loc":{"start":{"line":2,"column":4},"end":{"line":2,"column":115}},"type":"if","locations":[{"start":{"line":2,"column":4},"end":{"line":2,"column":115}},{"start":{"line":2,"column":94},"end":{"line":2,"column":115}}],"line":2},"2":{"loc":{"start":{"line":5,"column":16},"end":{"line":13,"column":1}},"type":"binary-expr","locations":[{"start":{"line":5,"column":17},"end":{"line":5,"column":21}},{"start":{"line":5,"column":25},"end":{"line":5,"column":39}},{"start":{"line":5,"column":44},"end":{"line":13,"column":1}}],"line":5},"3":{"loc":{"start":{"line":6,"column":35},"end":{"line":6,"column":109}},"type":"cond-expr","locations":[{"start":{"line":6,"column":56},"end":{"line":6,"column":61}},{"start":{"line":6,"column":64},"end":{"line":6,"column":109}}],"line":6},"4":{"loc":{"start":{"line":7,"column":16},"end":{"line":7,"column":34}},"type":"binary-expr","locations":[{"start":{"line":7,"column":16},"end":{"line":7,"column":17}},{"start":{"line":7,"column":22},"end":{"line":7,"column":33}}],"line":7},"5":{"loc":{"start":{"line":10,"column":32},"end":{"line":10,"column":115}},"type":"cond-expr","locations":[{"start":{"line":10,"column":46},"end":{"line":10,"column":67}},{"start":{"line":10,"column":70},"end":{"line":10,"column":115}}],"line":10},"6":{"loc":{"start":{"line":11,"column":51},"end":{"line":11,"column":67}},"type":"binary-expr","locations":[{"start":{"line":11,"column":51},"end":{"line":11,"column":61}},{"start":{"line":11,"column":65},"end":{"line":11,"column":67}}],"line":11},"7":{"loc":{"start":{"line":14,"column":18},"end":{"line":40,"column":1}},"type":"binary-expr","locations":[{"start":{"line":14,"column":19},"end":{"line":14,"column":23}},{"start":{"line":14,"column":27},"end":{"line":14,"column":43}},{"start":{"line":14,"column":48},"end":{"line":40,"column":1}}],"line":14},"8":{"loc":{"start":{"line":15,"column":43},"end":{"line":15,"column":68}},"type":"if","locations":[{"start":{"line":15,"column":43},"end":{"line":15,"column":68}},{"start":{},"end":{}}],"line":15},"9":{"loc":{"start":{"line":16,"column":71},"end":{"line":16,"column":153}},"type":"binary-expr","locations":[{"start":{"line":16,"column":71},"end":{"line":16,"column":99}},{"start":{"line":16,"column":104},"end":{"line":16,"column":152}}],"line":16},"10":{"loc":{"start":{"line":19,"column":8},"end":{"line":19,"column":70}},"type":"if","locations":[{"start":{"line":19,"column":8},"end":{"line":19,"column":70}},{"start":{},"end":{}}],"line":19},"11":{"loc":{"start":{"line":20,"column":15},"end":{"line":20,"column":45}},"type":"binary-expr","locations":[{"start":{"line":20,"column":15},"end":{"line":20,"column":16}},{"start":{"line":20,"column":21},"end":{"line":20,"column":44}}],"line":20},"12":{"loc":{"start":{"line":20,"column":28},"end":{"line":20,"column":44}},"type":"binary-expr","locations":[{"start":{"line":20,"column":28},"end":{"line":20,"column":33}},{"start":{"line":20,"column":38},"end":{"line":20,"column":43}}],"line":20},"13":{"loc":{"start":{"line":21,"column":12},"end":{"line":21,"column":169}},"type":"if","locations":[{"start":{"line":21,"column":12},"end":{"line":21,"column":169}},{"start":{},"end":{}}],"line":21},"14":{"loc":{"start":{"line":21,"column":23},"end":{"line":21,"column":158}},"type":"binary-expr","locations":[{"start":{"line":21,"column":23},"end":{"line":21,"column":24}},{"start":{"line":21,"column":29},"end":{"line":21,"column":125}},{"start":{"line":21,"column":130},"end":{"line":21,"column":158}}],"line":21},"15":{"loc":{"start":{"line":21,"column":33},"end":{"line":21,"column":125}},"type":"cond-expr","locations":[{"start":{"line":21,"column":45},"end":{"line":21,"column":56}},{"start":{"line":21,"column":59},"end":{"line":21,"column":125}}],"line":21},"16":{"loc":{"start":{"line":21,"column":59},"end":{"line":21,"column":125}},"type":"cond-expr","locations":[{"start":{"line":21,"column":67},"end":{"line":21,"column":116}},{"start":{"line":21,"column":119},"end":{"line":21,"column":125}}],"line":21},"17":{"loc":{"start":{"line":21,"column":67},"end":{"line":21,"column":116}},"type":"binary-expr","locations":[{"start":{"line":21,"column":67},"end":{"line":21,"column":77}},{"start":{"line":21,"column":82},"end":{"line":21,"column":115}}],"line":21},"18":{"loc":{"start":{"line":21,"column":82},"end":{"line":21,"column":112}},"type":"binary-expr","locations":[{"start":{"line":21,"column":83},"end":{"line":21,"column":98}},{"start":{"line":21,"column":103},"end":{"line":21,"column":112}}],"line":21},"19":{"loc":{"start":{"line":22,"column":12},"end":{"line":22,"column":52}},"type":"if","locations":[{"start":{"line":22,"column":12},"end":{"line":22,"column":52}},{"start":{},"end":{}}],"line":22},"20":{"loc":{"start":{"line":23,"column":12},"end":{"line":35,"column":13}},"type":"switch","locations":[{"start":{"line":24,"column":16},"end":{"line":24,"column":23}},{"start":{"line":24,"column":24},"end":{"line":24,"column":46}},{"start":{"line":25,"column":16},"end":{"line":25,"column":72}},{"start":{"line":26,"column":16},"end":{"line":26,"column":65}},{"start":{"line":27,"column":16},"end":{"line":27,"column":65}},{"start":{"line":28,"column":16},"end":{"line":34,"column":43}}],"line":23},"21":{"loc":{"start":{"line":29,"column":20},"end":{"line":29,"column":128}},"type":"if","locations":[{"start":{"line":29,"column":20},"end":{"line":29,"column":128}},{"start":{},"end":{}}],"line":29},"22":{"loc":{"start":{"line":29,"column":24},"end":{"line":29,"column":106}},"type":"binary-expr","locations":[{"start":{"line":29,"column":24},"end":{"line":29,"column":74}},{"start":{"line":29,"column":79},"end":{"line":29,"column":90}},{"start":{"line":29,"column":94},"end":{"line":29,"column":105}}],"line":29},"23":{"loc":{"start":{"line":29,"column":42},"end":{"line":29,"column":73}},"type":"binary-expr","locations":[{"start":{"line":29,"column":42},"end":{"line":29,"column":54}},{"start":{"line":29,"column":58},"end":{"line":29,"column":73}}],"line":29},"24":{"loc":{"start":{"line":30,"column":20},"end":{"line":30,"column":106}},"type":"if","locations":[{"start":{"line":30,"column":20},"end":{"line":30,"column":106}},{"start":{},"end":{}}],"line":30},"25":{"loc":{"start":{"line":30,"column":24},"end":{"line":30,"column":77}},"type":"binary-expr","locations":[{"start":{"line":30,"column":24},"end":{"line":30,"column":35}},{"start":{"line":30,"column":40},"end":{"line":30,"column":42}},{"start":{"line":30,"column":47},"end":{"line":30,"column":59}},{"start":{"line":30,"column":63},"end":{"line":30,"column":75}}],"line":30},"26":{"loc":{"start":{"line":31,"column":20},"end":{"line":31,"column":89}},"type":"if","locations":[{"start":{"line":31,"column":20},"end":{"line":31,"column":89}},{"start":{},"end":{}}],"line":31},"27":{"loc":{"start":{"line":31,"column":24},"end":{"line":31,"column":53}},"type":"binary-expr","locations":[{"start":{"line":31,"column":24},"end":{"line":31,"column":35}},{"start":{"line":31,"column":39},"end":{"line":31,"column":53}}],"line":31},"28":{"loc":{"start":{"line":32,"column":20},"end":{"line":32,"column":87}},"type":"if","locations":[{"start":{"line":32,"column":20},"end":{"line":32,"column":87}},{"start":{},"end":{}}],"line":32},"29":{"loc":{"start":{"line":32,"column":24},"end":{"line":32,"column":43}},"type":"binary-expr","locations":[{"start":{"line":32,"column":24},"end":{"line":32,"column":25}},{"start":{"line":32,"column":29},"end":{"line":32,"column":43}}],"line":32},"30":{"loc":{"start":{"line":33,"column":20},"end":{"line":33,"column":42}},"type":"if","locations":[{"start":{"line":33,"column":20},"end":{"line":33,"column":42}},{"start":{},"end":{}}],"line":33},"31":{"loc":{"start":{"line":38,"column":8},"end":{"line":38,"column":35}},"type":"if","locations":[{"start":{"line":38,"column":8},"end":{"line":38,"column":35}},{"start":{},"end":{}}],"line":38},"32":{"loc":{"start":{"line":38,"column":52},"end":{"line":38,"column":74}},"type":"cond-expr","locations":[{"start":{"line":38,"column":60},"end":{"line":38,"column":65}},{"start":{"line":38,"column":68},"end":{"line":38,"column":74}}],"line":38},"33":{"loc":{"start":{"line":45,"column":12},"end":{"line":50,"column":13}},"type":"switch","locations":[{"start":{"line":46,"column":16},"end":{"line":48,"column":24}},{"start":{"line":49,"column":16},"end":{"line":49,"column":57}}],"line":45},"34":{"loc":{"start":{"line":57,"column":12},"end":{"line":68,"column":13}},"type":"switch","locations":[{"start":{"line":58,"column":16},"end":{"line":66,"column":24}},{"start":{"line":67,"column":16},"end":{"line":67,"column":57}}],"line":57},"35":{"loc":{"start":{"line":75,"column":12},"end":{"line":82,"column":13}},"type":"switch","locations":[{"start":{"line":76,"column":16},"end":{"line":78,"column":24}},{"start":{"line":79,"column":16},"end":{"line":81,"column":42}}],"line":75},"36":{"loc":{"start":{"line":89,"column":12},"end":{"line":97,"column":13}},"type":"switch","locations":[{"start":{"line":90,"column":16},"end":{"line":93,"column":24}},{"start":{"line":94,"column":16},"end":{"line":96,"column":42}}],"line":89},"37":{"loc":{"start":{"line":104,"column
[...]
,"/home/marco/Área de Trabalho/driven/projeto-22/projeto22-geoQuiz-API/src/services/flagsServices.ts": {"path":"/home/marco/Área de Trabalho/driven/projeto-22/projeto22-geoQuiz-API/src/services/flagsServices.ts","statementMap":{"0":{"start":{"line":7,"column":15},"end":{"line":7,"column":55}},"1":{"start":{"line":8,"column":4},"end":{"line":8,"column":null}},"2":{"start":{"line":9,"column":4},"end":{"line":9,"column":null}},"3":{"start":{"line":13,"column":16},"end":{"line":13,"column":18}},"4":{"start":{"line":14,"column":4},"end":{"line":28,"column":null}},"5":{"start":{"line":14,"column":16},"end":{"line":14,"column":17}},"6":{"start":{"line":15,"column":26},"end":{"line":15,"column":28}},"7":{"start":{"line":16,"column":8},"end":{"line":20,"column":null}},"8":{"start":{"line":16,"column":20},"end":{"line":16,"column":21}},"9":{"start":{"line":17,"column":12},"end":{"line":19,"column":null}},"10":{"start":{"line":18,"column":16},"end":{"line":18,"column":null}},"11":{"start":{"line":21,"column":8},"end":{"line":21,"column":null}},"12":{"start":{"line":22,"column":8},"end":{"line":26,"column":null}},"13":{"start":{"line":27,"column":8},"end":{"line":27,"column":null}},"14":{"start":{"line":29,"column":4},"end":{"line":29,"column":null}},"15":{"start":{"line":33,"column":17},"end":{"line":33,"column":54}},"16":{"start":{"line":34,"column":4},"end":{"line":34,"column":null}},"17":{"start":{"line":34,"column":14},"end":{"line":34,"column":null}},"18":{"start":{"line":35,"column":4},"end":{"line":35,"column":null}},"19":{"start":{"line":39,"column":4},"end":{"line":43,"column":null}},"20":{"start":{"line":40,"column":8},"end":{"line":40,"column":null}},"21":{"start":{"line":42,"column":8},"end":{"line":42,"column":null}}},"fnMap":{"0":{"name":"getAndSuffleFlags","decl":{"start":{"line":6,"column":15},"end":{"line":6,"column":32}},"loc":{"start":{"line":6,"column":46},"end":{"line":10,"column":null}}},"1":{"name":"assembleObject","decl":{"start":{"line":12,"column":9},"end":{"line":12,"column":23}},"loc":{"start":{"line":12,"column":28},"end":{"line":30,"column":1}}},"2":{"name":"verifyAndGetQuizById","decl":{"start":{"line":32,"column":15},"end":{"line":32,"column":35}},"loc":{"start":{"line":32,"column":46},"end":{"line":36,"column":null}}},"3":{"name":"validateAnswer","decl":{"start":{"line":38,"column":9},"end":{"line":38,"column":23}},"loc":{"start":{"line":38,"column":55},"end":{"line":44,"column":1}}}},"branchMap":{"0":{"loc":{"start":{"line":17,"column":12},"end":{"line":19,"column":null}},"type":"if","locations":[{"start":{"line":17,"column":12},"end":{"line":19,"column":null}}]},"1":{"loc":{"start":{"line":34,"column":4},"end":{"line":34,"column":null}},"type":"if","locations":[{"start":{"line":34,"column":4},"end":{"line":34,"column":null}}]},"2":{"loc":{"start":{"line":39,"column":4},"end":{"line":43,"column":null}},"type":"if","locations":[{"start":{"line":39,"column":4},"end":{"line":43,"column":null}},{"start":{"line":41,"column":11},"end":{"line":43,"column":null}}]}},"s":{"0":1,"1":1,"2":1,"3":1,"4":1,"5":1,"6":10,"7":10,"8":10,"9":100,"10":90,"11":10,"12":10,"13":10,"14":1,"15":2,"16":2,"17":1,"18":1,"19":2,"20":1,"21":1},"f":{"0":1,"1":1,"2":2,"3":2},"b":{"0":[90],"1":[1],"2":[1,1]}}
,"/home/marco/Área de Trabalho/driven/projeto-22/projeto22-geoQuiz-API/src/services/territoriesServices.ts": {"path":"/home/marco/Área de Trabalho/driven/projeto-22/projeto22-geoQuiz-API/src/services/territoriesServices.ts","statementMap":{"0":{"start":{"line":7,"column":24},"end":{"line":7,"column":76}},"1":{"start":{"line":8,"column":4},"end":{"line":8,"column":null}},"2":{"start":{"line":9,"column":4},"end":{"line":11,"column":null}},"3":{"start":{"line":10,"column":8},"end":{"line":10,"column":null}},"4":{"start":{"line":12,"column":4},"end":{"line":12,"column":null}},"5":{"start":{"line":16,"column":4},"end":{"line":16,"column":null}},"6":{"start":{"line":17,"column":4},"end":{"line":17,"column":null}},"7":{"start":{"line":21,"column":17},"end":{"line":21,"column":60}},"8":{"start":{"line":22,"column":4},"end":{"line":22,"column":null}},"9":{"start":{"line":22,"column":14},"end":{"line":22,"column":null}},"10":{"start":{"line":23,"column":4},"end":{"line":23,"column":null}},"11":{"start":{"line":27,"column":4},"end":{"line":31,"column":null}},"12":{"start":{"line":28,"column":8},"end":{"line":28,"column":null}},"13":{"start":{"line":30,"column":8},"end":{"line":30,"column":null}}},"fnMap":{"0":{"name":"getAndSuffleTerritories","decl":{"start":{"line":6,"column":15},"end":{"line":6,"column":38}},"loc":{"start":{"line":6,"column":52},"end":{"line":13,"column":null}}},"1":{"name":"(anonymous_9)","decl":{"start":{"line":9,"column":24},"end":{"line":9,"column":33}},"loc":{"start":{"line":9,"column":36},"end":{"line":11,"column":5}}},"2":{"name":"assembleTerritories","decl":{"start":{"line":15,"column":15},"end":{"line":15,"column":34}},"loc":{"start":{"line":15,"column":44},"end":{"line":18,"column":null}}},"3":{"name":"verifyAndGetQuizById","decl":{"start":{"line":20,"column":15},"end":{"line":20,"column":35}},"loc":{"start":{"line":20,"column":46},"end":{"line":24,"column":null}}},"4":{"name":"validateAnswer","decl":{"start":{"line":26,"column":15},"end":{"line":26,"column":29}},"loc":{"start":{"line":26,"column":67},"end":{"line":32,"column":null}}}},"branchMap":{"0":{"loc":{"start":{"line":22,"column":4},"end":{"line":22,"column":null}},"type":"if","locations":[{"start":{"line":22,"column":4},"end":{"line":22,"column":null}}]},"1":{"loc":{"start":{"line":27,"column":4},"end":{"line":31,"column":null}},"type":"if","locations":[{"start":{"line":27,"column":4},"end":{"line":31,"column":null}},{"start":{"line":29,"column":11},"end":{"line":31,"column":null}}]}},"s":{"0":1,"1":1,"2":1,"3":10,"4":1,"5":11,"6":11,"7":2,"8":2,"9":1,"10":1,"11":2,"12":1,"13":1},"f":{"0":1,"1":10,"2":11,"3":2,"4":2},"b":{"0":[1],"1":[1,1]}}
,"/home/marco/Área de Trabalho/driven/projeto-22/projeto22-geoQuiz-API/src/services/usersService.ts": {"path":"/home/marco/Área de Trabalho/driven/projeto-22/projeto22-geoQuiz-API/src/services/usersService.ts","statementMap":{"0":{"start":{"line":5,"column":17},"end":{"line":5,"column":53}},"1":{"start":{"line":6,"column":4},"end":{"line":6,"column":null}},"2":{"start":{"line":6,"column":15},"end":{"line":6,"column":null}},"3":{"start":{"line":7,"column":4},"end":{"line":7,"column":null}},"4":{"start":{"line":11,"column":18},"end":{"line":11,"column":63}},"5":{"start":{"line":12,"column":4},"end":{"line":14,"column":null}},"6":{"start":{"line":13,"column":8},"end":{"line":13,"column":null}},"7":{"start":{"line":15,"column":4},"end":{"line":15,"column":null}},"8":{"start":{"line":19,"column":4},"end":{"line":20,"column":null}},"9":{"start":{"line":19,"column":47},"end":{"line":19,"column":82}},"10":{"start":{"line":20,"column":42},"end":{"line":20,"column":43}}},"fnMap":{"0":{"name":"getUserById","decl":{"start":{"line":4,"column":15},"end":{"line":4,"column":26}},"loc":{"start":{"line":4,"column":37},"end":{"line":8,"column":null}}},"1":{"name":"calculateWeekScoreByUser","decl":{"start":{"line":10,"column":15},"end":{"line":10,"column":39}},"loc":{"start":{"line":10,"column":50},"end":{"line":16,"column":null}}},"2":{"name":"(anonymous_11)","decl":{"start":{"line":12,"column":18},"end":{"line":12,"column":23}},"loc":{"start":{"line":12,"column":26},"end":{"line":14,"column":5}}},"3":{"name":"toJson","decl":{"start":{"line":18,"column":9},"end":{"line":18,"column":15}},"loc":{"start":{"line":18,"column":25},"end":{"line":21,"column":1}}},"4":{"name":"(anonymous_13)","decl":{"start":{"line":19,"column":37},"end":{"line":19,"column":38}},"loc":{"start":{"line":19,"column":47},"end":{"line":19,"column":82}}},"5":{"name":"(anonymous_14)","decl":{"start":{"line":20,"column":32},"end":{"line":20,"column":33}},"loc":{"start":{"line":20,"column":42},"end":{"line":20,"column":43}}}},"branchMap":{"0":{"loc":{"start":{"line":6,"column":4},"end":{"line":6,"column":null}},"type":"if","locations":[{"start":{"line":6,"column":4},"end":{"line":6,"column":null}}]},"1":{"loc":{"start":{"line":19,"column":47},"end":{"line":19,"column":82}},"type":"cond-expr","locations":[{"start":{"line":19,"column":71},"end":{"line":19,"column":78}},{"start":{"line":19,"column":81},"end":{"line":19,"column":82}}]}},"s":{"0":2,"1":2,"2":1,"3":1,"4":1,"5":1,"6":6,"7":1,"8":6,"9":6,"10":0},"f":{"0":2,"1":1,"2":6,"3":6,"4":6,"5":0},"b":{"0":[1],"1":[0,6]}}
,"/home/marco/Área de Trabalho/driven/projeto-22/projeto22-geoQuiz-API/src/utils/errors.ts": {"path":"/home/marco/Área de Trabalho/driven/projeto-22/projeto22-geoQuiz-API/src/utils/errors.ts","statementMap":{"0":{"start":{"line":2,"column":4},"end":{"line":5,"column":null}},"1":{"start":{"line":9,"column":4},"end":{"line":12,"column":null}},"2":{"start":{"line":16,"column":4},"end":{"line":19,"column":null}}},"fnMap":{"0":{"name":"conflictError","decl":{"start":{"line":1,"column":9},"end":{"line":1,"column":22}},"loc":{"start":{"line":1,"column":39},"end":{"line":6,"column":1}}},"1":{"name":"notFound","decl":{"start":{"line":8,"column":9},"end":{"line":8,"column":17}},"loc":{"start":{"line":8,"column":34},"end":{"line":13,"column":1}}},"2":{"name":"unprocessableEntity","decl":{"start":{"line":15,"column":9},"end":{"line":15,"column":28}},"loc":{"start":{"line":15,"column":45},"end":{"line":20,"column":1}}}},"branchMap":{},"s":{"0":1,"1":5,"2":0},"f":{"0":1,"1":5,"2":0},"b":{}}
,"/home/marco/Área de Trabalho/driven/projeto-22/projeto22-geoQuiz-API/src/utils/functionsUtils.ts": {"path":"/home/marco/Área de Trabalho/driven/projeto-22/projeto22-geoQuiz-API/src/utils/functionsUtils.ts","statementMap":{"0":{"start":{"line":7,"column":4},"end":{"line":7,"column":null}},"1":{"start":{"line":8,"column":4},"end":{"line":8,"column":null}},"2":{"start":{"line":12,"column":4},"end":{"line":15,"column":null}},"3":{"start":{"line":12,"column":29},"end":{"line":15,"column":null}},"4":{"start":{"line":17,"column":21},"end":{"line":17,"column":32}},"5":{"start":{"line":18,"column":21},"end":{"line":24,"column":13}},"6":{"start":{"line":19,"column":8},"end":{"line":22,"column":null}},"7":{"start":{"line":19,"column":16},"end":{"line":22,"column":null}},"8":{"start":{"line":23,"column":8},"end":{"line":23,"column":null}},"9":{"start":{"line":25,"column":4},"end":{"line":25,"column":null}},"10":{"start":{"line":29,"column":4},"end":{"line":31,"column":null}},"11":{"start":{"line":30,"column":8},"end":{"line":30,"column":35}},"12":{"start":{"line":32,"column":4},"end":{"line":32,"column":null}},"13":{"start":{"line":36,"column":4},"end":{"line":36,"column":null}},"14":{"start":{"line":40,"column":4},"end":{"line":40,"column":null}},"15":{"start":{"line":44,"column":24},"end":{"line":44,"column":41}},"16":{"start":{"line":45,"column":4},"end":{"line":45,"column":null}}},"fnMap":{"0":{"name":"encryptPassword","decl":{"start":{"line":6,"column":15},"end":{"line":6,"column":30}},"loc":{"start":{"line":6,"column":47},"end":{"line":9,"column":null}}},"1":{"name":"validateTokenAndGetUser","decl":{"start":{"line":11,"column":15},"end":{"line":11,"column":38}},"loc":{"start":{"line":11,"column":52},"end":{"line":26,"column":null}}},"2":{"name":"(anonymous_11)","decl":{"start":{"line":18,"column":47},"end":{"line":18,"column":56}},"loc":{"start":{"line":18,"column":68},"end":{"line":24,"column":5}}},"3":{"name":"suffleArray","decl":{"start":{"line":28,"column":9},"end":{"line":28,"column":20}},"loc":{"start":{"line":28,"column":38},"end":{"line":33,"column":1}}},"4":{"name":"(anonymous_13)","decl":{"start":{"line":29,"column":14},"end":{"line":29,"column":17}},"loc":{"start":{"line":29,"column":19},"end":{"line":31,"column":5}}},"5":{"name":"updateHitsUser","decl":{"start":{"line":35,"column":15},"end":{"line":35,"column":29}},"loc":{"start":{"line":35,"column":44},"end":{"line":37,"column":null}}},"6":{"name":"updateMistakesUser","decl":{"start":{"line":39,"column":15},"end":{"line":39,"column":33}},"loc":{"start":{"line":39,"column":48},"end":{"line":41,"column":null}}},"7":{"name":"updateWeekScore","decl":{"start":{"line":43,"column":15},"end":{"line":43,"column":30}},"loc":{"start":{"line":43,"column":51},"end":{"line":46,"column":null}}}},"branchMap":{"0":{"loc":{"start":{"line":12,"column":4},"end":{"line":15,"column":null}},"type":"if","locations":[{"start":{"line":12,"column":4},"end":{"line":15,"column":null}}]},"1":{"loc":{"start":{"line":19,"column":8},"end":{"line":22,"column":null}},"type":"if","locations":[{"start":{"line":19,"column":8},"end":{"line":22,"column":null}}]}},"s":{"0":0,"1":0,"2":0,"3":0,"4":0,"5":0,"6":0,"7":0,"8":0,"9":0,"10":31,"11":331,"12":31,"13":0,"14":0,"15":0,"16":0},"f":{"0":0,"1":0,"2":0,"3":31,"4":331,"5":0,"6":0,"7":0},"b":{"0":[0],"1":[0]}}
,"/home/marco/Área de Trabalho/driven/projeto-22/projeto22-geoQuiz-API/testes/factories/dataFactory.ts": {"path":"/home/marco/Área de Trabalho/driven/projeto-22/projeto22-geoQuiz-API/testes/factories/dataFactory.ts","statementMap":{"0":{"start":{"line":7,"column":21},"end":{"line":7,"column":43}},"1":{"start":{"line":8,"column":4},"end":{"line":13,"column":null}},"2":{"start":{"line":17,"column":4},"end":{"line":17,"column":null}},"3":{"start":{"line":21,"column":23},"end":{"line":21,"column":34}},"4":{"start":{"line":22,"column":17},"end":{"line":29,"column":6}},"5":{"start":{"line":30,"column":4},"end":{"line":30,"column":null}},"6":{"start":{"line":34,"column":4},"end":{"line":34,"column":null}},"7":{"start":{"line":38,"column":19},"end":{"line":38,"column":45}},"8":{"start":{"line":39,"column":4},"end":{"line":39,"column":49}},"9":{"start":{"line":43,"column":17},"end":{"line":43,"column":54}},"10":{"start":{"line":44,"column":20},"end":{"line":44,"column":94}},"11":{"start":{"line":45,"column":4},"end":{"line":45,"column":null}},"12":{"start":{"line":49,"column":17},"end":{"line":49,"column":51}},"13":{"start":{"line":50,"column":19},"end":{"line":50,"column":53}},"14":{"start":{"line":51,"column":4},"end":{"line":51,"column":null}},"15":{"start":{"line":55,"column":17},"end":{"line":55,"column":57}},"16":{"start":{"line":56,"column":4},"end":{"line":56,"column":null}},"17":{"start":{"line":60,"column":4},"end":{"line":60,"column":null}},"18":{"start":{"line":64,"column":4},"end":{"line":69,"column":null}},"19":{"start":{"line":73,"column":4},"end":{"line":73,"column":null}},"20":{"start":{"line":77,"column":4},"end":{"line":77,"column":null}},"21":{"start":{"line":81,"column":4},"end":{"line":91,"column":null}},"22":{"start":{"line":95,"column":4},"end":{"line":101,"column":null}},"23":{"start":{"line":105,"column":4},"end":{"line":112,"column":null}},"24":{"start":{"line":116,"column":4},"end":{"line":123,"column":null}}},"fnMap":{"0":{"name":"createValidSignUpData","decl":{"start":{"line":6,"column":9},"end":{"line":6,"column":30}},"loc":{"start":{"line":6,"column":30},"end":{"line":14,"column":1}}},"1":{"name":"createInvalidSignUpData","decl":{"start":{"line":16,"column":9},"end":{"line":16,"column":32}},"loc":{"start":{"line":16,"column":32},"end":{"line":18,"column":1}}},"2":{"name":"createValidToken","decl":{"start":{"line":20,"column":15},"end":{"line":20,"column":31}},"loc":{"start":{"line":20,"column":31},"end":{"line":31,"column":null}}},"3":{"name":"createInvalidToken","decl":{"start":{"line":33,"column":9},"end":{"line":33,"column":27}},"loc":{"start":{"line":33,"column":27},"end":{"line":35,"column":1}}},"4":{"name":"createLevel","decl":{"start":{"line":37,"column":9},"end":{"line":37,"column":20}},"loc":{"start":{"line":37,"column":20},"end":{"line":40,"column":1}}},"5":{"name":"createValidateCapitalData","decl":{"start":{"line":42,"column":15},"end":{"line":42,"column":40}},"loc":{"start":{"line":42,"column":40},"end":{"line":46,"column":null}}},"6":{"name":"createValidateflagData","decl":{"start":{"line":48,"column":15},"end":{"line":48,"column":37}},"loc":{"start":{"line":48,"column":37},"end":{"line":52,"column":null}}},"7":{"name":"createValidateTerritoryData","decl":{"start":{"line":54,"column":15},"end":{"line":54,"column":42}},"loc":{"start":{"line":54,"column":42},"end":{"line":57,"column":null}}},"8":{"name":"createFakeEmail","decl":{"start":{"line":59,"column":9},"end":{"line":59,"column":24}},"loc":{"start":{"line":59,"column":24},"end":{"line":61,"column":1}}},"9":{"name":"createUserData","decl":{"start":{"line":63,"column":9},"end":{"line":63,"column":23}},"loc":{"start":{"line":63,"column":23},"end":{"line":70,"column":1}}},"10":{"name":"createPassword","decl":{"start":{"line":72,"column":9},"end":{"line":72,"column":23}},"loc":{"start":{"line":72,"column":23},"end":{"line":74,"column":1}}},"11":{"name":"createFakeId","decl":{"start":{"line":76,"column":9},"end":{"line":76,"column":21}},"loc":{"start":{"line":76,"column":21},"end":{"line":78,"column":1}}},"12":{"name":"createFakeCapitalQuiz","decl":{"start":{"line":80,"column":9},"end":{"line":80,"column":30}},"loc":{"start":{"line":80,"column":30},"end":{"line":92,"column":1}}},"13":{"name":"createFakeFlagQuiz","decl":{"start":{"line":94,"column":9},"end":{"line":94,"column":27}},"loc":{"start":{"line":94,"column":27},"end":{"line":102,"column":1}}},"14":{"name":"createFakeTerritory","decl":{"start":{"line":104,"column":9},"end":{"line":104,"column":28}},"loc":{"start":{"line":104,"column":28},"end":{"line":113,"column":1}}},"15":{"name":"createFakeWeekScore","decl":{"start":{"line":115,"column":9},"end":{"line":115,"column":28}},"loc":{"start":{"line":115,"column":28},"end":{"line":124,"column":1}}}},"branchMap":{},"s":{"0":0,"1":0,"2":0,"3":0,"4":0,"5":0,"6":0,"7":3,"8":3,"9":0,"10":0,"11":0,"12":0,"13":0,"14":0,"15":0,"16":0,"17":4,"18":1,"19":4,"20":10,"21":2,"22":2,"23":3,"24":1},"f":{"0":0,"1":0,"2":0,"3":0,"4":3,"5":0,"6":0,"7":0,"8":4,"9":1,"10":4,"11":10,"12":2,"13":2,"14":3,"15":1},"b":{}}
,"/home/marco/Área de Trabalho/driven/projeto-22/projeto22-geoQuiz-API/testes/factories/mockFactory.ts": {"path":"/home/marco/Área de Trabalho/driven/projeto-22/projeto22-geoQuiz-API/testes/factories/mockFactory.ts","statementMap":{"0":{"start":{"line":4,"column":4},"end":{"line":4,"column":null}},"1":{"start":{"line":8,"column":4},"end":{"line":8,"column":null}},"2":{"start":{"line":12,"column":4},"end":{"line":15,"column":null}},"3":{"start":{"line":19,"column":4},"end":{"line":111,"column":null}},"4":{"start":{"line":115,"column":2},"end":{"line":166,"column":null}},"5":{"start":{"line":170,"column":2},"end":{"line":229,"column":null}}},"fnMap":{"0":{"name":"returnNull","decl":{"start":{"line":3,"column":9},"end":{"line":3,"column":19}},"loc":{"start":{"line":3,"column":19},"end":{"line":5,"column":1}}},"1":{"name":"returnTrue","decl":{"start":{"line":7,"column":9},"end":{"line":7,"column":19}},"loc":{"start":{"line":7,"column":19},"end":{"line":9,"column":1}}},"2":{"name":"returnAnyError","decl":{"start":{"line":11,"column":9},"end":{"line":11,"column":23}},"loc":{"start":{"line":11,"column":23},"end":{"line":16,"column":1}}},"3":{"name":"returnFakeCapitalQuiz","decl":{"start":{"line":18,"column":9},"end":{"line":18,"column":30}},"loc":{"start":{"line":18,"column":30},"end":{"line":112,"column":1}}},"4":{"name":"returnFakeFlagsQuiz","decl":{"start":{"line":114,"column":9},"end":{"line":114,"column":28}},"loc":{"start":{"line":114,"column":28},"end":{"line":167,"column":1}}},"5":{"name":"returnFakeTerritoryQuiz","decl":{"start":{"line":169,"column":9},"end":{"line":169,"column":32}},"loc":{"start":{"line":169,"column":32},"end":{"line":230,"column":1}}}},"branchMap":{},"s":{"0":8,"1":9,"2":0,"3":2,"4":2,"5":2},"f":{"0":8,"1":9,"2":0,"3":2,"4":2,"5":2},"b":{}}
}
