{"/home/marco/Área de Trabalho/driven/projeto-22/projeto22-geoQuiz-API/src/config/database.ts": {"path":"/home/marco/Área de Trabalho/driven/projeto-22/projeto22-geoQuiz-API/src/config/database.ts","statementMap":{"0":{"start":{"line":3,"column":25},"end":{"line":3,"column":28}},"1":{"start":{"line":4,"column":22},"end":{"line":4,"column":40}}},"fnMap":{},"branchMap":{},"s":{"0":5,"1":5},"f":{},"b":{}}
,"/home/marco/Área de Trabalho/driven/projeto-22/projeto22-geoQuiz-API/src/repositories/capitalsRepositories.ts": {"path":"/home/marco/Área de Trabalho/driven/projeto-22/projeto22-geoQuiz-API/src/repositories/capitalsRepositories.ts","statementMap":{"0":{"start":{"line":5,"column":4},"end":{"line":20,"column":null}},"1":{"start":{"line":24,"column":4},"end":{"line":26,"column":null}}},"fnMap":{"0":{"name":"getAllcapitals","decl":{"start":{"line":4,"column":15},"end":{"line":4,"column":29}},"loc":{"start":{"line":4,"column":43},"end":{"line":21,"column":null}}},"1":{"name":"getQuizById","decl":{"start":{"line":23,"column":15},"end":{"line":23,"column":26}},"loc":{"start":{"line":23,"column":37},"end":{"line":27,"column":null}}}},"branchMap":{},"s":{"0":0,"1":0},"f":{"0":0,"1":0},"b":{}}
,"/home/marco/Área de Trabalho/driven/projeto-22/projeto22-geoQuiz-API/src/repositories/flagsRepository.ts": {"path":"/home/marco/Área de Trabalho/driven/projeto-22/projeto22-geoQuiz-API/src/repositories/flagsRepository.ts","statementMap":{"0":{"start":{"line":4,"column":4},"end":{"line":15,"column":null}},"1":{"start":{"line":19,"column":4},"end":{"line":21,"column":null}}},"fnMap":{"0":{"name":"getAllFlags","decl":{"start":{"line":3,"column":15},"end":{"line":3,"column":26}},"loc":{"start":{"line":3,"column":40},"end":{"line":16,"column":null}}},"1":{"name":"getFlagById","decl":{"start":{"line":18,"column":15},"end":{"line":18,"column":26}},"loc":{"start":{"line":18,"column":37},"end":{"line":22,"column":null}}}},"branchMap":{},"s":{"0":0,"1":0},"f":{"0":0,"1":0},"b":{}}
,"/home/marco/Área de Trabalho/driven/projeto-22/projeto22-geoQuiz-API/src/repositories/territoriesRepository.ts": {"path":"/home/marco/Área de Trabalho/driven/projeto-22/projeto22-geoQuiz-API/src/repositories/territoriesRepository.ts","statementMap":{"0":{"start":{"line":4,"column":17},"end":{"line":16,"column":6}},"1":{"start":{"line":17,"column":4},"end":{"line":17,"column":null}},"2":{"start":{"line":21,"column":4},"end":{"line":23,"column":null}}},"fnMap":{"0":{"name":"getAllTerritories","decl":{"start":{"line":3,"column":15},"end":{"line":3,"column":32}},"loc":{"start":{"line":3,"column":46},"end":{"line":18,"column":null}}},"1":{"name":"getQuizById","decl":{"start":{"line":20,"column":15},"end":{"line":20,"column":26}},"loc":{"start":{"line":20,"column":37},"end":{"line":24,"column":null}}}},"branchMap":{},"s":{"0":0,"1":0,"2":0},"f":{"0":0,"1":0},"b":{}}
,"/home/marco/Área de Trabalho/driven/projeto-22/projeto22-geoQuiz-API/src/repositories/userRepository.ts": {"path":"/home/marco/Área de Trabalho/driven/projeto-22/projeto22-geoQuiz-API/src/repositories/userRepository.ts","statementMap":{"0":{"start":{"line":5,"column":4},"end":{"line":7,"column":null}},"1":{"start":{"line":11,"column":4},"end":{"line":19,"column":null}},"2":{"start":{"line":23,"column":4},"end":{"line":25,"column":null}},"3":{"start":{"line":29,"column":4},"end":{"line":32,"column":null}},"4":{"start":{"line":36,"column":4},"end":{"line":39,"column":null}},"5":{"start":{"line":43,"column":4},"end":{"line":48,"column":null}},"6":{"start":{"line":52,"column":4},"end":{"line":57,"column":null}},"7":{"start":{"line":61,"column":4},"end":{"line":66,"column":null}}},"fnMap":{"0":{"name":"findUserByEmail","decl":{"start":{"line":4,"column":15},"end":{"line":4,"column":30}},"loc":{"start":{"line":4,"column":44},"end":{"line":8,"column":null}}},"1":{"name":"getUserById","decl":{"start":{"line":10,"column":15},"end":{"line":10,"column":26}},"loc":{"start":{"line":10,"column":37},"end":{"line":20,"column":null}}},"2":{"name":"registerNewUser","decl":{"start":{"line":22,"column":15},"end":{"line":22,"column":30}},"loc":{"start":{"line":22,"column":48},"end":{"line":26,"column":null}}},"3":{"name":"updateHitsByUser","decl":{"start":{"line":28,"column":15},"end":{"line":28,"column":31}},"loc":{"start":{"line":28,"column":42},"end":{"line":33,"column":null}}},"4":{"name":"updateMistakesByUser","decl":{"start":{"line":35,"column":15},"end":{"line":35,"column":35}},"loc":{"start":{"line":35,"column":46},"end":{"line":40,"column":null}}},"5":{"name":"createGameScore","decl":{"start":{"line":42,"column":15},"end":{"line":42,"column":30}},"loc":{"start":{"line":42,"column":66},"end":{"line":49,"column":null}}},"6":{"name":"getHistoryGames","decl":{"start":{"line":51,"column":15},"end":{"line":51,"column":30}},"loc":{"start":{"line":51,"column":30},"end":{"line":58,"column":null}}},"7":{"name":"getUsersList","decl":{"start":{"line":60,"column":15},"end":{"line":60,"column":27}},"loc":{"start":{"line":60,"column":27},"end":{"line":67,"column":null}}}},"branchMap":{},"s":{"0":0,"1":0,"2":0,"3":0,"4":0,"5":0,"6":0,"7":0},"f":{"0":0,"1":0,"2":0,"3":0,"4":0,"5":0,"6":0,"7":0},"b":{}}
,"/home/marco/Área de Trabalho/driven/projeto-22/projeto22-geoQuiz-API/src/services/authServices.ts": {"path":"/home/marco/Área de Trabalho/driven/projeto-22/projeto22-geoQuiz-API/src/services/authServices.ts","statementMap":{"0":{"start":{"line":11,"column":17},"end":{"line":11,"column":60}},"1":{"start":{"line":12,"column":4},"end":{"line":12,"column":null}},"2":{"start":{"line":12,"column":13},"end":{"line":12,"column":null}},"3":{"start":{"line":16,"column":17},"end":{"line":16,"column":60}},"4":{"start":{"line":17,"column":4},"end":{"line":17,"column":null}},"5":{"start":{"line":17,"column":14},"end":{"line":17,"column":null}},"6":{"start":{"line":18,"column":4},"end":{"line":18,"column":null}},"7":{"start":{"line":22,"column":4},"end":{"line":22,"column":null}},"8":{"start":{"line":26,"column":16},"end":{"line":26,"column":55}},"9":{"start":{"line":27,"column":4},"end":{"line":27,"column":null}},"10":{"start":{"line":27,"column":13},"end":{"line":27,"column":null}},"11":{"start":{"line":31,"column":4},"end":{"line":31,"column":null}},"12":{"start":{"line":32,"column":21},"end":{"line":32,"column":32}},"13":{"start":{"line":33,"column":4},"end":{"line":33,"column":null}},"14":{"start":{"line":37,"column":4},"end":{"line":37,"column":null}},"15":{"start":{"line":38,"column":20},"end":{"line":38,"column":31}},"16":{"start":{"line":39,"column":4},"end":{"line":39,"column":null}},"17":{"start":{"line":40,"column":20},"end":{"line":40,"column":289}},"18":{"start":{"line":41,"column":4},"end":{"line":55,"column":null}},"19":{"start":{"line":42,"column":21},"end":{"line":47,"column":null}},"20":{"start":{"line":48,"column":8},"end":{"line":48,"column":null}},"21":{"start":{"line":51,"column":8},"end":{"line":54,"column":null}}},"fnMap":{"0":{"name":"isEmailAlreadyinUse","decl":{"start":{"line":10,"column":15},"end":{"line":10,"column":34}},"loc":{"start":{"line":10,"column":48},"end":{"line":13,"column":null}}},"1":{"name":"verifyAndGetIfUserExists","decl":{"start":{"line":15,"column":15},"end":{"line":15,"column":39}},"loc":{"start":{"line":15,"column":53},"end":{"line":19,"column":null}}},"2":{"name":"registerNewUser","decl":{"start":{"line":21,"column":15},"end":{"line":21,"column":30}},"loc":{"start":{"line":21,"column":48},"end":{"line":23,"column":null}}},"3":{"name":"verifyPasswordIsCorrect","decl":{"start":{"line":25,"column":9},"end":{"line":25,"column":32}},"loc":{"start":{"line":25,"column":68},"end":{"line":28,"column":1}}},"4":{"name":"generateToken","decl":{"start":{"line":30,"column":9},"end":{"line":30,"column":22}},"loc":{"start":{"line":30,"column":37},"end":{"line":34,"column":1}}},"5":{"name":"buildEmail","decl":{"start":{"line":36,"column":15},"end":{"line":36,"column":25}},"loc":{"start":{"line":36,"column":39},"end":{"line":56,"column":null}}}},"branchMap":{"0":{"loc":{"start":{"line":12,"column":4},"end":{"line":12,"column":null}},"type":"if","locations":[{"start":{"line":12,"column":4},"end":{"line":12,"column":null}}]},"1":{"loc":{"start":{"line":17,"column":4},"end":{"line":17,"column":null}},"type":"if","locations":[{"start":{"line":17,"column":4},"end":{"line":17,"column":null}}]},"2":{"loc":{"start":{"line":27,"column":4},"end":{"line":27,"column":null}},"type":"if","locations":[{"start":{"line":27,"column":4},"end":{"line":27,"column":null}}]}},"s":{"0":2,"1":2,"2":1,"3":2,"4":2,"5":1,"6":1,"7":1,"8":2,"9":2,"10":0,"11":1,"12":1,"13":1,"14":0,"15":0,"16":0,"17":0,"18":0,"19":0,"20":0,"21":0},"f":{"0":2,"1":2,"2":1,"3":2,"4":1,"5":0},"b":{"0":[1],"1":[1],"2":[0]}}
,"/home/marco/Área de Trabalho/driven/projeto-22/projeto22-geoQuiz-API/src/services/capitalsServices.ts": {"path":"/home/marco/Área de Trabalho/driven/projeto-22/projeto22-geoQuiz-API/src/services/capitalsServices.ts","statementMap":{"0":{"start":{"line":7,"column":15},"end":{"line":7,"column":61}},"1":{"start":{"line":8,"column":4},"end":{"line":8,"column":null}},"2":{"start":{"line":9,"column":4},"end":{"line":9,"column":null}},"3":{"start":{"line":13,"column":4},"end":{"line":23,"column":null}},"4":{"start":{"line":14,"column":8},"end":{"line":14,"column":null}},"5":{"start":{"line":15,"column":8},"end":{"line":15,"column":null}},"6":{"start":{"line":16,"column":8},"end":{"line":16,"column":null}},"7":{"start":{"line":17,"column":8},"end":{"line":17,"column":null}},"8":{"start":{"line":18,"column":8},"end":{"line":18,"column":null}},"9":{"start":{"line":19,"column":8},"end":{"line":19,"column":null}},"10":{"start":{"line":20,"column":8},"end":{"line":20,"column":null}},"11":{"start":{"line":21,"column":8},"end":{"line":21,"column":null}},"12":{"start":{"line":22,"column":8},"end":{"line":22,"column":null}},"13":{"start":{"line":24,"column":4},"end":{"line":24,"column":null}},"14":{"start":{"line":28,"column":17},"end":{"line":28,"column":57}},"15":{"start":{"line":29,"column":4},"end":{"line":29,"column":null}},"16":{"start":{"line":29,"column":14},"end":{"line":29,"column":null}},"17":{"start":{"line":30,"column":4},"end":{"line":30,"column":null}},"18":{"start":{"line":34,"column":4},"end":{"line":38,"column":null}},"19":{"start":{"line":35,"column":8},"end":{"line":35,"column":null}},"20":{"start":{"line":37,"column":8},"end":{"line":37,"column":null}}},"fnMap":{"0":{"name":"getAndSuffleCapitals","decl":{"start":{"line":6,"column":15},"end":{"line":6,"column":35}},"loc":{"start":{"line":6,"column":49},"end":{"line":10,"column":null}}},"1":{"name":"suffleOptions","decl":{"start":{"line":12,"column":9},"end":{"line":12,"column":22}},"loc":{"start":{"line":12,"column":27},"end":{"line":25,"column":1}}},"2":{"name":"(anonymous_10)","decl":{"start":{"line":13,"column":17},"end":{"line":13,"column":18}},"loc":{"start":{"line":13,"column":21},"end":{"line":23,"column":5}}},"3":{"name":"verifyAndGetQuizById","decl":{"start":{"line":27,"column":15},"end":{"line":27,"column":35}},"loc":{"start":{"line":27,"column":46},"end":{"line":31,"column":null}}},"4":{"name":"validateAnswer","decl":{"start":{"line":33,"column":9},"end":{"line":33,"column":23}},"loc":{"start":{"line":33,"column":58},"end":{"line":39,"column":1}}}},"branchMap":{"0":{"loc":{"start":{"line":29,"column":4},"end":{"line":29,"column":null}},"type":"if","locations":[{"start":{"line":29,"column":4},"end":{"line":29,"column":null}}]},"1":{"loc":{"start":{"line":34,"column":4},"end":{"line":38,"column":null}},"type":"if","locations":[{"start":{"line":34,"column":4},"end":{"line":38,"column":null}},{"start":{"line":36,"column":11},"end":{"line":38,"column":null}}]}},"s":{"0":1,"1":1,"2":1,"3":1,"4":1,"5":1,"6":1,"7":1,"8":1,"9":1,"10":1,"11":1,"12":1,"13":1,"14":2,"15":2,"16":1,"17":1,"18":2,"19":1,"20":1},"f":{"0":1,"1":1,"2":1,"3":2,"4":2},"b":{"0":[1],"1":[1,1]}}
,"/home/marco/Área de Trabalho/driven/projeto-22/projeto22-geoQuiz-API/src/services/flagsServices.ts": {"path":"/home/marco/Área de Trabalho/driven/projeto-22/projeto22-geoQuiz-API/src/services/flagsServices.ts","statementMap":{"0":{"start":{"line":7,"column":15},"end":{"line":7,"column":55}},"1":{"start":{"line":8,"column":4},"end":{"line":8,"column":null}},"2":{"start":{"line":9,"column":4},"end":{"line":9,"column":null}},"3":{"start":{"line":13,"column":16},"end":{"line":13,"column":18}},"4":{"start":{"line":14,"column":4},"end":{"line":28,"column":null}},"5":{"start":{"line":14,"column":16},"end":{"line":14,"column":17}},"6":{"start":{"line":15,"column":26},"end":{"line":15,"column":28}},"7":{"start":{"line":16,"column":8},"end":{"line":20,"column":null}},"8":{"start":{"line":16,"column":20},"end":{"line":16,"column":21}},"9":{"start":{"line":17,"column":12},"end":{"line":19,"column":null}},"10":{"start":{"line":18,"column":16},"end":{"line":18,"column":null}},"11":{"start":{"line":21,"column":8},"end":{"line":21,"column":null}},"12":{"start":{"line":22,"column":8},"end":{"line":26,"column":null}},"13":{"start":{"line":27,"column":8},"end":{"line":27,"column":null}},"14":{"start":{"line":29,"column":4},"end":{"line":29,"column":null}},"15":{"start":{"line":33,"column":17},"end":{"line":33,"column":54}},"16":{"start":{"line":34,"column":4},"end":{"line":34,"column":null}},"17":{"start":{"line":34,"column":14},"end":{"line":34,"column":null}},"18":{"start":{"line":35,"column":4},"end":{"line":35,"column":null}},"19":{"start":{"line":39,"column":4},"end":{"line":43,"column":null}},"20":{"start":{"line":40,"column":8},"end":{"line":40,"column":null}},"21":{"start":{"line":42,"column":8},"end":{"line":42,"column":null}}},"fnMap":{"0":{"name":"getAndSuffleFlags","decl":{"start":{"line":6,"column":15},"end":{"line":6,"column":32}},"loc":{"start":{"line":6,"column":46},"end":{"line":10,"column":null}}},"1":{"name":"assembleObject","decl":{"start":{"line":12,"column":9},"end":{"line":12,"column":23}},"loc":{"start":{"line":12,"column":28},"end":{"line":30,"column":1}}},"2":{"name":"verifyAndGetQuizById","decl":{"start":{"line":32,"column":15},"end":{"line":32,"column":35}},"loc":{"start":{"line":32,"column":46},"end":{"line":36,"column":null}}},"3":{"name":"validateAnswer","decl":{"start":{"line":38,"column":9},"end":{"line":38,"column":23}},"loc":{"start":{"line":38,"column":55},"end":{"line":44,"column":1}}}},"branchMap":{"0":{"loc":{"start":{"line":17,"column":12},"end":{"line":19,"column":null}},"type":"if","locations":[{"start":{"line":17,"column":12},"end":{"line":19,"column":null}}]},"1":{"loc":{"start":{"line":34,"column":4},"end":{"line":34,"column":null}},"type":"if","locations":[{"start":{"line":34,"column":4},"end":{"line":34,"column":null}}]},"2":{"loc":{"start":{"line":39,"column":4},"end":{"line":43,"column":null}},"type":"if","locations":[{"start":{"line":39,"column":4},"end":{"line":43,"column":null}},{"start":{"line":41,"column":11},"end":{"line":43,"column":null}}]}},"s":{"0":1,"1":1,"2":1,"3":1,"4":1,"5":1,"6":10,"7":10,"8":10,"9":100,"10":90,"11":10,"12":10,"13":10,"14":1,"15":2,"16":2,"17":1,"18":1,"19":2,"20":1,"21":1},"f":{"0":1,"1":1,"2":2,"3":2},"b":{"0":[90],"1":[1],"2":[1,1]}}
,"/home/marco/Área de Trabalho/driven/projeto-22/projeto22-geoQuiz-API/src/services/territoriesServices.ts": {"path":"/home/marco/Área de Trabalho/driven/projeto-22/projeto22-geoQuiz-API/src/services/territoriesServices.ts","statementMap":{"0":{"start":{"line":7,"column":24},"end":{"line":7,"column":76}},"1":{"start":{"line":8,"column":4},"end":{"line":8,"column":null}},"2":{"start":{"line":9,"column":4},"end":{"line":11,"column":null}},"3":{"start":{"line":10,"column":8},"end":{"line":10,"column":null}},"4":{"start":{"line":12,"column":4},"end":{"line":12,"column":null}},"5":{"start":{"line":16,"column":4},"end":{"line":16,"column":null}},"6":{"start":{"line":17,"column":4},"end":{"line":17,"column":null}},"7":{"start":{"line":21,"column":17},"end":{"line":21,"column":60}},"8":{"start":{"line":22,"column":4},"end":{"line":22,"column":null}},"9":{"start":{"line":22,"column":14},"end":{"line":22,"column":null}},"10":{"start":{"line":23,"column":4},"end":{"line":23,"column":null}},"11":{"start":{"line":27,"column":4},"end":{"line":31,"column":null}},"12":{"start":{"line":28,"column":8},"end":{"line":28,"column":null}},"13":{"start":{"line":30,"column":8},"end":{"line":30,"column":null}}},"fnMap":{"0":{"name":"getAndSuffleTerritories","decl":{"start":{"line":6,"column":15},"end":{"line":6,"column":38}},"loc":{"start":{"line":6,"column":52},"end":{"line":13,"column":null}}},"1":{"name":"(anonymous_9)","decl":{"start":{"line":9,"column":24},"end":{"line":9,"column":33}},"loc":{"start":{"line":9,"column":36},"end":{"line":11,"column":5}}},"2":{"name":"assembleTerritories","decl":{"start":{"line":15,"column":15},"end":{"line":15,"column":34}},"loc":{"start":{"line":15,"column":44},"end":{"line":18,"column":null}}},"3":{"name":"verifyAndGetQuizById","decl":{"start":{"line":20,"column":15},"end":{"line":20,"column":35}},"loc":{"start":{"line":20,"column":46},"end":{"line":24,"column":null}}},"4":{"name":"validateAnswer","decl":{"start":{"line":26,"column":15},"end":{"line":26,"column":29}},"loc":{"start":{"line":26,"column":67},"end":{"line":32,"column":null}}}},"branchMap":{"0":{"loc":{"start":{"line":22,"column":4},"end":{"line":22,"column":null}},"type":"if","locations":[{"start":{"line":22,"column":4},"end":{"line":22,"column":null}}]},"1":{"loc":{"start":{"line":27,"column":4},"end":{"line":31,"column":null}},"type":"if","locations":[{"start":{"line":27,"column":4},"end":{"line":31,"column":null}},{"start":{"line":29,"column":11},"end":{"line":31,"column":null}}]}},"s":{"0":1,"1":1,"2":1,"3":10,"4":1,"5":11,"6":11,"7":2,"8":2,"9":1,"10":1,"11":2,"12":1,"13":1},"f":{"0":1,"1":10,"2":11,"3":2,"4":2},"b":{"0":[1],"1":[1,1]}}
,"/home/marco/Área de Trabalho/driven/projeto-22/projeto22-geoQuiz-API/src/services/usersService.ts": {"path":"/home/marco/Área de Trabalho/driven/projeto-22/projeto22-geoQuiz-API/src/services/usersService.ts","statementMap":{"0":{"start":{"line":5,"column":17},"end":{"line":5,"column":53}},"1":{"start":{"line":6,"column":4},"end":{"line":6,"column":null}},"2":{"start":{"line":6,"column":15},"end":{"line":6,"column":null}},"3":{"start":{"line":7,"column":4},"end":{"line":7,"column":null}},"4":{"start":{"line":11,"column":18},"end":{"line":11,"column":63}},"5":{"start":{"line":12,"column":4},"end":{"line":14,"column":null}},"6":{"start":{"line":13,"column":8},"end":{"line":13,"column":null}},"7":{"start":{"line":15,"column":4},"end":{"line":15,"column":null}},"8":{"start":{"line":19,"column":4},"end":{"line":20,"column":null}},"9":{"start":{"line":19,"column":47},"end":{"line":19,"column":82}},"10":{"start":{"line":20,"column":42},"end":{"line":20,"column":43}}},"fnMap":{"0":{"name":"getUserById","decl":{"start":{"line":4,"column":15},"end":{"line":4,"column":26}},"loc":{"start":{"line":4,"column":37},"end":{"line":8,"column":null}}},"1":{"name":"calculateWeekScoreByUser","decl":{"start":{"line":10,"column":15},"end":{"line":10,"column":39}},"loc":{"start":{"line":10,"column":50},"end":{"line":16,"column":null}}},"2":{"name":"(anonymous_11)","decl":{"start":{"line":12,"column":18},"end":{"line":12,"column":23}},"loc":{"start":{"line":12,"column":26},"end":{"line":14,"column":5}}},"3":{"name":"toJson","decl":{"start":{"line":18,"column":9},"end":{"line":18,"column":15}},"loc":{"start":{"line":18,"column":25},"end":{"line":21,"column":1}}},"4":{"name":"(anonymous_13)","decl":{"start":{"line":19,"column":37},"end":{"line":19,"column":38}},"loc":{"start":{"line":19,"column":47},"end":{"line":19,"column":82}}},"5":{"name":"(anonymous_14)","decl":{"start":{"line":20,"column":32},"end":{"line":20,"column":33}},"loc":{"start":{"line":20,"column":42},"end":{"line":20,"column":43}}}},"branchMap":{"0":{"loc":{"start":{"line":6,"column":4},"end":{"line":6,"column":null}},"type":"if","locations":[{"start":{"line":6,"column":4},"end":{"line":6,"column":null}}]},"1":{"loc":{"start":{"line":19,"column":47},"end":{"line":19,"column":82}},"type":"cond-expr","locations":[{"start":{"line":19,"column":71},"end":{"line":19,"column":78}},{"start":{"line":19,"column":81},"end":{"line":19,"column":82}}]}},"s":{"0":2,"1":2,"2":1,"3":1,"4":1,"5":1,"6":6,"7":1,"8":6,"9":6,"10":0},"f":{"0":2,"1":1,"2":6,"3":6,"4":6,"5":0},"b":{"0":[1],"1":[0,6]}}
,"/home/marco/Área de Trabalho/driven/projeto-22/projeto22-geoQuiz-API/src/utils/errors.ts": {"path":"/home/marco/Área de Trabalho/driven/projeto-22/projeto22-geoQuiz-API/src/utils/errors.ts","statementMap":{"0":{"start":{"line":2,"column":4},"end":{"line":5,"column":null}},"1":{"start":{"line":9,"column":4},"end":{"line":12,"column":null}},"2":{"start":{"line":16,"column":4},"end":{"line":19,"column":null}}},"fnMap":{"0":{"name":"conflictError","decl":{"start":{"line":1,"column":9},"end":{"line":1,"column":22}},"loc":{"start":{"line":1,"column":39},"end":{"line":6,"column":1}}},"1":{"name":"notFound","decl":{"start":{"line":8,"column":9},"end":{"line":8,"column":17}},"loc":{"start":{"line":8,"column":34},"end":{"line":13,"column":1}}},"2":{"name":"unprocessableEntity","decl":{"start":{"line":15,"column":9},"end":{"line":15,"column":28}},"loc":{"start":{"line":15,"column":45},"end":{"line":20,"column":1}}}},"branchMap":{},"s":{"0":1,"1":5,"2":0},"f":{"0":1,"1":5,"2":0},"b":{}}
,"/home/marco/Área de Trabalho/driven/projeto-22/projeto22-geoQuiz-API/src/utils/functionsUtils.ts": {"path":"/home/marco/Área de Trabalho/driven/projeto-22/projeto22-geoQuiz-API/src/utils/functionsUtils.ts","statementMap":{"0":{"start":{"line":7,"column":4},"end":{"line":7,"column":null}},"1":{"start":{"line":8,"column":4},"end":{"line":8,"column":null}},"2":{"start":{"line":12,"column":4},"end":{"line":15,"column":null}},"3":{"start":{"line":12,"column":29},"end":{"line":15,"column":null}},"4":{"start":{"line":17,"column":21},"end":{"line":17,"column":32}},"5":{"start":{"line":18,"column":21},"end":{"line":24,"column":13}},"6":{"start":{"line":19,"column":8},"end":{"line":22,"column":null}},"7":{"start":{"line":19,"column":16},"end":{"line":22,"column":null}},"8":{"start":{"line":23,"column":8},"end":{"line":23,"column":null}},"9":{"start":{"line":25,"column":4},"end":{"line":25,"column":null}},"10":{"start":{"line":29,"column":4},"end":{"line":31,"column":null}},"11":{"start":{"line":30,"column":8},"end":{"line":30,"column":35}},"12":{"start":{"line":32,"column":4},"end":{"line":32,"column":null}},"13":{"start":{"line":36,"column":4},"end":{"line":36,"column":null}},"14":{"start":{"line":40,"column":4},"end":{"line":40,"column":null}},"15":{"start":{"line":44,"column":24},"end":{"line":44,"column":41}},"16":{"start":{"line":45,"column":4},"end":{"line":45,"column":null}}},"fnMap":{"0":{"name":"encryptPassword","decl":{"start":{"line":6,"column":15},"end":{"line":6,"column":30}},"loc":{"start":{"line":6,"column":47},"end":{"line":9,"column":null}}},"1":{"name":"validateTokenAndGetUser","decl":{"start":{"line":11,"column":15},"end":{"line":11,"column":38}},"loc":{"start":{"line":11,"column":52},"end":{"line":26,"column":null}}},"2":{"name":"(anonymous_11)","decl":{"start":{"line":18,"column":47},"end":{"line":18,"column":56}},"loc":{"start":{"line":18,"column":68},"end":{"line":24,"column":5}}},"3":{"name":"suffleArray","decl":{"start":{"line":28,"column":9},"end":{"line":28,"column":20}},"loc":{"start":{"line":28,"column":38},"end":{"line":33,"column":1}}},"4":{"name":"(anonymous_13)","decl":{"start":{"line":29,"column":14},"end":{"line":29,"column":17}},"loc":{"start":{"line":29,"column":19},"end":{"line":31,"column":5}}},"5":{"name":"updateHitsUser","decl":{"start":{"line":35,"column":15},"end":{"line":35,"column":29}},"loc":{"start":{"line":35,"column":44},"end":{"line":37,"column":null}}},"6":{"name":"updateMistakesUser","decl":{"start":{"line":39,"column":15},"end":{"line":39,"column":33}},"loc":{"start":{"line":39,"column":48},"end":{"line":41,"column":null}}},"7":{"name":"updateWeekScore","decl":{"start":{"line":43,"column":15},"end":{"line":43,"column":30}},"loc":{"start":{"line":43,"column":51},"end":{"line":46,"column":null}}}},"branchMap":{"0":{"loc":{"start":{"line":12,"column":4},"end":{"line":15,"column":null}},"type":"if","locations":[{"start":{"line":12,"column":4},"end":{"line":15,"column":null}}]},"1":{"loc":{"start":{"line":19,"column":8},"end":{"line":22,"column":null}},"type":"if","locations":[{"start":{"line":19,"column":8},"end":{"line":22,"column":null}}]}},"s":{"0":0,"1":0,"2":0,"3":0,"4":0,"5":0,"6":0,"7":0,"8":0,"9":0,"10":31,"11":314,"12":31,"13":0,"14":0,"15":0,"16":0},"f":{"0":0,"1":0,"2":0,"3":31,"4":314,"5":0,"6":0,"7":0},"b":{"0":[0],"1":[0]}}
,"/home/marco/Área de Trabalho/driven/projeto-22/projeto22-geoQuiz-API/testes/factories/dataFactory.ts": {"path":"/home/marco/Área de Trabalho/driven/projeto-22/projeto22-geoQuiz-API/testes/factories/dataFactory.ts","statementMap":{"0":{"start":{"line":7,"column":21},"end":{"line":7,"column":43}},"1":{"start":{"line":8,"column":4},"end":{"line":13,"column":null}},"2":{"start":{"line":17,"column":4},"end":{"line":17,"column":null}},"3":{"start":{"line":21,"column":23},"end":{"line":21,"column":34}},"4":{"start":{"line":22,"column":17},"end":{"line":29,"column":6}},"5":{"start":{"line":30,"column":4},"end":{"line":30,"column":null}},"6":{"start":{"line":34,"column":4},"end":{"line":34,"column":null}},"7":{"start":{"line":38,"column":19},"end":{"line":38,"column":45}},"8":{"start":{"line":39,"column":4},"end":{"line":39,"column":49}},"9":{"start":{"line":43,"column":17},"end":{"line":43,"column":54}},"10":{"start":{"line":44,"column":20},"end":{"line":44,"column":94}},"11":{"start":{"line":45,"column":4},"end":{"line":45,"column":null}},"12":{"start":{"line":49,"column":17},"end":{"line":49,"column":51}},"13":{"start":{"line":50,"column":19},"end":{"line":50,"column":53}},"14":{"start":{"line":51,"column":4},"end":{"line":51,"column":null}},"15":{"start":{"line":55,"column":17},"end":{"line":55,"column":57}},"16":{"start":{"line":56,"column":4},"end":{"line":56,"column":null}},"17":{"start":{"line":60,"column":4},"end":{"line":60,"column":null}},"18":{"start":{"line":64,"column":4},"end":{"line":69,"column":null}},"19":{"start":{"line":73,"column":4},"end":{"line":73,"column":null}},"20":{"start":{"line":77,"column":4},"end":{"line":77,"column":null}},"21":{"start":{"line":81,"column":4},"end":{"line":91,"column":null}},"22":{"start":{"line":95,"column":4},"end":{"line":101,"column":null}},"23":{"start":{"line":105,"column":4},"end":{"line":112,"column":null}},"24":{"start":{"line":116,"column":4},"end":{"line":123,"column":null}}},"fnMap":{"0":{"name":"createValidSignUpData","decl":{"start":{"line":6,"column":9},"end":{"line":6,"column":30}},"loc":{"start":{"line":6,"column":30},"end":{"line":14,"column":1}}},"1":{"name":"createInvalidSignUpData","decl":{"start":{"line":16,"column":9},"end":{"line":16,"column":32}},"loc":{"start":{"line":16,"column":32},"end":{"line":18,"column":1}}},"2":{"name":"createValidToken","decl":{"start":{"line":20,"column":15},"end":{"line":20,"column":31}},"loc":{"start":{"line":20,"column":31},"end":{"line":31,"column":null}}},"3":{"name":"createInvalidToken","decl":{"start":{"line":33,"column":9},"end":{"line":33,"column":27}},"loc":{"start":{"line":33,"column":27},"end":{"line":35,"column":1}}},"4":{"name":"createLevel","decl":{"start":{"line":37,"column":9},"end":{"line":37,"column":20}},"loc":{"start":{"line":37,"column":20},"end":{"line":40,"column":1}}},"5":{"name":"createValidateCapitalData","decl":{"start":{"line":42,"column":15},"end":{"line":42,"column":40}},"loc":{"start":{"line":42,"column":40},"end":{"line":46,"column":null}}},"6":{"name":"createValidateflagData","decl":{"start":{"line":48,"column":15},"end":{"line":48,"column":37}},"loc":{"start":{"line":48,"column":37},"end":{"line":52,"column":null}}},"7":{"name":"createValidateTerritoryData","decl":{"start":{"line":54,"column":15},"end":{"line":54,"column":42}},"loc":{"start":{"line":54,"column":42},"end":{"line":57,"column":null}}},"8":{"name":"createFakeEmail","decl":{"start":{"line":59,"column":9},"end":{"line":59,"column":24}},"loc":{"start":{"line":59,"column":24},"end":{"line":61,"column":1}}},"9":{"name":"createUserData","decl":{"start":{"line":63,"column":9},"end":{"line":63,"column":23}},"loc":{"start":{"line":63,"column":23},"end":{"line":70,"column":1}}},"10":{"name":"createPassword","decl":{"start":{"line":72,"column":9},"end":{"line":72,"column":23}},"loc":{"start":{"line":72,"column":23},"end":{"line":74,"column":1}}},"11":{"name":"createFakeId","decl":{"start":{"line":76,"column":9},"end":{"line":76,"column":21}},"loc":{"start":{"line":76,"column":21},"end":{"line":78,"column":1}}},"12":{"name":"createFakeCapitalQuiz","decl":{"start":{"line":80,"column":9},"end":{"line":80,"column":30}},"loc":{"start":{"line":80,"column":30},"end":{"line":92,"column":1}}},"13":{"name":"createFakeFlagQuiz","decl":{"start":{"line":94,"column":9},"end":{"line":94,"column":27}},"loc":{"start":{"line":94,"column":27},"end":{"line":102,"column":1}}},"14":{"name":"createFakeTerritory","decl":{"start":{"line":104,"column":9},"end":{"line":104,"column":28}},"loc":{"start":{"line":104,"column":28},"end":{"line":113,"column":1}}},"15":{"name":"createFakeWeekScore","decl":{"start":{"line":115,"column":9},"end":{"line":115,"column":28}},"loc":{"start":{"line":115,"column":28},"end":{"line":124,"column":1}}}},"branchMap":{},"s":{"0":0,"1":0,"2":0,"3":0,"4":0,"5":0,"6":0,"7":3,"8":3,"9":0,"10":0,"11":0,"12":0,"13":0,"14":0,"15":0,"16":0,"17":4,"18":1,"19":4,"20":10,"21":2,"22":2,"23":3,"24":1},"f":{"0":0,"1":0,"2":0,"3":0,"4":3,"5":0,"6":0,"7":0,"8":4,"9":1,"10":4,"11":10,"12":2,"13":2,"14":3,"15":1},"b":{}}
,"/home/marco/Área de Trabalho/driven/projeto-22/projeto22-geoQuiz-API/testes/factories/mockFactory.ts": {"path":"/home/marco/Área de Trabalho/driven/projeto-22/projeto22-geoQuiz-API/testes/factories/mockFactory.ts","statementMap":{"0":{"start":{"line":4,"column":4},"end":{"line":4,"column":null}},"1":{"start":{"line":8,"column":4},"end":{"line":8,"column":null}},"2":{"start":{"line":12,"column":4},"end":{"line":15,"column":null}},"3":{"start":{"line":19,"column":4},"end":{"line":111,"column":null}},"4":{"start":{"line":115,"column":2},"end":{"line":166,"column":null}},"5":{"start":{"line":170,"column":2},"end":{"line":229,"column":null}}},"fnMap":{"0":{"name":"returnNull","decl":{"start":{"line":3,"column":9},"end":{"line":3,"column":19}},"loc":{"start":{"line":3,"column":19},"end":{"line":5,"column":1}}},"1":{"name":"returnTrue","decl":{"start":{"line":7,"column":9},"end":{"line":7,"column":19}},"loc":{"start":{"line":7,"column":19},"end":{"line":9,"column":1}}},"2":{"name":"returnAnyError","decl":{"start":{"line":11,"column":9},"end":{"line":11,"column":23}},"loc":{"start":{"line":11,"column":23},"end":{"line":16,"column":1}}},"3":{"name":"returnFakeCapitalQuiz","decl":{"start":{"line":18,"column":9},"end":{"line":18,"column":30}},"loc":{"start":{"line":18,"column":30},"end":{"line":112,"column":1}}},"4":{"name":"returnFakeFlagsQuiz","decl":{"start":{"line":114,"column":9},"end":{"line":114,"column":28}},"loc":{"start":{"line":114,"column":28},"end":{"line":167,"column":1}}},"5":{"name":"returnFakeTerritoryQuiz","decl":{"start":{"line":169,"column":9},"end":{"line":169,"column":32}},"loc":{"start":{"line":169,"column":32},"end":{"line":230,"column":1}}}},"branchMap":{},"s":{"0":8,"1":9,"2":0,"3":2,"4":2,"5":2},"f":{"0":8,"1":9,"2":0,"3":2,"4":2,"5":2},"b":{}}
}
