TN:
SF:src/config/database.ts
FNF:0
FNH:0
DA:3,5
DA:4,5
LF:2
LH:2
BRF:0
BRH:0
end_of_record
TN:
SF:src/repositories/capitalsRepositories.ts
FN:4,getAllcapitals
FN:23,getQuizById
FNF:2
FNH:0
FNDA:0,getAllcapitals
FNDA:0,getQuizById
DA:5,0
DA:24,0
LF:2
LH:0
BRF:0
BRH:0
end_of_record
TN:
SF:src/repositories/flagsRepository.ts
FN:3,getAllFlags
FN:18,getFlagById
FNF:2
FNH:0
FNDA:0,getAllFlags
FNDA:0,getFlagById
DA:4,0
DA:19,0
LF:2
LH:0
BRF:0
BRH:0
end_of_record
TN:
SF:src/repositories/territoriesRepository.ts
FN:3,getAllTerritories
FN:20,getQuizById
FNF:2
FNH:0
FNDA:0,getAllTerritories
FNDA:0,getQuizById
DA:4,0
DA:17,0
DA:21,0
LF:3
LH:0
BRF:0
BRH:0
end_of_record
TN:
SF:src/repositories/userRepository.ts
FN:4,findUserByEmail
FN:10,getUserById
FN:22,registerNewUser
FN:28,updateHitsByUser
FN:35,updateMistakesByUser
FN:42,createGameScore
FN:51,getHistoryGames
FN:60,getUsersList
FNF:8
FNH:0
FNDA:0,findUserByEmail
FNDA:0,getUserById
FNDA:0,registerNewUser
FNDA:0,updateHitsByUser
FNDA:0,updateMistakesByUser
FNDA:0,createGameScore
FNDA:0,getHistoryGames
FNDA:0,getUsersList
DA:5,0
DA:11,0
DA:23,0
DA:29,0
DA:36,0
DA:43,0
DA:52,0
DA:61,0
LF:8
LH:0
BRF:0
BRH:0
end_of_record
TN:
SF:src/services/authServices.ts
FN:10,isEmailAlreadyinUse
FN:15,verifyAndGetIfUserExists
FN:21,registerNewUser
FN:25,verifyPasswordIsCorrect
FN:30,generateToken
FN:36,buildEmail
FNF:6
FNH:5
FNDA:2,isEmailAlreadyinUse
FNDA:2,verifyAndGetIfUserExists
FNDA:1,registerNewUser
FNDA:2,verifyPasswordIsCorrect
FNDA:1,generateToken
FNDA:0,buildEmail
DA:11,2
DA:12,2
DA:16,2
DA:17,2
DA:18,1
DA:22,1
DA:26,2
DA:27,2
DA:31,1
DA:32,1
DA:33,1
DA:37,0
DA:38,0
DA:39,0
DA:40,0
DA:41,0
DA:42,0
DA:48,0
DA:51,0
LF:19
LH:11
BRDA:12,0,0,1
BRDA:17,1,0,1
BRDA:27,2,0,0
BRF:3
BRH:2
end_of_record
TN:
SF:src/services/capitalsServices.ts
FN:6,getAndSuffleCapitals
FN:12,suffleOptions
FN:13,(anonymous_10)
FN:27,verifyAndGetQuizById
FN:33,validateAnswer
FNF:5
FNH:5
FNDA:1,getAndSuffleCapitals
FNDA:1,suffleOptions
FNDA:1,(anonymous_10)
FNDA:2,verifyAndGetQuizById
FNDA:2,validateAnswer
DA:7,1
DA:8,1
DA:9,1
DA:13,1
DA:14,1
DA:15,1
DA:16,1
DA:17,1
DA:18,1
DA:19,1
DA:20,1
DA:21,1
DA:22,1
DA:24,1
DA:28,2
DA:29,2
DA:30,1
DA:34,2
DA:35,1
DA:37,1
LF:20
LH:20
BRDA:29,0,0,1
BRDA:34,1,0,1
BRDA:34,1,1,1
BRF:3
BRH:3
end_of_record
TN:
SF:src/services/flagsServices.ts
FN:6,getAndSuffleFlags
FN:12,assembleObject
FN:32,verifyAndGetQuizById
FN:38,validateAnswer
FNF:4
FNH:4
FNDA:1,getAndSuffleFlags
FNDA:1,assembleObject
FNDA:2,verifyAndGetQuizById
FNDA:2,validateAnswer
DA:7,1
DA:8,1
DA:9,1
DA:13,1
DA:14,1
DA:15,10
DA:16,10
DA:17,100
DA:18,90
DA:21,10
DA:22,10
DA:27,10
DA:29,1
DA:33,2
DA:34,2
DA:35,1
DA:39,2
DA:40,1
DA:42,1
LF:19
LH:19
BRDA:17,0,0,90
BRDA:34,1,0,1
BRDA:39,2,0,1
BRDA:39,2,1,1
BRF:4
BRH:4
end_of_record
TN:
SF:src/services/territoriesServices.ts
FN:6,getAndSuffleTerritories
FN:9,(anonymous_9)
FN:15,assembleTerritories
FN:20,verifyAndGetQuizById
FN:26,validateAnswer
FNF:5
FNH:5
FNDA:1,getAndSuffleTerritories
FNDA:10,(anonymous_9)
FNDA:11,assembleTerritories
FNDA:2,verifyAndGetQuizById
FNDA:2,validateAnswer
DA:7,1
DA:8,1
DA:9,1
DA:10,10
DA:12,1
DA:16,11
DA:17,11
DA:21,2
DA:22,2
DA:23,1
DA:27,2
DA:28,1
DA:30,1
LF:13
LH:13
BRDA:22,0,0,1
BRDA:27,1,0,1
BRDA:27,1,1,1
BRF:3
BRH:3
end_of_record
TN:
SF:src/services/usersService.ts
FN:4,getUserById
FN:10,calculateWeekScoreByUser
FN:12,(anonymous_11)
FN:18,toJson
FN:19,(anonymous_13)
FN:20,(anonymous_14)
FNF:6
FNH:5
FNDA:2,getUserById
FNDA:1,calculateWeekScoreByUser
FNDA:6,(anonymous_11)
FNDA:6,toJson
FNDA:6,(anonymous_13)
FNDA:0,(anonymous_14)
DA:5,2
DA:6,2
DA:7,1
DA:11,1
DA:12,1
DA:13,6
DA:15,1
DA:19,6
DA:20,0
LF:9
LH:8
BRDA:6,0,0,1
BRDA:19,1,0,0
BRDA:19,1,1,6
BRF:3
BRH:2
end_of_record
TN:
SF:src/utils/errors.ts
FN:1,conflictError
FN:8,notFound
FN:15,unprocessableEntity
FNF:3
FNH:2
FNDA:1,conflictError
FNDA:5,notFound
FNDA:0,unprocessableEntity
DA:2,1
DA:9,5
DA:16,0
LF:3
LH:2
BRF:0
BRH:0
end_of_record
TN:
SF:src/utils/functionsUtils.ts
FN:6,encryptPassword
FN:11,validateTokenAndGetUser
FN:18,(anonymous_11)
FN:28,suffleArray
FN:29,(anonymous_13)
FN:35,updateHitsUser
FN:39,updateMistakesUser
FN:43,updateWeekScore
FNF:8
FNH:2
FNDA:0,encryptPassword
FNDA:0,validateTokenAndGetUser
FNDA:0,(anonymous_11)
FNDA:31,suffleArray
FNDA:314,(anonymous_13)
FNDA:0,updateHitsUser
FNDA:0,updateMistakesUser
FNDA:0,updateWeekScore
DA:7,0
DA:8,0
DA:12,0
DA:17,0
DA:18,0
DA:19,0
DA:23,0
DA:25,0
DA:29,31
DA:30,314
DA:32,31
DA:36,0
DA:40,0
DA:44,0
DA:45,0
LF:15
LH:3
BRDA:12,0,0,0
BRDA:19,1,0,0
BRF:2
BRH:0
end_of_record
TN:
SF:testes/factories/dataFactory.ts
FN:6,createValidSignUpData
FN:16,createInvalidSignUpData
FN:20,createValidToken
FN:33,createInvalidToken
FN:37,createLevel
FN:42,createValidateCapitalData
FN:48,createValidateflagData
FN:54,createValidateTerritoryData
FN:59,createFakeEmail
FN:63,createUserData
FN:72,createPassword
FN:76,createFakeId
FN:80,createFakeCapitalQuiz
FN:94,createFakeFlagQuiz
FN:104,createFakeTerritory
FN:115,createFakeWeekScore
FNF:16
FNH:9
FNDA:0,createValidSignUpData
FNDA:0,createInvalidSignUpData
FNDA:0,createValidToken
FNDA:0,createInvalidToken
FNDA:3,createLevel
FNDA:0,createValidateCapitalData
FNDA:0,createValidateflagData
FNDA:0,createValidateTerritoryData
FNDA:4,createFakeEmail
FNDA:1,createUserData
FNDA:4,createPassword
FNDA:10,createFakeId
FNDA:2,createFakeCapitalQuiz
FNDA:2,createFakeFlagQuiz
FNDA:3,createFakeTerritory
FNDA:1,createFakeWeekScore
DA:7,0
DA:8,0
DA:17,0
DA:21,0
DA:22,0
DA:30,0
DA:34,0
DA:38,3
DA:39,3
DA:43,0
DA:44,0
DA:45,0
DA:49,0
DA:50,0
DA:51,0
DA:55,0
DA:56,0
DA:60,4
DA:64,1
DA:73,4
DA:77,10
DA:81,2
DA:95,2
DA:105,3
DA:116,1
LF:25
LH:10
BRF:0
BRH:0
end_of_record
TN:
SF:testes/factories/mockFactory.ts
FN:3,returnNull
FN:7,returnTrue
FN:11,returnAnyError
FN:18,returnFakeCapitalQuiz
FN:114,returnFakeFlagsQuiz
FN:169,returnFakeTerritoryQuiz
FNF:6
FNH:5
FNDA:8,returnNull
FNDA:9,returnTrue
FNDA:0,returnAnyError
FNDA:2,returnFakeCapitalQuiz
FNDA:2,returnFakeFlagsQuiz
FNDA:2,returnFakeTerritoryQuiz
DA:4,8
DA:8,9
DA:12,0
DA:19,2
DA:115,2
DA:170,2
LF:6
LH:5
BRF:0
BRH:0
end_of_record
