TN:
SF:dist/src/config/database.js
FNF:0
FNH:0
DA:2,5
DA:3,5
LF:2
LH:2
BRF:0
BRH:0
end_of_record
TN:
SF:dist/src/repositories/capitalsRepositories.js
FN:1,(anonymous_0)
FN:2,adopt
FN:2,(anonymous_2)
FN:3,(anonymous_3)
FN:4,fulfilled
FN:5,rejected
FN:6,step
FN:10,(anonymous_7)
FN:11,(anonymous_8)
FN:12,(anonymous_9)
FN:13,verb
FN:13,(anonymous_11)
FN:14,step
FN:38,getAllcapitals
FN:39,(anonymous_14)
FN:40,(anonymous_15)
FN:63,getQuizById
FN:64,(anonymous_17)
FN:65,(anonymous_18)
FNF:19
FNH:0
FNDA:0,(anonymous_0)
FNDA:0,adopt
FNDA:0,(anonymous_2)
FNDA:0,(anonymous_3)
FNDA:0,fulfilled
FNDA:0,rejected
FNDA:0,step
FNDA:0,(anonymous_7)
FNDA:0,(anonymous_8)
FNDA:0,(anonymous_9)
FNDA:0,verb
FNDA:0,(anonymous_11)
FNDA:0,step
FNDA:0,getAllcapitals
FNDA:0,(anonymous_14)
FNDA:0,(anonymous_15)
FNDA:0,getQuizById
FNDA:0,(anonymous_17)
FNDA:0,(anonymous_18)
DA:1,1
DA:2,0
DA:3,0
DA:4,0
DA:5,0
DA:6,0
DA:7,0
DA:10,1
DA:11,0
DA:12,0
DA:13,0
DA:15,0
DA:16,0
DA:17,0
DA:18,0
DA:19,0
DA:20,0
DA:21,0
DA:22,0
DA:23,0
DA:25,0
DA:26,0
DA:27,0
DA:28,0
DA:29,0
DA:30,0
DA:32,0
DA:33,0
DA:34,0
DA:39,0
DA:40,0
DA:41,0
DA:42,0
DA:58,0
DA:64,0
DA:65,0
DA:66,0
DA:67,0
DA:70,0
LF:39
LH:2
BRDA:1,0,0,1
BRDA:1,0,1,0
BRDA:1,0,2,1
BRDA:2,1,0,0
BRDA:2,1,1,0
BRDA:3,2,0,0
BRDA:3,2,1,0
BRDA:6,3,0,0
BRDA:6,3,1,0
BRDA:7,4,0,0
BRDA:7,4,1,0
BRDA:10,5,0,1
BRDA:10,5,1,0
BRDA:10,5,2,1
BRDA:11,6,0,0
BRDA:11,6,1,0
BRDA:12,7,0,0
BRDA:12,7,1,0
BRDA:15,8,0,0
BRDA:15,8,1,0
BRDA:16,9,0,0
BRDA:16,9,1,0
BRDA:16,10,0,0
BRDA:16,10,1,0
BRDA:17,11,0,0
BRDA:17,11,1,0
BRDA:17,12,0,0
BRDA:17,12,1,0
BRDA:17,12,2,0
BRDA:17,13,0,0
BRDA:17,13,1,0
BRDA:17,14,0,0
BRDA:17,14,1,0
BRDA:17,15,0,0
BRDA:17,15,1,0
BRDA:17,16,0,0
BRDA:17,16,1,0
BRDA:18,17,0,0
BRDA:18,17,1,0
BRDA:19,18,0,0
BRDA:19,18,1,0
BRDA:19,18,2,0
BRDA:19,18,3,0
BRDA:19,18,4,0
BRDA:19,18,5,0
BRDA:25,19,0,0
BRDA:25,19,1,0
BRDA:25,20,0,0
BRDA:25,20,1,0
BRDA:25,20,2,0
BRDA:25,21,0,0
BRDA:25,21,1,0
BRDA:26,22,0,0
BRDA:26,22,1,0
BRDA:26,23,0,0
BRDA:26,23,1,0
BRDA:26,23,2,0
BRDA:26,23,3,0
BRDA:27,24,0,0
BRDA:27,24,1,0
BRDA:27,25,0,0
BRDA:27,25,1,0
BRDA:28,26,0,0
BRDA:28,26,1,0
BRDA:28,27,0,0
BRDA:28,27,1,0
BRDA:29,28,0,0
BRDA:29,28,1,0
BRDA:34,29,0,0
BRDA:34,29,1,0
BRDA:34,30,0,0
BRDA:34,30,1,0
BRDA:41,31,0,0
BRDA:41,31,1,0
BRDA:66,32,0,0
BRDA:66,32,1,0
BRF:76
BRH:4
end_of_record
TN:
SF:dist/src/repositories/flagsRepository.js
FN:1,(anonymous_0)
FN:2,adopt
FN:2,(anonymous_2)
FN:3,(anonymous_3)
FN:4,fulfilled
FN:5,rejected
FN:6,step
FN:10,(anonymous_7)
FN:11,(anonymous_8)
FN:12,(anonymous_9)
FN:13,verb
FN:13,(anonymous_11)
FN:14,step
FN:38,getAllFlags
FN:39,(anonymous_14)
FN:40,(anonymous_15)
FN:59,getFlagById
FN:60,(anonymous_17)
FN:61,(anonymous_18)
FNF:19
FNH:0
FNDA:0,(anonymous_0)
FNDA:0,adopt
FNDA:0,(anonymous_2)
FNDA:0,(anonymous_3)
FNDA:0,fulfilled
FNDA:0,rejected
FNDA:0,step
FNDA:0,(anonymous_7)
FNDA:0,(anonymous_8)
FNDA:0,(anonymous_9)
FNDA:0,verb
FNDA:0,(anonymous_11)
FNDA:0,step
FNDA:0,getAllFlags
FNDA:0,(anonymous_14)
FNDA:0,(anonymous_15)
FNDA:0,getFlagById
FNDA:0,(anonymous_17)
FNDA:0,(anonymous_18)
DA:1,1
DA:2,0
DA:3,0
DA:4,0
DA:5,0
DA:6,0
DA:7,0
DA:10,1
DA:11,0
DA:12,0
DA:13,0
DA:15,0
DA:16,0
DA:17,0
DA:18,0
DA:19,0
DA:20,0
DA:21,0
DA:22,0
DA:23,0
DA:25,0
DA:26,0
DA:27,0
DA:28,0
DA:29,0
DA:30,0
DA:32,0
DA:33,0
DA:34,0
DA:39,0
DA:40,0
DA:41,0
DA:42,0
DA:54,0
DA:60,0
DA:61,0
DA:62,0
DA:63,0
DA:66,0
LF:39
LH:2
BRDA:1,0,0,1
BRDA:1,0,1,0
BRDA:1,0,2,1
BRDA:2,1,0,0
BRDA:2,1,1,0
BRDA:3,2,0,0
BRDA:3,2,1,0
BRDA:6,3,0,0
BRDA:6,3,1,0
BRDA:7,4,0,0
BRDA:7,4,1,0
BRDA:10,5,0,1
BRDA:10,5,1,0
BRDA:10,5,2,1
BRDA:11,6,0,0
BRDA:11,6,1,0
BRDA:12,7,0,0
BRDA:12,7,1,0
BRDA:15,8,0,0
BRDA:15,8,1,0
BRDA:16,9,0,0
BRDA:16,9,1,0
BRDA:16,10,0,0
BRDA:16,10,1,0
BRDA:17,11,0,0
BRDA:17,11,1,0
BRDA:17,12,0,0
BRDA:17,12,1,0
BRDA:17,12,2,0
BRDA:17,13,0,0
BRDA:17,13,1,0
BRDA:17,14,0,0
BRDA:17,14,1,0
BRDA:17,15,0,0
BRDA:17,15,1,0
BRDA:17,16,0,0
BRDA:17,16,1,0
BRDA:18,17,0,0
BRDA:18,17,1,0
BRDA:19,18,0,0
BRDA:19,18,1,0
BRDA:19,18,2,0
BRDA:19,18,3,0
BRDA:19,18,4,0
BRDA:19,18,5,0
BRDA:25,19,0,0
BRDA:25,19,1,0
BRDA:25,20,0,0
BRDA:25,20,1,0
BRDA:25,20,2,0
BRDA:25,21,0,0
BRDA:25,21,1,0
BRDA:26,22,0,0
BRDA:26,22,1,0
BRDA:26,23,0,0
BRDA:26,23,1,0
BRDA:26,23,2,0
BRDA:26,23,3,0
BRDA:27,24,0,0
BRDA:27,24,1,0
BRDA:27,25,0,0
BRDA:27,25,1,0
BRDA:28,26,0,0
BRDA:28,26,1,0
BRDA:28,27,0,0
BRDA:28,27,1,0
BRDA:29,28,0,0
BRDA:29,28,1,0
BRDA:34,29,0,0
BRDA:34,29,1,0
BRDA:34,30,0,0
BRDA:34,30,1,0
BRDA:41,31,0,0
BRDA:41,31,1,0
BRDA:62,32,0,0
BRDA:62,32,1,0
BRF:76
BRH:4
end_of_record
TN:
SF:dist/src/repositories/territoriesRepository.js
FN:1,(anonymous_0)
FN:2,adopt
FN:2,(anonymous_2)
FN:3,(anonymous_3)
FN:4,fulfilled
FN:5,rejected
FN:6,step
FN:10,(anonymous_7)
FN:11,(anonymous_8)
FN:12,(anonymous_9)
FN:13,verb
FN:13,(anonymous_11)
FN:14,step
FN:38,getAllTerritories
FN:39,(anonymous_14)
FN:41,(anonymous_15)
FN:63,getQuizById
FN:64,(anonymous_17)
FN:65,(anonymous_18)
FNF:19
FNH:0
FNDA:0,(anonymous_0)
FNDA:0,adopt
FNDA:0,(anonymous_2)
FNDA:0,(anonymous_3)
FNDA:0,fulfilled
FNDA:0,rejected
FNDA:0,step
FNDA:0,(anonymous_7)
FNDA:0,(anonymous_8)
FNDA:0,(anonymous_9)
FNDA:0,verb
FNDA:0,(anonymous_11)
FNDA:0,step
FNDA:0,getAllTerritories
FNDA:0,(anonymous_14)
FNDA:0,(anonymous_15)
FNDA:0,getQuizById
FNDA:0,(anonymous_17)
FNDA:0,(anonymous_18)
DA:1,1
DA:2,0
DA:3,0
DA:4,0
DA:5,0
DA:6,0
DA:7,0
DA:10,1
DA:11,0
DA:12,0
DA:13,0
DA:15,0
DA:16,0
DA:17,0
DA:18,0
DA:19,0
DA:20,0
DA:21,0
DA:22,0
DA:23,0
DA:25,0
DA:26,0
DA:27,0
DA:28,0
DA:29,0
DA:30,0
DA:32,0
DA:33,0
DA:34,0
DA:39,0
DA:41,0
DA:42,0
DA:43,0
DA:57,0
DA:58,0
DA:64,0
DA:65,0
DA:66,0
DA:67,0
DA:70,0
LF:40
LH:2
BRDA:1,0,0,1
BRDA:1,0,1,0
BRDA:1,0,2,1
BRDA:2,1,0,0
BRDA:2,1,1,0
BRDA:3,2,0,0
BRDA:3,2,1,0
BRDA:6,3,0,0
BRDA:6,3,1,0
BRDA:7,4,0,0
BRDA:7,4,1,0
BRDA:10,5,0,1
BRDA:10,5,1,0
BRDA:10,5,2,1
BRDA:11,6,0,0
BRDA:11,6,1,0
BRDA:12,7,0,0
BRDA:12,7,1,0
BRDA:15,8,0,0
BRDA:15,8,1,0
BRDA:16,9,0,0
BRDA:16,9,1,0
BRDA:16,10,0,0
BRDA:16,10,1,0
BRDA:17,11,0,0
BRDA:17,11,1,0
BRDA:17,12,0,0
BRDA:17,12,1,0
BRDA:17,12,2,0
BRDA:17,13,0,0
BRDA:17,13,1,0
BRDA:17,14,0,0
BRDA:17,14,1,0
BRDA:17,15,0,0
BRDA:17,15,1,0
BRDA:17,16,0,0
BRDA:17,16,1,0
BRDA:18,17,0,0
BRDA:18,17,1,0
BRDA:19,18,0,0
BRDA:19,18,1,0
BRDA:19,18,2,0
BRDA:19,18,3,0
BRDA:19,18,4,0
BRDA:19,18,5,0
BRDA:25,19,0,0
BRDA:25,19,1,0
BRDA:25,20,0,0
BRDA:25,20,1,0
BRDA:25,20,2,0
BRDA:25,21,0,0
BRDA:25,21,1,0
BRDA:26,22,0,0
BRDA:26,22,1,0
BRDA:26,23,0,0
BRDA:26,23,1,0
BRDA:26,23,2,0
BRDA:26,23,3,0
BRDA:27,24,0,0
BRDA:27,24,1,0
BRDA:27,25,0,0
BRDA:27,25,1,0
BRDA:28,26,0,0
BRDA:28,26,1,0
BRDA:28,27,0,0
BRDA:28,27,1,0
BRDA:29,28,0,0
BRDA:29,28,1,0
BRDA:34,29,0,0
BRDA:34,29,1,0
BRDA:34,30,0,0
BRDA:34,30,1,0
BRDA:42,31,0,0
BRDA:42,31,1,0
BRDA:66,32,0,0
BRDA:66,32,1,0
BRF:76
BRH:4
end_of_record
TN:
SF:dist/src/repositories/userRepository.js
FN:1,(anonymous_0)
FN:5,(anonymous_1)
FN:6,adopt
FN:6,(anonymous_3)
FN:7,(anonymous_4)
FN:8,fulfilled
FN:9,rejected
FN:10,step
FN:14,(anonymous_8)
FN:15,(anonymous_9)
FN:16,(anonymous_10)
FN:17,verb
FN:17,(anonymous_12)
FN:18,step
FN:42,findUserByEmail
FN:43,(anonymous_15)
FN:44,(anonymous_16)
FN:54,getUserById
FN:55,(anonymous_18)
FN:56,(anonymous_19)
FN:72,registerNewUser
FN:73,(anonymous_21)
FN:74,(anonymous_22)
FN:86,updateHitsByUser
FN:87,(anonymous_24)
FN:88,(anonymous_25)
FN:101,updateMistakesByUser
FN:102,(anonymous_27)
FN:103,(anonymous_28)
FN:116,createGameScore
FN:117,(anonymous_30)
FN:118,(anonymous_31)
FN:133,getHistoryGames
FN:134,(anonymous_33)
FN:135,(anonymous_34)
FN:143,getUsersList
FN:144,(anonymous_36)
FN:145,(anonymous_37)
FNF:38
FNH:0
FNDA:0,(anonymous_0)
FNDA:0,(anonymous_1)
FNDA:0,adopt
FNDA:0,(anonymous_3)
FNDA:0,(anonymous_4)
FNDA:0,fulfilled
FNDA:0,rejected
FNDA:0,step
FNDA:0,(anonymous_8)
FNDA:0,(anonymous_9)
FNDA:0,(anonymous_10)
FNDA:0,verb
FNDA:0,(anonymous_12)
FNDA:0,step
FNDA:0,findUserByEmail
FNDA:0,(anonymous_15)
FNDA:0,(anonymous_16)
FNDA:0,getUserById
FNDA:0,(anonymous_18)
FNDA:0,(anonymous_19)
FNDA:0,registerNewUser
FNDA:0,(anonymous_21)
FNDA:0,(anonymous_22)
FNDA:0,updateHitsByUser
FNDA:0,(anonymous_24)
FNDA:0,(anonymous_25)
FNDA:0,updateMistakesByUser
FNDA:0,(anonymous_27)
FNDA:0,(anonymous_28)
FNDA:0,createGameScore
FNDA:0,(anonymous_30)
FNDA:0,(anonymous_31)
FNDA:0,getHistoryGames
FNDA:0,(anonymous_33)
FNDA:0,(anonymous_34)
FNDA:0,getUsersList
FNDA:0,(anonymous_36)
FNDA:0,(anonymous_37)
DA:1,5
DA:2,0
DA:3,0
DA:5,5
DA:6,0
DA:7,0
DA:8,0
DA:9,0
DA:10,0
DA:11,0
DA:14,5
DA:15,0
DA:16,0
DA:17,0
DA:19,0
DA:20,0
DA:21,0
DA:22,0
DA:23,0
DA:24,0
DA:25,0
DA:26,0
DA:27,0
DA:29,0
DA:30,0
DA:31,0
DA:32,0
DA:33,0
DA:34,0
DA:36,0
DA:37,0
DA:38,0
DA:43,0
DA:44,0
DA:45,0
DA:46,0
DA:49,0
DA:55,0
DA:56,0
DA:57,0
DA:58,0
DA:67,0
DA:73,0
DA:74,0
DA:75,0
DA:76,0
DA:80,0
DA:81,0
DA:87,0
DA:88,0
DA:89,0
DA:90,0
DA:95,0
DA:96,0
DA:102,0
DA:103,0
DA:104,0
DA:105,0
DA:110,0
DA:111,0
DA:117,0
DA:118,0
DA:119,0
DA:120,0
DA:127,0
DA:128,0
DA:134,0
DA:135,0
DA:136,0
DA:137,0
DA:138,0
DA:144,0
DA:145,0
DA:146,0
LF:74
LH:3
BRDA:1,0,0,5
BRDA:1,0,1,0
BRDA:1,0,2,5
BRDA:2,1,0,0
BRDA:2,1,1,0
BRDA:5,2,0,5
BRDA:5,2,1,0
BRDA:5,2,2,5
BRDA:6,3,0,0
BRDA:6,3,1,0
BRDA:7,4,0,0
BRDA:7,4,1,0
BRDA:10,5,0,0
BRDA:10,5,1,0
BRDA:11,6,0,0
BRDA:11,6,1,0
BRDA:14,7,0,5
BRDA:14,7,1,0
BRDA:14,7,2,5
BRDA:15,8,0,0
BRDA:15,8,1,0
BRDA:16,9,0,0
BRDA:16,9,1,0
BRDA:19,10,0,0
BRDA:19,10,1,0
BRDA:20,11,0,0
BRDA:20,11,1,0
BRDA:20,12,0,0
BRDA:20,12,1,0
BRDA:21,13,0,0
BRDA:21,13,1,0
BRDA:21,14,0,0
BRDA:21,14,1,0
BRDA:21,14,2,0
BRDA:21,15,0,0
BRDA:21,15,1,0
BRDA:21,16,0,0
BRDA:21,16,1,0
BRDA:21,17,0,0
BRDA:21,17,1,0
BRDA:21,18,0,0
BRDA:21,18,1,0
BRDA:22,19,0,0
BRDA:22,19,1,0
BRDA:23,20,0,0
BRDA:23,20,1,0
BRDA:23,20,2,0
BRDA:23,20,3,0
BRDA:23,20,4,0
BRDA:23,20,5,0
BRDA:29,21,0,0
BRDA:29,21,1,0
BRDA:29,22,0,0
BRDA:29,22,1,0
BRDA:29,22,2,0
BRDA:29,23,0,0
BRDA:29,23,1,0
BRDA:30,24,0,0
BRDA:30,24,1,0
BRDA:30,25,0,0
BRDA:30,25,1,0
BRDA:30,25,2,0
BRDA:30,25,3,0
BRDA:31,26,0,0
BRDA:31,26,1,0
BRDA:31,27,0,0
BRDA:31,27,1,0
BRDA:32,28,0,0
BRDA:32,28,1,0
BRDA:32,29,0,0
BRDA:32,29,1,0
BRDA:33,30,0,0
BRDA:33,30,1,0
BRDA:38,31,0,0
BRDA:38,31,1,0
BRDA:38,32,0,0
BRDA:38,32,1,0
BRDA:45,33,0,0
BRDA:45,33,1,0
BRDA:57,34,0,0
BRDA:57,34,1,0
BRDA:75,35,0,0
BRDA:75,35,1,0
BRDA:89,36,0,0
BRDA:89,36,1,0
BRDA:104,37,0,0
BRDA:104,37,1,0
BRDA:119,38,0,0
BRDA:119,38,1,0
BRDA:136,39,0,0
BRDA:136,39,1,0
BRDA:137,40,0,0
BRDA:137,40,1,0
BRF:93
BRH:6
end_of_record
TN:
SF:dist/src/services/authServices.js
FN:1,(anonymous_0)
FN:2,adopt
FN:2,(anonymous_2)
FN:3,(anonymous_3)
FN:4,fulfilled
FN:5,rejected
FN:6,step
FN:10,(anonymous_7)
FN:11,(anonymous_8)
FN:12,(anonymous_9)
FN:13,verb
FN:13,(anonymous_11)
FN:14,step
FN:43,isEmailAlreadyinUse
FN:44,(anonymous_14)
FN:46,(anonymous_15)
FN:58,verifyAndGetIfUserExists
FN:59,(anonymous_17)
FN:61,(anonymous_18)
FN:73,registerNewUser
FN:74,(anonymous_20)
FN:75,(anonymous_21)
FN:85,verifyPasswordIsCorrect
FN:90,generateToken
FN:95,buildEmail
FN:96,(anonymous_25)
FN:98,(anonymous_26)
FNF:27
FNH:22
FNDA:5,(anonymous_0)
FNDA:5,adopt
FNDA:5,(anonymous_2)
FNDA:5,(anonymous_3)
FNDA:5,fulfilled
FNDA:0,rejected
FNDA:8,step
FNDA:5,(anonymous_7)
FNDA:5,(anonymous_8)
FNDA:0,(anonymous_9)
FNDA:15,verb
FNDA:10,(anonymous_11)
FNDA:10,step
FNDA:2,isEmailAlreadyinUse
FNDA:2,(anonymous_14)
FNDA:4,(anonymous_15)
FNDA:2,verifyAndGetIfUserExists
FNDA:2,(anonymous_17)
FNDA:4,(anonymous_18)
FNDA:1,registerNewUser
FNDA:1,(anonymous_20)
FNDA:2,(anonymous_21)
FNDA:2,verifyPasswordIsCorrect
FNDA:1,generateToken
FNDA:0,buildEmail
FNDA:0,(anonymous_25)
FNDA:0,(anonymous_26)
DA:1,1
DA:2,5
DA:3,5
DA:4,5
DA:5,0
DA:6,8
DA:7,5
DA:10,1
DA:11,5
DA:12,5
DA:13,15
DA:15,10
DA:16,20
DA:17,20
DA:18,20
DA:19,20
DA:20,10
DA:21,5
DA:22,0
DA:23,0
DA:25,5
DA:26,0
DA:27,0
DA:28,0
DA:29,0
DA:30,0
DA:32,10
DA:33,20
DA:34,5
DA:44,2
DA:46,2
DA:47,4
DA:48,2
DA:50,2
DA:51,2
DA:52,1
DA:53,1
DA:59,2
DA:61,2
DA:62,4
DA:63,2
DA:65,2
DA:66,2
DA:67,1
DA:68,1
DA:74,1
DA:75,1
DA:76,2
DA:77,1
DA:79,1
DA:80,1
DA:86,2
DA:87,2
DA:88,0
DA:91,1
DA:92,1
DA:93,1
DA:96,0
DA:98,0
DA:99,0
DA:101,0
DA:102,0
DA:103,0
DA:104,0
DA:105,0
DA:107,0
DA:108,0
DA:114,0
DA:116,0
DA:117,0
DA:119,0
DA:120,0
DA:124,0
LF:73
LH:48
BRDA:1,0,0,1
BRDA:1,0,1,0
BRDA:1,0,2,1
BRDA:2,1,0,0
BRDA:2,1,1,5
BRDA:3,2,0,5
BRDA:3,2,1,5
BRDA:6,3,0,3
BRDA:6,3,1,5
BRDA:7,4,0,5
BRDA:7,4,1,5
BRDA:10,5,0,1
BRDA:10,5,1,0
BRDA:10,5,2,1
BRDA:11,6,0,0
BRDA:11,6,1,5
BRDA:12,7,0,5
BRDA:12,7,1,5
BRDA:15,8,0,0
BRDA:15,8,1,10
BRDA:16,9,0,25
BRDA:16,9,1,5
BRDA:16,10,0,5
BRDA:16,10,1,0
BRDA:17,11,0,0
BRDA:17,11,1,20
BRDA:17,12,0,20
BRDA:17,12,1,0
BRDA:17,12,2,0
BRDA:17,13,0,0
BRDA:17,13,1,0
BRDA:17,14,0,0
BRDA:17,14,1,0
BRDA:17,15,0,0
BRDA:17,15,1,0
BRDA:17,16,0,0
BRDA:17,16,1,0
BRDA:18,17,0,0
BRDA:18,17,1,20
BRDA:19,18,0,10
BRDA:19,18,1,10
BRDA:19,18,2,5
BRDA:19,18,3,0
BRDA:19,18,4,0
BRDA:19,18,5,5
BRDA:25,19,0,5
BRDA:25,19,1,0
BRDA:25,20,0,5
BRDA:25,20,1,5
BRDA:25,20,2,3
BRDA:25,21,0,5
BRDA:25,21,1,0
BRDA:26,22,0,0
BRDA:26,22,1,0
BRDA:26,23,0,0
BRDA:26,23,1,0
BRDA:26,23,2,0
BRDA:26,23,3,0
BRDA:27,24,0,0
BRDA:27,24,1,0
BRDA:27,25,0,0
BRDA:27,25,1,0
BRDA:28,26,0,0
BRDA:28,26,1,0
BRDA:28,27,0,0
BRDA:28,27,1,0
BRDA:29,28,0,0
BRDA:29,28,1,0
BRDA:34,29,0,2
BRDA:34,29,1,3
BRDA:34,30,0,3
BRDA:34,30,1,0
BRDA:47,31,0,2
BRDA:47,31,1,2
BRDA:51,32,0,1
BRDA:51,32,1,1
BRDA:62,33,0,2
BRDA:62,33,1,2
BRDA:66,34,0,1
BRDA:66,34,1,1
BRDA:76,35,0,1
BRDA:76,35,1,1
BRDA:87,36,0,0
BRDA:87,36,1,2
BRDA:99,37,0,0
BRDA:99,37,1,0
BRDA:99,37,2,0
BRDA:99,37,3,0
BRDA:99,37,4,0
BRF:89
BRH:44
end_of_record
TN:
SF:dist/src/services/capitalsServices.js
FN:1,(anonymous_0)
FN:2,adopt
FN:2,(anonymous_2)
FN:3,(anonymous_3)
FN:4,fulfilled
FN:5,rejected
FN:6,step
FN:10,(anonymous_7)
FN:11,(anonymous_8)
FN:12,(anonymous_9)
FN:13,verb
FN:13,(anonymous_11)
FN:14,step
FN:40,getAndSuffleCapitals
FN:41,(anonymous_14)
FN:43,(anonymous_15)
FN:55,suffleOptions
FN:56,(anonymous_17)
FN:69,verifyAndGetQuizById
FN:70,(anonymous_19)
FN:72,(anonymous_20)
FN:84,validateAnswer
FNF:22
FNH:20
FNDA:3,(anonymous_0)
FNDA:3,adopt
FNDA:3,(anonymous_2)
FNDA:3,(anonymous_3)
FNDA:3,fulfilled
FNDA:0,rejected
FNDA:5,step
FNDA:3,(anonymous_7)
FNDA:3,(anonymous_8)
FNDA:0,(anonymous_9)
FNDA:9,verb
FNDA:6,(anonymous_11)
FNDA:6,step
FNDA:1,getAndSuffleCapitals
FNDA:1,(anonymous_14)
FNDA:2,(anonymous_15)
FNDA:1,suffleOptions
FNDA:1,(anonymous_17)
FNDA:2,verifyAndGetQuizById
FNDA:2,(anonymous_19)
FNDA:4,(anonymous_20)
FNDA:2,validateAnswer
DA:1,1
DA:2,3
DA:3,3
DA:4,3
DA:5,0
DA:6,5
DA:7,3
DA:10,1
DA:11,3
DA:12,3
DA:13,9
DA:15,6
DA:16,12
DA:17,12
DA:18,12
DA:19,12
DA:20,6
DA:21,3
DA:22,0
DA:23,0
DA:25,3
DA:26,0
DA:27,0
DA:28,0
DA:29,0
DA:30,0
DA:32,6
DA:33,12
DA:34,3
DA:41,1
DA:43,1
DA:44,2
DA:45,1
DA:47,1
DA:48,1
DA:49,1
DA:50,1
DA:56,1
DA:57,1
DA:58,1
DA:59,1
DA:60,1
DA:61,1
DA:62,1
DA:63,1
DA:64,1
DA:65,1
DA:67,1
DA:70,2
DA:72,2
DA:73,4
DA:74,2
DA:76,2
DA:77,2
DA:78,1
DA:79,1
DA:85,2
DA:86,1
DA:89,1
LF:59
LH:51
BRDA:1,0,0,1
BRDA:1,0,1,0
BRDA:1,0,2,1
BRDA:2,1,0,0
BRDA:2,1,1,3
BRDA:3,2,0,3
BRDA:3,2,1,3
BRDA:6,3,0,2
BRDA:6,3,1,3
BRDA:7,4,0,3
BRDA:7,4,1,3
BRDA:10,5,0,1
BRDA:10,5,1,0
BRDA:10,5,2,1
BRDA:11,6,0,0
BRDA:11,6,1,3
BRDA:12,7,0,3
BRDA:12,7,1,3
BRDA:15,8,0,0
BRDA:15,8,1,6
BRDA:16,9,0,15
BRDA:16,9,1,3
BRDA:16,10,0,3
BRDA:16,10,1,0
BRDA:17,11,0,0
BRDA:17,11,1,12
BRDA:17,12,0,12
BRDA:17,12,1,0
BRDA:17,12,2,0
BRDA:17,13,0,0
BRDA:17,13,1,0
BRDA:17,14,0,0
BRDA:17,14,1,0
BRDA:17,15,0,0
BRDA:17,15,1,0
BRDA:17,16,0,0
BRDA:17,16,1,0
BRDA:18,17,0,0
BRDA:18,17,1,12
BRDA:19,18,0,6
BRDA:19,18,1,6
BRDA:19,18,2,3
BRDA:19,18,3,0
BRDA:19,18,4,0
BRDA:19,18,5,3
BRDA:25,19,0,3
BRDA:25,19,1,0
BRDA:25,20,0,3
BRDA:25,20,1,3
BRDA:25,20,2,2
BRDA:25,21,0,3
BRDA:25,21,1,0
BRDA:26,22,0,0
BRDA:26,22,1,0
BRDA:26,23,0,0
BRDA:26,23,1,0
BRDA:26,23,2,0
BRDA:26,23,3,0
BRDA:27,24,0,0
BRDA:27,24,1,0
BRDA:27,25,0,0
BRDA:27,25,1,0
BRDA:28,26,0,0
BRDA:28,26,1,0
BRDA:28,27,0,0
BRDA:28,27,1,0
BRDA:29,28,0,0
BRDA:29,28,1,0
BRDA:34,29,0,1
BRDA:34,29,1,2
BRDA:34,30,0,2
BRDA:34,30,1,0
BRDA:44,31,0,1
BRDA:44,31,1,1
BRDA:73,32,0,2
BRDA:73,32,1,2
BRDA:77,33,0,1
BRDA:77,33,1,1
BRDA:85,34,0,1
BRDA:85,34,1,1
BRF:80
BRH:41
end_of_record
TN:
SF:dist/src/services/flagsServices.js
FN:1,(anonymous_0)
FN:2,adopt
FN:2,(anonymous_2)
FN:3,(anonymous_3)
FN:4,fulfilled
FN:5,rejected
FN:6,step
FN:10,(anonymous_7)
FN:11,(anonymous_8)
FN:12,(anonymous_9)
FN:13,verb
FN:13,(anonymous_11)
FN:14,step
FN:40,getAndSuffleFlags
FN:41,(anonymous_14)
FN:43,(anonymous_15)
FN:54,assembleObject
FN:73,verifyAndGetQuizById
FN:74,(anonymous_18)
FN:76,(anonymous_19)
FN:88,validateAnswer
FNF:21
FNH:19
FNDA:3,(anonymous_0)
FNDA:3,adopt
FNDA:3,(anonymous_2)
FNDA:3,(anonymous_3)
FNDA:3,fulfilled
FNDA:0,rejected
FNDA:5,step
FNDA:3,(anonymous_7)
FNDA:3,(anonymous_8)
FNDA:0,(anonymous_9)
FNDA:9,verb
FNDA:6,(anonymous_11)
FNDA:6,step
FNDA:1,getAndSuffleFlags
FNDA:1,(anonymous_14)
FNDA:2,(anonymous_15)
FNDA:1,assembleObject
FNDA:2,verifyAndGetQuizById
FNDA:2,(anonymous_18)
FNDA:4,(anonymous_19)
FNDA:2,validateAnswer
DA:1,1
DA:2,3
DA:3,3
DA:4,3
DA:5,0
DA:6,5
DA:7,3
DA:10,1
DA:11,3
DA:12,3
DA:13,9
DA:15,6
DA:16,12
DA:17,12
DA:18,12
DA:19,12
DA:20,6
DA:21,3
DA:22,0
DA:23,0
DA:25,3
DA:26,0
DA:27,0
DA:28,0
DA:29,0
DA:30,0
DA:32,6
DA:33,12
DA:34,3
DA:41,1
DA:43,1
DA:44,2
DA:45,1
DA:47,1
DA:48,1
DA:49,1
DA:55,1
DA:56,1
DA:57,10
DA:58,10
DA:59,100
DA:60,90
DA:63,10
DA:64,10
DA:69,10
DA:71,1
DA:74,2
DA:76,2
DA:77,4
DA:78,2
DA:80,2
DA:81,2
DA:82,1
DA:83,1
DA:89,2
DA:90,1
DA:93,1
LF:57
LH:49
BRDA:1,0,0,1
BRDA:1,0,1,0
BRDA:1,0,2,1
BRDA:2,1,0,0
BRDA:2,1,1,3
BRDA:3,2,0,3
BRDA:3,2,1,3
BRDA:6,3,0,2
BRDA:6,3,1,3
BRDA:7,4,0,3
BRDA:7,4,1,3
BRDA:10,5,0,1
BRDA:10,5,1,0
BRDA:10,5,2,1
BRDA:11,6,0,0
BRDA:11,6,1,3
BRDA:12,7,0,3
BRDA:12,7,1,3
BRDA:15,8,0,0
BRDA:15,8,1,6
BRDA:16,9,0,15
BRDA:16,9,1,3
BRDA:16,10,0,3
BRDA:16,10,1,0
BRDA:17,11,0,0
BRDA:17,11,1,12
BRDA:17,12,0,12
BRDA:17,12,1,0
BRDA:17,12,2,0
BRDA:17,13,0,0
BRDA:17,13,1,0
BRDA:17,14,0,0
BRDA:17,14,1,0
BRDA:17,15,0,0
BRDA:17,15,1,0
BRDA:17,16,0,0
BRDA:17,16,1,0
BRDA:18,17,0,0
BRDA:18,17,1,12
BRDA:19,18,0,6
BRDA:19,18,1,6
BRDA:19,18,2,3
BRDA:19,18,3,0
BRDA:19,18,4,0
BRDA:19,18,5,3
BRDA:25,19,0,3
BRDA:25,19,1,0
BRDA:25,20,0,3
BRDA:25,20,1,3
BRDA:25,20,2,2
BRDA:25,21,0,3
BRDA:25,21,1,0
BRDA:26,22,0,0
BRDA:26,22,1,0
BRDA:26,23,0,0
BRDA:26,23,1,0
BRDA:26,23,2,0
BRDA:26,23,3,0
BRDA:27,24,0,0
BRDA:27,24,1,0
BRDA:27,25,0,0
BRDA:27,25,1,0
BRDA:28,26,0,0
BRDA:28,26,1,0
BRDA:28,27,0,0
BRDA:28,27,1,0
BRDA:29,28,0,0
BRDA:29,28,1,0
BRDA:34,29,0,1
BRDA:34,29,1,2
BRDA:34,30,0,2
BRDA:34,30,1,0
BRDA:44,31,0,1
BRDA:44,31,1,1
BRDA:59,32,0,90
BRDA:59,32,1,10
BRDA:77,33,0,2
BRDA:77,33,1,2
BRDA:81,34,0,1
BRDA:81,34,1,1
BRDA:89,35,0,1
BRDA:89,35,1,1
BRF:82
BRH:43
end_of_record
TN:
SF:dist/src/services/territoriesServices.js
FN:1,(anonymous_0)
FN:2,adopt
FN:2,(anonymous_2)
FN:3,(anonymous_3)
FN:4,fulfilled
FN:5,rejected
FN:6,step
FN:10,(anonymous_7)
FN:11,(anonymous_8)
FN:12,(anonymous_9)
FN:13,verb
FN:13,(anonymous_11)
FN:14,step
FN:40,getAndSuffleTerritories
FN:41,(anonymous_14)
FN:43,(anonymous_15)
FN:49,(anonymous_16)
FN:57,assembleTerritories
FN:58,(anonymous_18)
FN:59,(anonymous_19)
FN:66,verifyAndGetQuizById
FN:67,(anonymous_21)
FN:69,(anonymous_22)
FN:81,validateAnswer
FN:82,(anonymous_24)
FN:83,(anonymous_25)
FNF:26
FNH:24
FNDA:16,(anonymous_0)
FNDA:3,adopt
FNDA:3,(anonymous_2)
FNDA:16,(anonymous_3)
FNDA:3,fulfilled
FNDA:0,rejected
FNDA:18,step
FNDA:16,(anonymous_7)
FNDA:3,(anonymous_8)
FNDA:0,(anonymous_9)
FNDA:48,verb
FNDA:19,(anonymous_11)
FNDA:19,step
FNDA:1,getAndSuffleTerritories
FNDA:1,(anonymous_14)
FNDA:2,(anonymous_15)
FNDA:10,(anonymous_16)
FNDA:11,assembleTerritories
FNDA:11,(anonymous_18)
FNDA:11,(anonymous_19)
FNDA:2,verifyAndGetQuizById
FNDA:2,(anonymous_21)
FNDA:4,(anonymous_22)
FNDA:2,validateAnswer
FNDA:2,(anonymous_24)
FNDA:2,(anonymous_25)
DA:1,1
DA:2,3
DA:3,16
DA:4,3
DA:5,0
DA:6,18
DA:7,16
DA:10,1
DA:11,16
DA:12,16
DA:13,48
DA:15,19
DA:16,38
DA:17,38
DA:18,38
DA:19,38
DA:20,19
DA:21,3
DA:22,0
DA:23,0
DA:25,16
DA:26,0
DA:27,0
DA:28,0
DA:29,0
DA:30,0
DA:32,19
DA:33,38
DA:34,16
DA:41,1
DA:43,1
DA:44,2
DA:45,1
DA:47,1
DA:48,1
DA:49,1
DA:50,10
DA:52,1
DA:58,11
DA:59,11
DA:60,11
DA:61,11
DA:62,11
DA:67,2
DA:69,2
DA:70,4
DA:71,2
DA:73,2
DA:74,2
DA:75,1
DA:76,1
DA:82,2
DA:83,2
DA:84,2
DA:85,1
DA:88,1
DA:90,0
LF:57
LH:48
BRDA:1,0,0,1
BRDA:1,0,1,0
BRDA:1,0,2,1
BRDA:2,1,0,0
BRDA:2,1,1,3
BRDA:3,2,0,16
BRDA:3,2,1,16
BRDA:6,3,0,15
BRDA:6,3,1,3
BRDA:7,4,0,16
BRDA:7,4,1,16
BRDA:10,5,0,1
BRDA:10,5,1,0
BRDA:10,5,2,1
BRDA:11,6,0,0
BRDA:11,6,1,3
BRDA:12,7,0,16
BRDA:12,7,1,16
BRDA:15,8,0,0
BRDA:15,8,1,19
BRDA:16,9,0,54
BRDA:16,9,1,16
BRDA:16,10,0,16
BRDA:16,10,1,0
BRDA:17,11,0,0
BRDA:17,11,1,38
BRDA:17,12,0,38
BRDA:17,12,1,0
BRDA:17,12,2,0
BRDA:17,13,0,0
BRDA:17,13,1,0
BRDA:17,14,0,0
BRDA:17,14,1,0
BRDA:17,15,0,0
BRDA:17,15,1,0
BRDA:17,16,0,0
BRDA:17,16,1,0
BRDA:18,17,0,0
BRDA:18,17,1,38
BRDA:19,18,0,19
BRDA:19,18,1,19
BRDA:19,18,2,3
BRDA:19,18,3,0
BRDA:19,18,4,0
BRDA:19,18,5,16
BRDA:25,19,0,16
BRDA:25,19,1,0
BRDA:25,20,0,16
BRDA:25,20,1,16
BRDA:25,20,2,15
BRDA:25,21,0,16
BRDA:25,21,1,0
BRDA:26,22,0,0
BRDA:26,22,1,0
BRDA:26,23,0,0
BRDA:26,23,1,0
BRDA:26,23,2,0
BRDA:26,23,3,0
BRDA:27,24,0,0
BRDA:27,24,1,0
BRDA:27,25,0,0
BRDA:27,25,1,0
BRDA:28,26,0,0
BRDA:28,26,1,0
BRDA:28,27,0,0
BRDA:28,27,1,0
BRDA:29,28,0,0
BRDA:29,28,1,0
BRDA:34,29,0,1
BRDA:34,29,1,15
BRDA:34,30,0,15
BRDA:34,30,1,0
BRDA:44,31,0,1
BRDA:44,31,1,1
BRDA:70,32,0,2
BRDA:70,32,1,2
BRDA:74,33,0,1
BRDA:74,33,1,1
BRDA:84,34,0,1
BRDA:84,34,1,1
BRF:80
BRH:41
end_of_record
TN:
SF:dist/src/services/usersService.js
FN:1,(anonymous_0)
FN:2,adopt
FN:2,(anonymous_2)
FN:3,(anonymous_3)
FN:4,fulfilled
FN:5,rejected
FN:6,step
FN:10,(anonymous_7)
FN:11,(anonymous_8)
FN:12,(anonymous_9)
FN:13,verb
FN:13,(anonymous_11)
FN:14,step
FN:39,getUserById
FN:40,(anonymous_14)
FN:42,(anonymous_15)
FN:54,calculateWeekScoreByUser
FN:55,(anonymous_17)
FN:57,(anonymous_18)
FN:62,(anonymous_19)
FN:70,toJson
FN:71,(anonymous_21)
FN:72,(anonymous_22)
FNF:23
FNH:20
FNDA:3,(anonymous_0)
FNDA:3,adopt
FNDA:3,(anonymous_2)
FNDA:3,(anonymous_3)
FNDA:3,fulfilled
FNDA:0,rejected
FNDA:5,step
FNDA:3,(anonymous_7)
FNDA:3,(anonymous_8)
FNDA:0,(anonymous_9)
FNDA:9,verb
FNDA:6,(anonymous_11)
FNDA:6,step
FNDA:2,getUserById
FNDA:2,(anonymous_14)
FNDA:4,(anonymous_15)
FNDA:1,calculateWeekScoreByUser
FNDA:1,(anonymous_17)
FNDA:2,(anonymous_18)
FNDA:6,(anonymous_19)
FNDA:6,toJson
FNDA:6,(anonymous_21)
FNDA:0,(anonymous_22)
DA:1,1
DA:2,3
DA:3,3
DA:4,3
DA:5,0
DA:6,5
DA:7,3
DA:10,1
DA:11,3
DA:12,3
DA:13,9
DA:15,6
DA:16,12
DA:17,12
DA:18,12
DA:19,12
DA:20,6
DA:21,3
DA:22,0
DA:23,0
DA:25,3
DA:26,0
DA:27,0
DA:28,0
DA:29,0
DA:30,0
DA:32,6
DA:33,12
DA:34,3
DA:40,2
DA:42,2
DA:43,4
DA:44,2
DA:46,2
DA:47,2
DA:48,1
DA:49,1
DA:55,1
DA:57,1
DA:58,2
DA:59,1
DA:61,1
DA:62,1
DA:63,6
DA:65,1
DA:71,6
DA:72,0
LF:47
LH:38
BRDA:1,0,0,1
BRDA:1,0,1,0
BRDA:1,0,2,1
BRDA:2,1,0,0
BRDA:2,1,1,3
BRDA:3,2,0,3
BRDA:3,2,1,3
BRDA:6,3,0,2
BRDA:6,3,1,3
BRDA:7,4,0,3
BRDA:7,4,1,3
BRDA:10,5,0,1
BRDA:10,5,1,0
BRDA:10,5,2,1
BRDA:11,6,0,0
BRDA:11,6,1,3
BRDA:12,7,0,3
BRDA:12,7,1,3
BRDA:15,8,0,0
BRDA:15,8,1,6
BRDA:16,9,0,15
BRDA:16,9,1,3
BRDA:16,10,0,3
BRDA:16,10,1,0
BRDA:17,11,0,0
BRDA:17,11,1,12
BRDA:17,12,0,12
BRDA:17,12,1,0
BRDA:17,12,2,0
BRDA:17,13,0,0
BRDA:17,13,1,0
BRDA:17,14,0,0
BRDA:17,14,1,0
BRDA:17,15,0,0
BRDA:17,15,1,0
BRDA:17,16,0,0
BRDA:17,16,1,0
BRDA:18,17,0,0
BRDA:18,17,1,12
BRDA:19,18,0,6
BRDA:19,18,1,6
BRDA:19,18,2,3
BRDA:19,18,3,0
BRDA:19,18,4,0
BRDA:19,18,5,3
BRDA:25,19,0,3
BRDA:25,19,1,0
BRDA:25,20,0,3
BRDA:25,20,1,3
BRDA:25,20,2,2
BRDA:25,21,0,3
BRDA:25,21,1,0
BRDA:26,22,0,0
BRDA:26,22,1,0
BRDA:26,23,0,0
BRDA:26,23,1,0
BRDA:26,23,2,0
BRDA:26,23,3,0
BRDA:27,24,0,0
BRDA:27,24,1,0
BRDA:27,25,0,0
BRDA:27,25,1,0
BRDA:28,26,0,0
BRDA:28,26,1,0
BRDA:28,27,0,0
BRDA:28,27,1,0
BRDA:29,28,0,0
BRDA:29,28,1,0
BRDA:34,29,0,1
BRDA:34,29,1,2
BRDA:34,30,0,2
BRDA:34,30,1,0
BRDA:43,31,0,2
BRDA:43,31,1,2
BRDA:47,32,0,1
BRDA:47,32,1,1
BRDA:58,33,0,1
BRDA:58,33,1,1
BRDA:71,34,0,0
BRDA:71,34,1,6
BRF:80
BRH:40
end_of_record
TN:
SF:dist/src/utils/errors.js
FN:1,conflictError
FN:7,notFound
FN:13,unprocessableEntity
FNF:3
FNH:2
FNDA:1,conflictError
FNDA:5,notFound
FNDA:0,unprocessableEntity
DA:2,1
DA:8,5
DA:14,0
LF:3
LH:2
BRF:0
BRH:0
end_of_record
TN:
SF:dist/src/utils/functionsUtils.js
FN:1,(anonymous_0)
FN:2,adopt
FN:2,(anonymous_2)
FN:3,(anonymous_3)
FN:4,fulfilled
FN:5,rejected
FN:6,step
FN:10,(anonymous_7)
FN:11,(anonymous_8)
FN:12,(anonymous_9)
FN:13,verb
FN:13,(anonymous_11)
FN:14,step
FN:41,encryptPassword
FN:42,(anonymous_14)
FN:43,(anonymous_15)
FN:49,validateTokenAndGetUser
FN:50,(anonymous_17)
FN:52,(anonymous_18)
FN:59,(anonymous_19)
FN:71,suffleArray
FN:72,(anonymous_21)
FN:77,updateHitsUser
FN:78,(anonymous_23)
FN:79,(anonymous_24)
FN:89,updateMistakesUser
FN:90,(anonymous_26)
FN:91,(anonymous_27)
FN:101,updateWeekScore
FN:102,(anonymous_29)
FN:104,(anonymous_30)
FNF:31
FNH:2
FNDA:0,(anonymous_0)
FNDA:0,adopt
FNDA:0,(anonymous_2)
FNDA:0,(anonymous_3)
FNDA:0,fulfilled
FNDA:0,rejected
FNDA:0,step
FNDA:0,(anonymous_7)
FNDA:0,(anonymous_8)
FNDA:0,(anonymous_9)
FNDA:0,verb
FNDA:0,(anonymous_11)
FNDA:0,step
FNDA:0,encryptPassword
FNDA:0,(anonymous_14)
FNDA:0,(anonymous_15)
FNDA:0,validateTokenAndGetUser
FNDA:0,(anonymous_17)
FNDA:0,(anonymous_18)
FNDA:0,(anonymous_19)
FNDA:31,suffleArray
FNDA:314,(anonymous_21)
FNDA:0,updateHitsUser
FNDA:0,(anonymous_23)
FNDA:0,(anonymous_24)
FNDA:0,updateMistakesUser
FNDA:0,(anonymous_26)
FNDA:0,(anonymous_27)
FNDA:0,updateWeekScore
FNDA:0,(anonymous_29)
FNDA:0,(anonymous_30)
DA:1,3
DA:2,0
DA:3,0
DA:4,0
DA:5,0
DA:6,0
DA:7,0
DA:10,3
DA:11,0
DA:12,0
DA:13,0
DA:15,0
DA:16,0
DA:17,0
DA:18,0
DA:19,0
DA:20,0
DA:21,0
DA:22,0
DA:23,0
DA:25,0
DA:26,0
DA:27,0
DA:28,0
DA:29,0
DA:30,0
DA:32,0
DA:33,0
DA:34,0
DA:42,0
DA:43,0
DA:44,0
DA:45,0
DA:50,0
DA:52,0
DA:53,0
DA:54,0
DA:58,0
DA:59,0
DA:60,0
DA:61,0
DA:65,0
DA:67,0
DA:72,31
DA:73,314
DA:75,31
DA:78,0
DA:79,0
DA:80,0
DA:81,0
DA:83,0
DA:84,0
DA:90,0
DA:91,0
DA:92,0
DA:93,0
DA:95,0
DA:96,0
DA:102,0
DA:104,0
DA:105,0
DA:107,0
DA:108,0
DA:110,0
DA:111,0
LF:65
LH:5
BRDA:1,0,0,3
BRDA:1,0,1,0
BRDA:1,0,2,3
BRDA:2,1,0,0
BRDA:2,1,1,0
BRDA:3,2,0,0
BRDA:3,2,1,0
BRDA:6,3,0,0
BRDA:6,3,1,0
BRDA:7,4,0,0
BRDA:7,4,1,0
BRDA:10,5,0,3
BRDA:10,5,1,0
BRDA:10,5,2,3
BRDA:11,6,0,0
BRDA:11,6,1,0
BRDA:12,7,0,0
BRDA:12,7,1,0
BRDA:15,8,0,0
BRDA:15,8,1,0
BRDA:16,9,0,0
BRDA:16,9,1,0
BRDA:16,10,0,0
BRDA:16,10,1,0
BRDA:17,11,0,0
BRDA:17,11,1,0
BRDA:17,12,0,0
BRDA:17,12,1,0
BRDA:17,12,2,0
BRDA:17,13,0,0
BRDA:17,13,1,0
BRDA:17,14,0,0
BRDA:17,14,1,0
BRDA:17,15,0,0
BRDA:17,15,1,0
BRDA:17,16,0,0
BRDA:17,16,1,0
BRDA:18,17,0,0
BRDA:18,17,1,0
BRDA:19,18,0,0
BRDA:19,18,1,0
BRDA:19,18,2,0
BRDA:19,18,3,0
BRDA:19,18,4,0
BRDA:19,18,5,0
BRDA:25,19,0,0
BRDA:25,19,1,0
BRDA:25,20,0,0
BRDA:25,20,1,0
BRDA:25,20,2,0
BRDA:25,21,0,0
BRDA:25,21,1,0
BRDA:26,22,0,0
BRDA:26,22,1,0
BRDA:26,23,0,0
BRDA:26,23,1,0
BRDA:26,23,2,0
BRDA:26,23,3,0
BRDA:27,24,0,0
BRDA:27,24,1,0
BRDA:27,25,0,0
BRDA:27,25,1,0
BRDA:28,26,0,0
BRDA:28,26,1,0
BRDA:28,27,0,0
BRDA:28,27,1,0
BRDA:29,28,0,0
BRDA:29,28,1,0
BRDA:34,29,0,0
BRDA:34,29,1,0
BRDA:34,30,0,0
BRDA:34,30,1,0
BRDA:53,31,0,0
BRDA:53,31,1,0
BRDA:60,32,0,0
BRDA:60,32,1,0
BRDA:80,33,0,0
BRDA:80,33,1,0
BRDA:92,34,0,0
BRDA:92,34,1,0
BRDA:105,35,0,0
BRDA:105,35,1,0
BRF:82
BRH:4
end_of_record
TN:
SF:dist/testes/factories/dataFactory.js
FN:1,(anonymous_0)
FN:2,adopt
FN:2,(anonymous_2)
FN:3,(anonymous_3)
FN:4,fulfilled
FN:5,rejected
FN:6,step
FN:10,(anonymous_7)
FN:11,(anonymous_8)
FN:12,(anonymous_9)
FN:13,verb
FN:13,(anonymous_11)
FN:14,step
FN:40,createValidSignUpData
FN:49,createInvalidSignUpData
FN:52,createValidToken
FN:53,(anonymous_16)
FN:55,(anonymous_17)
FN:74,createInvalidToken
FN:77,createLevel
FN:81,createValidateCapitalData
FN:82,(anonymous_21)
FN:84,(anonymous_22)
FN:95,createValidateflagData
FN:96,(anonymous_24)
FN:98,(anonymous_25)
FN:111,createValidateTerritoryData
FN:112,(anonymous_27)
FN:114,(anonymous_28)
FN:124,createFakeEmail
FN:127,createUserData
FN:135,createPassword
FN:138,createFakeId
FN:141,createFakeCapitalQuiz
FN:154,createFakeFlagQuiz
FN:163,createFakeTerritory
FN:173,createFakeWeekScore
FNF:37
FNH:9
FNDA:0,(anonymous_0)
FNDA:0,adopt
FNDA:0,(anonymous_2)
FNDA:0,(anonymous_3)
FNDA:0,fulfilled
FNDA:0,rejected
FNDA:0,step
FNDA:0,(anonymous_7)
FNDA:0,(anonymous_8)
FNDA:0,(anonymous_9)
FNDA:0,verb
FNDA:0,(anonymous_11)
FNDA:0,step
FNDA:0,createValidSignUpData
FNDA:0,createInvalidSignUpData
FNDA:0,createValidToken
FNDA:0,(anonymous_16)
FNDA:0,(anonymous_17)
FNDA:0,createInvalidToken
FNDA:3,createLevel
FNDA:0,createValidateCapitalData
FNDA:0,(anonymous_21)
FNDA:0,(anonymous_22)
FNDA:0,createValidateflagData
FNDA:0,(anonymous_24)
FNDA:0,(anonymous_25)
FNDA:0,createValidateTerritoryData
FNDA:0,(anonymous_27)
FNDA:0,(anonymous_28)
FNDA:4,createFakeEmail
FNDA:1,createUserData
FNDA:4,createPassword
FNDA:10,createFakeId
FNDA:2,createFakeCapitalQuiz
FNDA:2,createFakeFlagQuiz
FNDA:3,createFakeTerritory
FNDA:1,createFakeWeekScore
DA:1,5
DA:2,0
DA:3,0
DA:4,0
DA:5,0
DA:6,0
DA:7,0
DA:10,5
DA:11,0
DA:12,0
DA:13,0
DA:15,0
DA:16,0
DA:17,0
DA:18,0
DA:19,0
DA:20,0
DA:21,0
DA:22,0
DA:23,0
DA:25,0
DA:26,0
DA:27,0
DA:28,0
DA:29,0
DA:30,0
DA:32,0
DA:33,0
DA:34,0
DA:41,0
DA:42,0
DA:50,0
DA:53,0
DA:55,0
DA:56,0
DA:58,0
DA:59,0
DA:68,0
DA:69,0
DA:75,0
DA:78,3
DA:79,3
DA:82,0
DA:84,0
DA:85,0
DA:86,0
DA:88,0
DA:89,0
DA:90,0
DA:96,0
DA:98,0
DA:99,0
DA:100,0
DA:102,0
DA:103,0
DA:105,0
DA:106,0
DA:112,0
DA:114,0
DA:115,0
DA:116,0
DA:118,0
DA:119,0
DA:125,4
DA:128,1
DA:136,4
DA:139,10
DA:142,2
DA:155,2
DA:164,3
DA:174,1
LF:71
LH:12
BRDA:1,0,0,5
BRDA:1,0,1,0
BRDA:1,0,2,5
BRDA:2,1,0,0
BRDA:2,1,1,0
BRDA:3,2,0,0
BRDA:3,2,1,0
BRDA:6,3,0,0
BRDA:6,3,1,0
BRDA:7,4,0,0
BRDA:7,4,1,0
BRDA:10,5,0,5
BRDA:10,5,1,0
BRDA:10,5,2,5
BRDA:11,6,0,0
BRDA:11,6,1,0
BRDA:12,7,0,0
BRDA:12,7,1,0
BRDA:15,8,0,0
BRDA:15,8,1,0
BRDA:16,9,0,0
BRDA:16,9,1,0
BRDA:16,10,0,0
BRDA:16,10,1,0
BRDA:17,11,0,0
BRDA:17,11,1,0
BRDA:17,12,0,0
BRDA:17,12,1,0
BRDA:17,12,2,0
BRDA:17,13,0,0
BRDA:17,13,1,0
BRDA:17,14,0,0
BRDA:17,14,1,0
BRDA:17,15,0,0
BRDA:17,15,1,0
BRDA:17,16,0,0
BRDA:17,16,1,0
BRDA:18,17,0,0
BRDA:18,17,1,0
BRDA:19,18,0,0
BRDA:19,18,1,0
BRDA:19,18,2,0
BRDA:19,18,3,0
BRDA:19,18,4,0
BRDA:19,18,5,0
BRDA:25,19,0,0
BRDA:25,19,1,0
BRDA:25,20,0,0
BRDA:25,20,1,0
BRDA:25,20,2,0
BRDA:25,21,0,0
BRDA:25,21,1,0
BRDA:26,22,0,0
BRDA:26,22,1,0
BRDA:26,23,0,0
BRDA:26,23,1,0
BRDA:26,23,2,0
BRDA:26,23,3,0
BRDA:27,24,0,0
BRDA:27,24,1,0
BRDA:27,25,0,0
BRDA:27,25,1,0
BRDA:28,26,0,0
BRDA:28,26,1,0
BRDA:28,27,0,0
BRDA:28,27,1,0
BRDA:29,28,0,0
BRDA:29,28,1,0
BRDA:34,29,0,0
BRDA:34,29,1,0
BRDA:34,30,0,0
BRDA:34,30,1,0
BRDA:56,31,0,0
BRDA:56,31,1,0
BRDA:85,32,0,0
BRDA:85,32,1,0
BRDA:99,33,0,0
BRDA:99,33,1,0
BRDA:99,33,2,0
BRDA:115,34,0,0
BRDA:115,34,1,0
BRF:81
BRH:4
end_of_record
TN:
SF:dist/testes/factories/mockFactory.js
FN:1,returnNull
FN:4,returnTrue
FN:7,returnAnyError
FN:13,returnFakeCapitalQuiz
FN:109,returnFakeFlagsQuiz
FN:163,returnFakeTerritoryQuiz
FNF:6
FNH:5
FNDA:8,returnNull
FNDA:9,returnTrue
FNDA:0,returnAnyError
FNDA:2,returnFakeCapitalQuiz
FNDA:2,returnFakeFlagsQuiz
FNDA:2,returnFakeTerritoryQuiz
DA:2,8
DA:5,9
DA:8,0
DA:14,2
DA:110,2
DA:164,2
LF:6
LH:5
BRF:0
BRH:0
end_of_record
TN:
SF:src/config/database.ts
FNF:0
FNH:0
DA:3,5
DA:4,5
LF:2
LH:2
BRF:0
BRH:0
end_of_record
TN:
SF:src/repositories/capitalsRepositories.ts
FN:4,getAllcapitals
FN:23,getQuizById
FNF:2
FNH:0
FNDA:0,getAllcapitals
FNDA:0,getQuizById
DA:5,0
DA:24,0
LF:2
LH:0
BRF:0
BRH:0
end_of_record
TN:
SF:src/repositories/flagsRepository.ts
FN:3,getAllFlags
FN:18,getFlagById
FNF:2
FNH:0
FNDA:0,getAllFlags
FNDA:0,getFlagById
DA:4,0
DA:19,0
LF:2
LH:0
BRF:0
BRH:0
end_of_record
TN:
SF:src/repositories/territoriesRepository.ts
FN:3,getAllTerritories
FN:20,getQuizById
FNF:2
FNH:0
FNDA:0,getAllTerritories
FNDA:0,getQuizById
DA:4,0
DA:17,0
DA:21,0
LF:3
LH:0
BRF:0
BRH:0
end_of_record
TN:
SF:src/repositories/userRepository.ts
FN:4,findUserByEmail
FN:10,getUserById
FN:22,registerNewUser
FN:28,updateHitsByUser
FN:35,updateMistakesByUser
FN:42,createGameScore
FN:51,getHistoryGames
FN:60,getUsersList
FNF:8
FNH:0
FNDA:0,findUserByEmail
FNDA:0,getUserById
FNDA:0,registerNewUser
FNDA:0,updateHitsByUser
FNDA:0,updateMistakesByUser
FNDA:0,createGameScore
FNDA:0,getHistoryGames
FNDA:0,getUsersList
DA:5,0
DA:11,0
DA:23,0
DA:29,0
DA:36,0
DA:43,0
DA:52,0
DA:61,0
LF:8
LH:0
BRF:0
BRH:0
end_of_record
TN:
SF:src/services/authServices.ts
FN:10,isEmailAlreadyinUse
FN:15,verifyAndGetIfUserExists
FN:21,registerNewUser
FN:25,verifyPasswordIsCorrect
FN:30,generateToken
FN:36,buildEmail
FNF:6
FNH:5
FNDA:2,isEmailAlreadyinUse
FNDA:2,verifyAndGetIfUserExists
FNDA:1,registerNewUser
FNDA:2,verifyPasswordIsCorrect
FNDA:1,generateToken
FNDA:0,buildEmail
DA:11,2
DA:12,2
DA:16,2
DA:17,2
DA:18,1
DA:22,1
DA:26,2
DA:27,2
DA:31,1
DA:32,1
DA:33,1
DA:37,0
DA:38,0
DA:39,0
DA:40,0
DA:41,0
DA:42,0
DA:48,0
DA:51,0
LF:19
LH:11
BRDA:12,0,0,1
BRDA:17,1,0,1
BRDA:27,2,0,0
BRF:3
BRH:2
end_of_record
TN:
SF:src/services/capitalsServices.ts
FN:6,getAndSuffleCapitals
FN:12,suffleOptions
FN:13,(anonymous_10)
FN:27,verifyAndGetQuizById
FN:33,validateAnswer
FNF:5
FNH:5
FNDA:1,getAndSuffleCapitals
FNDA:1,suffleOptions
FNDA:1,(anonymous_10)
FNDA:2,verifyAndGetQuizById
FNDA:2,validateAnswer
DA:7,1
DA:8,1
DA:9,1
DA:13,1
DA:14,1
DA:15,1
DA:16,1
DA:17,1
DA:18,1
DA:19,1
DA:20,1
DA:21,1
DA:22,1
DA:24,1
DA:28,2
DA:29,2
DA:30,1
DA:34,2
DA:35,1
DA:37,1
LF:20
LH:20
BRDA:29,0,0,1
BRDA:34,1,0,1
BRDA:34,1,1,1
BRF:3
BRH:3
end_of_record
TN:
SF:src/services/flagsServices.ts
FN:6,getAndSuffleFlags
FN:12,assembleObject
FN:32,verifyAndGetQuizById
FN:38,validateAnswer
FNF:4
FNH:4
FNDA:1,getAndSuffleFlags
FNDA:1,assembleObject
FNDA:2,verifyAndGetQuizById
FNDA:2,validateAnswer
DA:7,1
DA:8,1
DA:9,1
DA:13,1
DA:14,1
DA:15,10
DA:16,10
DA:17,100
DA:18,90
DA:21,10
DA:22,10
DA:27,10
DA:29,1
DA:33,2
DA:34,2
DA:35,1
DA:39,2
DA:40,1
DA:42,1
LF:19
LH:19
BRDA:17,0,0,90
BRDA:34,1,0,1
BRDA:39,2,0,1
BRDA:39,2,1,1
BRF:4
BRH:4
end_of_record
TN:
SF:src/services/territoriesServices.ts
FN:6,getAndSuffleTerritories
FN:9,(anonymous_9)
FN:15,assembleTerritories
FN:20,verifyAndGetQuizById
FN:26,validateAnswer
FNF:5
FNH:5
FNDA:1,getAndSuffleTerritories
FNDA:10,(anonymous_9)
FNDA:11,assembleTerritories
FNDA:2,verifyAndGetQuizById
FNDA:2,validateAnswer
DA:7,1
DA:8,1
DA:9,1
DA:10,10
DA:12,1
DA:16,11
DA:17,11
DA:21,2
DA:22,2
DA:23,1
DA:27,2
DA:28,1
DA:30,1
LF:13
LH:13
BRDA:22,0,0,1
BRDA:27,1,0,1
BRDA:27,1,1,1
BRF:3
BRH:3
end_of_record
TN:
SF:src/services/usersService.ts
FN:4,getUserById
FN:10,calculateWeekScoreByUser
FN:12,(anonymous_11)
FN:18,toJson
FN:19,(anonymous_13)
FN:20,(anonymous_14)
FNF:6
FNH:5
FNDA:2,getUserById
FNDA:1,calculateWeekScoreByUser
FNDA:6,(anonymous_11)
FNDA:6,toJson
FNDA:6,(anonymous_13)
FNDA:0,(anonymous_14)
DA:5,2
DA:6,2
DA:7,1
DA:11,1
DA:12,1
DA:13,6
DA:15,1
DA:19,6
DA:20,0
LF:9
LH:8
BRDA:6,0,0,1
BRDA:19,1,0,0
BRDA:19,1,1,6
BRF:3
BRH:2
end_of_record
TN:
SF:src/utils/errors.ts
FN:1,conflictError
FN:8,notFound
FN:15,unprocessableEntity
FNF:3
FNH:2
FNDA:1,conflictError
FNDA:5,notFound
FNDA:0,unprocessableEntity
DA:2,1
DA:9,5
DA:16,0
LF:3
LH:2
BRF:0
BRH:0
end_of_record
TN:
SF:src/utils/functionsUtils.ts
FN:6,encryptPassword
FN:11,validateTokenAndGetUser
FN:18,(anonymous_11)
FN:28,suffleArray
FN:29,(anonymous_13)
FN:35,updateHitsUser
FN:39,updateMistakesUser
FN:43,updateWeekScore
FNF:8
FNH:2
FNDA:0,encryptPassword
FNDA:0,validateTokenAndGetUser
FNDA:0,(anonymous_11)
FNDA:31,suffleArray
FNDA:331,(anonymous_13)
FNDA:0,updateHitsUser
FNDA:0,updateMistakesUser
FNDA:0,updateWeekScore
DA:7,0
DA:8,0
DA:12,0
DA:17,0
DA:18,0
DA:19,0
DA:23,0
DA:25,0
DA:29,31
DA:30,331
DA:32,31
DA:36,0
DA:40,0
DA:44,0
DA:45,0
LF:15
LH:3
BRDA:12,0,0,0
BRDA:19,1,0,0
BRF:2
BRH:0
end_of_record
TN:
SF:testes/factories/dataFactory.ts
FN:6,createValidSignUpData
FN:16,createInvalidSignUpData
FN:20,createValidToken
FN:33,createInvalidToken
FN:37,createLevel
FN:42,createValidateCapitalData
FN:48,createValidateflagData
FN:54,createValidateTerritoryData
FN:59,createFakeEmail
FN:63,createUserData
FN:72,createPassword
FN:76,createFakeId
FN:80,createFakeCapitalQuiz
FN:94,createFakeFlagQuiz
FN:104,createFakeTerritory
FN:115,createFakeWeekScore
FNF:16
FNH:9
FNDA:0,createValidSignUpData
FNDA:0,createInvalidSignUpData
FNDA:0,createValidToken
FNDA:0,createInvalidToken
FNDA:3,createLevel
FNDA:0,createValidateCapitalData
FNDA:0,createValidateflagData
FNDA:0,createValidateTerritoryData
FNDA:4,createFakeEmail
FNDA:1,createUserData
FNDA:4,createPassword
FNDA:10,createFakeId
FNDA:2,createFakeCapitalQuiz
FNDA:2,createFakeFlagQuiz
FNDA:3,createFakeTerritory
FNDA:1,createFakeWeekScore
DA:7,0
DA:8,0
DA:17,0
DA:21,0
DA:22,0
DA:30,0
DA:34,0
DA:38,3
DA:39,3
DA:43,0
DA:44,0
DA:45,0
DA:49,0
DA:50,0
DA:51,0
DA:55,0
DA:56,0
DA:60,4
DA:64,1
DA:73,4
DA:77,10
DA:81,2
DA:95,2
DA:105,3
DA:116,1
LF:25
LH:10
BRF:0
BRH:0
end_of_record
TN:
SF:testes/factories/mockFactory.ts
FN:3,returnNull
FN:7,returnTrue
FN:11,returnAnyError
FN:18,returnFakeCapitalQuiz
FN:114,returnFakeFlagsQuiz
FN:169,returnFakeTerritoryQuiz
FNF:6
FNH:5
FNDA:8,returnNull
FNDA:9,returnTrue
FNDA:0,returnAnyError
FNDA:2,returnFakeCapitalQuiz
FNDA:2,returnFakeFlagsQuiz
FNDA:2,returnFakeTerritoryQuiz
DA:4,8
DA:8,9
DA:12,0
DA:19,2
DA:115,2
DA:170,2
LF:6
LH:5
BRF:0
BRH:0
end_of_record
